2020-03-16 11:03:18,811 [main] INFO   LoginTestRunner(25) - Browser :: chrome
2020-03-16 11:03:18,822 [main] INFO   LoginTestRunner(26) - Environment :: YCOM_L1
2020-03-16 11:03:19,454 [main] TRACE  i.g.bonigarcia.wdm.WebDriverManager(634) - Using preferences true
2020-03-16 11:03:19,456 [main] DEBUG  i.github.bonigarcia.wdm.Preferences(118) - Preference chrome=80 (valid until 2020-03-17 10:35:32)
2020-03-16 11:03:19,457 [main] TRACE  i.g.bonigarcia.wdm.WebDriverManager(601) - Detected Google Chrome version 80
2020-03-16 11:03:19,459 [main] TRACE  i.g.bonigarcia.wdm.WebDriverManager(634) - Using preferences true
2020-03-16 11:03:19,463 [main] DEBUG  i.github.bonigarcia.wdm.Preferences(118) - Preference chrome80=80.0.3987.106 (valid until 2020-03-17 10:35:32)
2020-03-16 11:03:19,464 [main] INFO   i.g.bonigarcia.wdm.WebDriverManager(615) - Using chromedriver 80.0.3987.106 (since Google Chrome 80 is installed in your machine)
2020-03-16 11:03:19,464 [main] TRACE  i.g.bonigarcia.wdm.WebDriverManager(536) - Managing chromedriver arch=64 version=80.0.3987.106 getLatest=false cache=false
2020-03-16 11:03:19,464 [main] TRACE  i.g.bonigarcia.wdm.WebDriverManager(868) - Checking if chromedriver exists in cache
2020-03-16 11:03:19,465 [main] TRACE  io.github.bonigarcia.wdm.Downloader(116) - Target path C:\Users\kongara.sravan/.m2/repository/webdriver
2020-03-16 11:03:19,478 [main] TRACE  i.g.bonigarcia.wdm.WebDriverManager(920) - Filter cache by chromedriver -- input list [C:\Users\kongara.sravan\.m2\repository\webdriver\chromedriver\win32\78.0.3904.105\chromedriver.exe, C:\Users\kongara.sravan\.m2\repository\webdriver\chromedriver\win32\78.0.3904.11\chromedriver.exe, C:\Users\kongara.sravan\.m2\repository\webdriver\chromedriver\win32\78.0.3904.70\chromedriver.exe, C:\Users\kongara.sravan\.m2\repository\webdriver\chromedriver\win32\79.0.3945.36\chromedriver.exe, C:\Users\kongara.sravan\.m2\repository\webdriver\chromedriver\win32\80.0.3987.106\chromedriver.exe, C:\Users\kongara.sravan\.m2\repository\webdriver\chromedriver\win32\80.0.3987.16\chromedriver.exe, C:\Users\kongara.sravan\.m2\repository\webdriver\geckodriver\win64\0.26.0\geckodriver.exe] -- output list [C:\Users\kongara.sravan\.m2\repository\webdriver\chromedriver\win32\78.0.3904.105\chromedriver.exe, C:\Users\kongara.sravan\.m2\repository\webdriver\chromedriver\win32\78.0.3904.11\chromedriver.exe, C:\Users\kongara.sravan\.m2\repository\webdriver\chromedriver\win32\78.0.3904.70\chromedriver.exe, C:\Users\kongara.sravan\.m2\repository\webdriver\chromedriver\win32\79.0.3945.36\chromedriver.exe, C:\Users\kongara.sravan\.m2\repository\webdriver\chromedriver\win32\80.0.3987.106\chromedriver.exe, C:\Users\kongara.sravan\.m2\repository\webdriver\chromedriver\win32\80.0.3987.16\chromedriver.exe] 
2020-03-16 11:03:19,479 [main] TRACE  i.g.bonigarcia.wdm.WebDriverManager(920) - Filter cache by 80.0.3987.106 -- input list [C:\Users\kongara.sravan\.m2\repository\webdriver\chromedriver\win32\78.0.3904.105\chromedriver.exe, C:\Users\kongara.sravan\.m2\repository\webdriver\chromedriver\win32\78.0.3904.11\chromedriver.exe, C:\Users\kongara.sravan\.m2\repository\webdriver\chromedriver\win32\78.0.3904.70\chromedriver.exe, C:\Users\kongara.sravan\.m2\repository\webdriver\chromedriver\win32\79.0.3945.36\chromedriver.exe, C:\Users\kongara.sravan\.m2\repository\webdriver\chromedriver\win32\80.0.3987.106\chromedriver.exe, C:\Users\kongara.sravan\.m2\repository\webdriver\chromedriver\win32\80.0.3987.16\chromedriver.exe] -- output list [C:\Users\kongara.sravan\.m2\repository\webdriver\chromedriver\win32\80.0.3987.106\chromedriver.exe] 
2020-03-16 11:03:19,479 [main] TRACE  i.g.bonigarcia.wdm.WebDriverManager(920) - Filter cache by WIN -- input list [C:\Users\kongara.sravan\.m2\repository\webdriver\chromedriver\win32\80.0.3987.106\chromedriver.exe] -- output list [C:\Users\kongara.sravan\.m2\repository\webdriver\chromedriver\win32\80.0.3987.106\chromedriver.exe] 
2020-03-16 11:03:19,480 [main] TRACE  i.g.bonigarcia.wdm.WebDriverManager(634) - Using preferences true
2020-03-16 11:03:19,481 [main] TRACE  i.g.bonigarcia.wdm.WebDriverManager(634) - Using preferences true
2020-03-16 11:03:19,482 [main] DEBUG  i.g.bonigarcia.wdm.WebDriverManager(564) - Driver chromedriver 80.0.3987.106 found in cache
2020-03-16 11:03:19,482 [main] INFO   i.g.bonigarcia.wdm.WebDriverManager(1113) - Exporting webdriver.chrome.driver as C:\Users\kongara.sravan\.m2\repository\webdriver\chromedriver\win32\80.0.3987.106\chromedriver.exe
2020-03-16 11:03:23,554 [main] INFO   com.yodlee.core.base.CoreBasePage(31) - **********************************************
2020-03-16 11:03:23,555 [main] INFO   com.yodlee.core.base.CoreBasePage(32) - Scenario :: 'To login to wellness regular environment' has started
2020-03-16 11:03:24,520 [main] INFO   com.yodlee.core.base.CoreBasePage(85) - Logical name : LoginPage.Username ---- Value Entered: wr6
2020-03-16 11:03:24,716 [main] INFO   com.yodlee.core.base.CoreBasePage(85) - Logical name : LoginPage.Password ---- Value Entered: Yodlee@123
2020-03-16 11:03:24,862 [main] INFO   com.yodlee.core.base.CoreBasePage(85) - Logical name : LoginPage.FinApp ---- Value Entered: 10003700
2020-03-16 11:03:27,003 [main] INFO   com.yodlee.core.base.CoreBasePage(95) - ---clicked LoginPage.Login
2020-03-16 11:03:27,267 [main] INFO   com.yodlee.core.base.CoreBasePage(31) - **********************************************
2020-03-16 11:03:27,267 [main] INFO   com.yodlee.core.base.CoreBasePage(32) - Scenario :: 'Add an aggregated account in application' has started
2020-03-16 11:03:32,432 [main] INFO   com.yodlee.core.base.CoreBasePage(1437) - Clicking on element [By.cssSelector: #link-account-button-persist]
2020-03-16 11:03:32,457 [main] INFO   com.yodlee.core.base.CoreBasePage(642) - Scrolling element to middle...
2020-03-16 11:03:32,721 [main] INFO   com.yodlee.core.base.CoreBasePage(1437) - Clicking on element [By.id: siteSearch]
2020-03-16 11:03:32,736 [main] INFO   com.yodlee.core.base.CoreBasePage(1316) - Waiting for element to be present in DOM 0 seconds element:: By.id: siteSearch
2020-03-16 11:03:33,760 [main] INFO   com.yodlee.core.base.CoreBasePage(642) - Scrolling element to middle...
2020-03-16 11:03:34,025 [main] INFO   com.yodlee.core.base.CoreBasePage(1476) - succesfully sent the keys:: "Dag Site" to the input box of element:: By.id: siteSearch
2020-03-16 11:03:34,044 [main] INFO   com.yodlee.core.base.CoreBasePage(1316) - Waiting for element to be present in DOM 0 seconds element:: By.cssSelector: .siteName
2020-03-16 11:03:35,067 [main] INFO   com.yodlee.core.base.CoreBasePage(642) - Scrolling element to middle...
2020-03-16 11:03:35,410 [main] INFO   com.yodlee.core.base.CoreBasePage(1437) - Clicking on element [By.xpath: //input[@name="LOGIN" or @aria-label="Username"]]
2020-03-16 11:03:35,427 [main] INFO   com.yodlee.core.base.CoreBasePage(1316) - Waiting for element to be present in DOM 0 seconds element:: By.xpath: //input[@name="LOGIN" or @aria-label="Username"]
2020-03-16 11:03:36,453 [main] INFO   com.yodlee.core.base.CoreBasePage(642) - Scrolling element to middle...
2020-03-16 11:03:36,741 [main] INFO   com.yodlee.core.base.CoreBasePage(1476) - succesfully sent the keys:: "budget.site16441.1" to the input box of element:: By.xpath: //input[@name="LOGIN" or @aria-label="Username"]
2020-03-16 11:03:36,743 [main] INFO   com.yodlee.core.base.CoreBasePage(1437) - Clicking on element [By.xpath: //input[@name='PASSWORD' or @aria-label='Password']]
2020-03-16 11:03:36,777 [main] INFO   com.yodlee.core.base.CoreBasePage(642) - Scrolling element to middle...
2020-03-16 11:03:37,053 [main] INFO   com.yodlee.core.base.CoreBasePage(1476) - succesfully sent the keys:: "site16441.1" to the input box of element:: By.xpath: //input[@name='PASSWORD' or @aria-label='Password']
2020-03-16 11:03:37,055 [main] INFO   com.yodlee.core.base.CoreBasePage(1437) - Clicking on element [By.xpath: //input[@name='Re-enter_PASSWORD' or @aria-label='Re-enter Password']]
2020-03-16 11:03:37,103 [main] INFO   com.yodlee.core.base.CoreBasePage(642) - Scrolling element to middle...
2020-03-16 11:03:37,585 [main] INFO   com.yodlee.core.base.CoreBasePage(1476) - succesfully sent the keys:: "site16441.1" to the input box of element:: By.xpath: //input[@name='Re-enter_PASSWORD' or @aria-label='Re-enter Password']
2020-03-16 11:03:37,587 [main] INFO   com.yodlee.core.base.CoreBasePage(1437) - Clicking on element [By.xpath: //*[contains(@class,'submit-button') and not(@aria-disabled='true')]]
2020-03-16 11:03:37,631 [main] INFO   com.yodlee.core.base.CoreBasePage(642) - Scrolling element to middle...
2020-03-16 11:03:37,921 [main] INFO   com.yodlee.core.base.CoreBasePage(1316) - Waiting for element to be present in DOM 0 seconds element:: By.xpath: //div[@role='alert' and contains(.,'Congratulations! Your accounts have been linked')]
2020-03-16 11:03:38,934 [main] INFO   com.yodlee.core.base.CoreBasePage(1316) - Waiting for element to be present in DOM 1 seconds element:: By.xpath: //div[@role='alert' and contains(.,'Congratulations! Your accounts have been linked')]
2020-03-16 11:03:39,946 [main] INFO   com.yodlee.core.base.CoreBasePage(1316) - Waiting for element to be present in DOM 2 seconds element:: By.xpath: //div[@role='alert' and contains(.,'Congratulations! Your accounts have been linked')]
2020-03-16 11:03:40,958 [main] INFO   com.yodlee.core.base.CoreBasePage(1316) - Waiting for element to be present in DOM 3 seconds element:: By.xpath: //div[@role='alert' and contains(.,'Congratulations! Your accounts have been linked')]
2020-03-16 11:03:41,969 [main] INFO   com.yodlee.core.base.CoreBasePage(1316) - Waiting for element to be present in DOM 4 seconds element:: By.xpath: //div[@role='alert' and contains(.,'Congratulations! Your accounts have been linked')]
2020-03-16 11:03:42,980 [main] INFO   com.yodlee.core.base.CoreBasePage(1316) - Waiting for element to be present in DOM 5 seconds element:: By.xpath: //div[@role='alert' and contains(.,'Congratulations! Your accounts have been linked')]
2020-03-16 11:03:43,991 [main] INFO   com.yodlee.core.base.CoreBasePage(1316) - Waiting for element to be present in DOM 6 seconds element:: By.xpath: //div[@role='alert' and contains(.,'Congratulations! Your accounts have been linked')]
2020-03-16 11:03:45,004 [main] INFO   com.yodlee.core.base.CoreBasePage(1316) - Waiting for element to be present in DOM 7 seconds element:: By.xpath: //div[@role='alert' and contains(.,'Congratulations! Your accounts have been linked')]
2020-03-16 11:03:46,019 [main] INFO   com.yodlee.core.base.CoreBasePage(1316) - Waiting for element to be present in DOM 8 seconds element:: By.xpath: //div[@role='alert' and contains(.,'Congratulations! Your accounts have been linked')]
2020-03-16 11:03:47,030 [main] INFO   com.yodlee.core.base.CoreBasePage(1316) - Waiting for element to be present in DOM 9 seconds element:: By.xpath: //div[@role='alert' and contains(.,'Congratulations! Your accounts have been linked')]
2020-03-16 11:03:48,047 [main] INFO   com.yodlee.core.base.CoreBasePage(1316) - Waiting for element to be present in DOM 10 seconds element:: By.xpath: //div[@role='alert' and contains(.,'Congratulations! Your accounts have been linked')]
2020-03-16 11:03:49,060 [main] INFO   com.yodlee.core.base.CoreBasePage(1316) - Waiting for element to be present in DOM 11 seconds element:: By.xpath: //div[@role='alert' and contains(.,'Congratulations! Your accounts have been linked')]
2020-03-16 11:03:50,072 [main] INFO   com.yodlee.core.base.CoreBasePage(1316) - Waiting for element to be present in DOM 12 seconds element:: By.xpath: //div[@role='alert' and contains(.,'Congratulations! Your accounts have been linked')]
2020-03-16 11:03:51,084 [main] INFO   com.yodlee.core.base.CoreBasePage(1316) - Waiting for element to be present in DOM 13 seconds element:: By.xpath: //div[@role='alert' and contains(.,'Congratulations! Your accounts have been linked')]
2020-03-16 11:03:52,096 [main] INFO   com.yodlee.core.base.CoreBasePage(1316) - Waiting for element to be present in DOM 14 seconds element:: By.xpath: //div[@role='alert' and contains(.,'Congratulations! Your accounts have been linked')]
2020-03-16 11:03:53,108 [main] INFO   com.yodlee.core.base.CoreBasePage(1316) - Waiting for element to be present in DOM 15 seconds element:: By.xpath: //div[@role='alert' and contains(.,'Congratulations! Your accounts have been linked')]
2020-03-16 11:03:54,119 [main] INFO   com.yodlee.core.base.CoreBasePage(1316) - Waiting for element to be present in DOM 16 seconds element:: By.xpath: //div[@role='alert' and contains(.,'Congratulations! Your accounts have been linked')]
2020-03-16 11:03:55,132 [main] INFO   com.yodlee.core.base.CoreBasePage(1316) - Waiting for element to be present in DOM 17 seconds element:: By.xpath: //div[@role='alert' and contains(.,'Congratulations! Your accounts have been linked')]
2020-03-16 11:03:56,144 [main] INFO   com.yodlee.core.base.CoreBasePage(1316) - Waiting for element to be present in DOM 18 seconds element:: By.xpath: //div[@role='alert' and contains(.,'Congratulations! Your accounts have been linked')]
2020-03-16 11:03:57,157 [main] INFO   com.yodlee.core.base.CoreBasePage(1316) - Waiting for element to be present in DOM 19 seconds element:: By.xpath: //div[@role='alert' and contains(.,'Congratulations! Your accounts have been linked')]
2020-03-16 11:03:58,168 [main] INFO   com.yodlee.core.base.CoreBasePage(1316) - Waiting for element to be present in DOM 20 seconds element:: By.xpath: //div[@role='alert' and contains(.,'Congratulations! Your accounts have been linked')]
2020-03-16 11:03:59,179 [main] INFO   com.yodlee.core.base.CoreBasePage(1316) - Waiting for element to be present in DOM 21 seconds element:: By.xpath: //div[@role='alert' and contains(.,'Congratulations! Your accounts have been linked')]
2020-03-16 11:04:00,206 [main] INFO   com.yodlee.core.base.CoreBasePage(642) - Scrolling element to middle...
2020-03-16 11:04:00,439 [main] INFO   com.yodlee.core.base.CoreBasePage(31) - **********************************************
2020-03-16 11:04:00,439 [main] INFO   com.yodlee.core.base.CoreBasePage(32) - Scenario :: 'Verify Dashboard' has started
2020-03-16 11:04:01,588 [main] INFO   com.yodlee.core.base.CoreBasePage(70) - Logical name : DashboardPage.header ---- Expected Value : Dashboard ---- Actual Value : Dashboard
2020-03-16 11:04:02,483 [main] INFO   com.yodlee.core.base.CoreBasePage(70) - Logical name : DashboardPage.AmountLeftToSpend ---- Expected Value : $65,509 .56 ---- Actual Value : $65,509 .56
2020-03-16 11:04:02,734 [main] INFO   com.yodlee.core.base.CoreBasePage(70) - Logical name : DashboardPage.InvetmentTotal ---- Expected Value : $1,331,807,520.00 ---- Actual Value : $1,331,807,520.00
2020-03-16 11:04:02,975 [main] INFO   com.yodlee.core.base.CoreBasePage(31) - **********************************************
2020-03-16 11:04:02,976 [main] INFO   com.yodlee.core.base.CoreBasePage(32) - Scenario :: 'verify fincheck disclaimer message in dashboard' has started
2020-03-16 11:04:04,475 [main] INFO   com.yodlee.core.base.CoreBasePage(70) - Logical name : DashboardPage.FincheckDisclaimerMessage ---- Expected Value : A digital assistant that organizes and measures your financial health. So you know exactly where you stand at any given time and what you should do next. ---- Actual Value : A digital assistant that organizes and measures your financial health. So you know exactly where you stand at any given time and what you should do next.
2020-03-16 11:04:04,744 [main] INFO   com.yodlee.core.base.CoreBasePage(31) - **********************************************
2020-03-16 11:04:04,745 [main] INFO   com.yodlee.core.base.CoreBasePage(32) - Scenario :: 'verify accounts in the dashboard' has started
2020-03-16 11:04:06,640 [main] INFO   com.yodlee.core.base.CoreBasePage(1316) - Waiting for element to be present in DOM 0 seconds element:: By.xpath: //*[@autoid='accounts-container-level-low']//div[contains(@class,'account-details')]//span[@class='ellipsis']
2020-03-16 11:04:07,650 [main] INFO   com.yodlee.core.base.CoreBasePage(1316) - Waiting for element to be present in DOM 1 seconds element:: By.xpath: //*[@autoid='accounts-container-level-low']//div[contains(@class,'account-details')]//span[@class='ellipsis']
2020-03-16 11:04:08,663 [main] INFO   com.yodlee.core.base.CoreBasePage(1316) - Waiting for element to be present in DOM 2 seconds element:: By.xpath: //*[@autoid='accounts-container-level-low']//div[contains(@class,'account-details')]//span[@class='ellipsis']
2020-03-16 11:04:09,687 [main] INFO   com.yodlee.core.base.CoreBasePage(642) - Scrolling element to middle...
