2020-03-18 16:43:53,145 [main] INFO   LoginTestRunner(25) - Browser :: chrome
2020-03-18 16:43:53,161 [main] INFO   LoginTestRunner(26) - Environment :: YCOM_L1
2020-03-18 16:43:54,580 [main] TRACE  i.g.bonigarcia.wdm.WebDriverManager(634) - Using preferences true
2020-03-18 16:43:54,596 [main] DEBUG  i.github.bonigarcia.wdm.Preferences(118) - Preference chrome=80 (valid until 2020-03-19 13:35:24)
2020-03-18 16:43:54,600 [main] TRACE  i.g.bonigarcia.wdm.WebDriverManager(601) - Detected Google Chrome version 80
2020-03-18 16:43:54,601 [main] TRACE  i.g.bonigarcia.wdm.WebDriverManager(634) - Using preferences true
2020-03-18 16:43:54,601 [main] DEBUG  i.github.bonigarcia.wdm.Preferences(118) - Preference chrome80=80.0.3987.106 (valid until 2020-03-19 13:35:24)
2020-03-18 16:43:54,601 [main] INFO   i.g.bonigarcia.wdm.WebDriverManager(615) - Using chromedriver 80.0.3987.106 (since Google Chrome 80 is installed in your machine)
2020-03-18 16:43:54,601 [main] TRACE  i.g.bonigarcia.wdm.WebDriverManager(536) - Managing chromedriver arch=64 version=80.0.3987.106 getLatest=false cache=false
2020-03-18 16:43:54,601 [main] TRACE  i.g.bonigarcia.wdm.WebDriverManager(868) - Checking if chromedriver exists in cache
2020-03-18 16:43:54,601 [main] TRACE  io.github.bonigarcia.wdm.Downloader(116) - Target path C:\Users\jnanesh.m/.m2/repository/webdriver
2020-03-18 16:43:54,632 [main] TRACE  i.g.bonigarcia.wdm.WebDriverManager(920) - Filter cache by chromedriver -- input list [C:\Users\jnanesh.m\.m2\repository\webdriver\chromedriver\win32\80.0.3987.106\chromedriver.exe] -- output list [C:\Users\jnanesh.m\.m2\repository\webdriver\chromedriver\win32\80.0.3987.106\chromedriver.exe] 
2020-03-18 16:43:54,632 [main] TRACE  i.g.bonigarcia.wdm.WebDriverManager(920) - Filter cache by 80.0.3987.106 -- input list [C:\Users\jnanesh.m\.m2\repository\webdriver\chromedriver\win32\80.0.3987.106\chromedriver.exe] -- output list [C:\Users\jnanesh.m\.m2\repository\webdriver\chromedriver\win32\80.0.3987.106\chromedriver.exe] 
2020-03-18 16:43:54,632 [main] TRACE  i.g.bonigarcia.wdm.WebDriverManager(920) - Filter cache by WIN -- input list [C:\Users\jnanesh.m\.m2\repository\webdriver\chromedriver\win32\80.0.3987.106\chromedriver.exe] -- output list [C:\Users\jnanesh.m\.m2\repository\webdriver\chromedriver\win32\80.0.3987.106\chromedriver.exe] 
2020-03-18 16:43:54,632 [main] TRACE  i.g.bonigarcia.wdm.WebDriverManager(634) - Using preferences true
2020-03-18 16:43:54,649 [main] TRACE  i.g.bonigarcia.wdm.WebDriverManager(634) - Using preferences true
2020-03-18 16:43:54,649 [main] DEBUG  i.g.bonigarcia.wdm.WebDriverManager(564) - Driver chromedriver 80.0.3987.106 found in cache
2020-03-18 16:43:54,649 [main] INFO   i.g.bonigarcia.wdm.WebDriverManager(1113) - Exporting webdriver.chrome.driver as C:\Users\jnanesh.m\.m2\repository\webdriver\chromedriver\win32\80.0.3987.106\chromedriver.exe
2020-03-18 16:44:05,095 [main] INFO   com.yodlee.core.base.CoreBasePage(31) - **********************************************
2020-03-18 16:44:05,095 [main] INFO   com.yodlee.core.base.CoreBasePage(32) - Scenario :: 'To login to wellness regular environment' has started
2020-03-18 16:44:08,444 [main] INFO   com.yodlee.core.base.CoreBasePage(1494) - succesfully sent the keys:: "wr6" to the input box of element:: [[ChromeDriver: chrome on WINDOWS (2d9089b662413891da61589efb46ddb0)] -> xpath: //*[@name='login']]
2020-03-18 16:44:08,445 [main] INFO   com.yodlee.core.base.CoreBasePage(85) - Logical name : LoginPage.Username ---- Value Entered: wr6
2020-03-18 16:44:09,026 [main] INFO   com.yodlee.core.base.CoreBasePage(1494) - succesfully sent the keys:: "Yodlee@123" to the input box of element:: [[ChromeDriver: chrome on WINDOWS (2d9089b662413891da61589efb46ddb0)] -> xpath: //*[@name='password']]
2020-03-18 16:44:09,027 [main] INFO   com.yodlee.core.base.CoreBasePage(85) - Logical name : LoginPage.Password ---- Value Entered: Yodlee@123
2020-03-18 16:44:09,599 [main] INFO   com.yodlee.core.base.CoreBasePage(1494) - succesfully sent the keys:: "10003700" to the input box of element:: [[ChromeDriver: chrome on WINDOWS (2d9089b662413891da61589efb46ddb0)] -> xpath: //*[@name='app']]
2020-03-18 16:44:09,601 [main] INFO   com.yodlee.core.base.CoreBasePage(85) - Logical name : LoginPage.FinApp ---- Value Entered: 10003700
2020-03-18 16:44:12,183 [main] INFO   com.yodlee.core.base.CoreBasePage(95) - ---clicked LoginPage.Login
2020-03-18 16:44:13,234 [main] INFO   com.yodlee.core.base.CoreBasePage(31) - **********************************************
2020-03-18 16:44:13,235 [main] INFO   com.yodlee.core.base.CoreBasePage(32) - Scenario :: 'Add an aggregated account in application' has started
2020-03-18 16:44:19,135 [main] INFO   com.yodlee.core.base.CoreBasePage(1436) - Clicking on element [By.cssSelector: #link-account-button-persist]
2020-03-18 16:44:19,220 [main] INFO   com.yodlee.core.base.CoreBasePage(641) - Scrolling element to middle...
2020-03-18 16:44:21,455 [main] INFO   com.yodlee.core.base.CoreBasePage(1494) - succesfully sent the keys:: "Dag Site" to the input box of element:: [[ChromeDriver: chrome on WINDOWS (2d9089b662413891da61589efb46ddb0)] -> id: siteSearch]
2020-03-18 16:44:21,456 [main] INFO   com.yodlee.core.base.CoreBasePage(85) - Logical name : LinkAccountPopup.siteSearchInputBox ---- Value Entered: Dag Site
2020-03-18 16:44:21,502 [main] INFO   com.yodlee.core.base.CoreBasePage(1315) - Waiting for element to be present in DOM 0 seconds element:: By.cssSelector: .siteName
2020-03-18 16:44:22,562 [main] INFO   com.yodlee.core.base.CoreBasePage(641) - Scrolling element to middle...
2020-03-18 16:44:24,964 [main] INFO   com.yodlee.core.base.CoreBasePage(1494) - succesfully sent the keys:: "budget.site16441.1" to the input box of element:: [[ChromeDriver: chrome on WINDOWS (2d9089b662413891da61589efb46ddb0)] -> xpath: //input[@name="LOGIN" or @aria-label="Username"]]
2020-03-18 16:44:24,965 [main] INFO   com.yodlee.core.base.CoreBasePage(85) - Logical name : LinkAccountPopup.usernameInputBox ---- Value Entered: budget.site16441.1
2020-03-18 16:44:25,891 [main] INFO   com.yodlee.core.base.CoreBasePage(1494) - succesfully sent the keys:: "site16441.1" to the input box of element:: [[ChromeDriver: chrome on WINDOWS (2d9089b662413891da61589efb46ddb0)] -> xpath: //input[@name='PASSWORD' or @aria-label='Password']]
2020-03-18 16:44:25,892 [main] INFO   com.yodlee.core.base.CoreBasePage(85) - Logical name : LinkAccountPopup.passwordInputBox ---- Value Entered: site16441.1
2020-03-18 16:44:26,737 [main] INFO   com.yodlee.core.base.CoreBasePage(1494) - succesfully sent the keys:: "site16441.1" to the input box of element:: [[ChromeDriver: chrome on WINDOWS (2d9089b662413891da61589efb46ddb0)] -> xpath: //input[@name='Re-enter_PASSWORD' or @aria-label='Re-enter Password']]
2020-03-18 16:44:26,738 [main] INFO   com.yodlee.core.base.CoreBasePage(85) - Logical name : LinkAccountPopup.re-EnterPasswordInputBox ---- Value Entered: site16441.1
2020-03-18 16:44:27,206 [main] INFO   com.yodlee.core.base.CoreBasePage(95) - ---clicked LinkAccountPopup.sumitbutton
2020-03-18 16:45:05,027 [main] INFO   com.yodlee.core.base.CoreBasePage(70) - Logical name : LinkAccountPopup.accountAddedSuccessfully ---- Expected Value : Congratulations! Your accounts have been linked ---- Actual Value : Congratulations! Your accounts have been linked.
2020-03-18 16:45:07,016 [main] INFO   com.yodlee.core.base.CoreBasePage(31) - **********************************************
2020-03-18 16:45:07,016 [main] INFO   com.yodlee.core.base.CoreBasePage(32) - Scenario :: 'Verify Dashboard' has started
2020-03-18 16:45:14,888 [main] INFO   com.yodlee.core.base.CoreBasePage(70) - Logical name : DashboardPage.header ---- Expected Value : Dashboard ---- Actual Value : Dashboard
2020-03-18 16:45:15,962 [main] INFO   com.yodlee.core.base.CoreBasePage(70) - Logical name : DashboardPage.AmountLeftToSpend ---- Expected Value : $65,509 .56 ---- Actual Value : $65,564 .34
2020-03-18 16:45:17,564 [main] INFO   com.yodlee.core.base.CoreBasePage(31) - **********************************************
2020-03-18 16:45:17,564 [main] INFO   com.yodlee.core.base.CoreBasePage(32) - Scenario :: 'verify fincheck disclaimer message in dashboard' has started
2020-03-18 16:45:24,319 [main] INFO   com.yodlee.core.base.CoreBasePage(70) - Logical name : DashboardPage.FincheckDisclaimerMessage ---- Expected Value : A digital assistant that organizes and measures your financial health. So you know exactly where you stand at any given time and what you should do next. ---- Actual Value : A digital assistant that organizes and measures your financial health. So you know exactly where you stand at any given time and what you should do next.
2020-03-18 16:45:25,536 [main] INFO   com.yodlee.core.base.CoreBasePage(31) - **********************************************
2020-03-18 16:45:25,536 [main] INFO   com.yodlee.core.base.CoreBasePage(32) - Scenario :: 'verify accounts in the dashboard' has started
2020-03-18 16:45:28,531 [main] INFO   com.yodlee.core.base.CoreBasePage(1315) - Waiting for element to be present in DOM 0 seconds element:: By.xpath: //*[@autoid='accounts-container-level-low']//div[contains(@class,'account-details')]//span[@class='ellipsis']
2020-03-18 16:45:29,795 [main] INFO   com.yodlee.core.base.CoreBasePage(1315) - Waiting for element to be present in DOM 1 seconds element:: By.xpath: //*[@autoid='accounts-container-level-low']//div[contains(@class,'account-details')]//span[@class='ellipsis']
2020-03-18 16:45:30,921 [main] INFO   com.yodlee.core.base.CoreBasePage(1315) - Waiting for element to be present in DOM 2 seconds element:: By.xpath: //*[@autoid='accounts-container-level-low']//div[contains(@class,'account-details')]//span[@class='ellipsis']
2020-03-18 16:45:32,003 [main] INFO   com.yodlee.core.base.CoreBasePage(641) - Scrolling element to middle...
