2020-03-18 16:34:23,127 [main] INFO   LoginTestRunner(25) - Browser :: chrome
2020-03-18 16:34:23,142 [main] INFO   LoginTestRunner(26) - Environment :: YCOM_L1
2020-03-18 16:34:24,486 [main] TRACE  i.g.bonigarcia.wdm.WebDriverManager(634) - Using preferences true
2020-03-18 16:34:24,486 [main] DEBUG  i.github.bonigarcia.wdm.Preferences(118) - Preference chrome=80 (valid until 2020-03-19 13:35:24)
2020-03-18 16:34:24,498 [main] TRACE  i.g.bonigarcia.wdm.WebDriverManager(601) - Detected Google Chrome version 80
2020-03-18 16:34:24,499 [main] TRACE  i.g.bonigarcia.wdm.WebDriverManager(634) - Using preferences true
2020-03-18 16:34:24,499 [main] DEBUG  i.github.bonigarcia.wdm.Preferences(118) - Preference chrome80=80.0.3987.106 (valid until 2020-03-19 13:35:24)
2020-03-18 16:34:24,499 [main] INFO   i.g.bonigarcia.wdm.WebDriverManager(615) - Using chromedriver 80.0.3987.106 (since Google Chrome 80 is installed in your machine)
2020-03-18 16:34:24,499 [main] TRACE  i.g.bonigarcia.wdm.WebDriverManager(536) - Managing chromedriver arch=64 version=80.0.3987.106 getLatest=false cache=false
2020-03-18 16:34:24,499 [main] TRACE  i.g.bonigarcia.wdm.WebDriverManager(868) - Checking if chromedriver exists in cache
2020-03-18 16:34:24,499 [main] TRACE  io.github.bonigarcia.wdm.Downloader(116) - Target path C:\Users\jnanesh.m/.m2/repository/webdriver
2020-03-18 16:34:24,531 [main] TRACE  i.g.bonigarcia.wdm.WebDriverManager(920) - Filter cache by chromedriver -- input list [C:\Users\jnanesh.m\.m2\repository\webdriver\chromedriver\win32\80.0.3987.106\chromedriver.exe] -- output list [C:\Users\jnanesh.m\.m2\repository\webdriver\chromedriver\win32\80.0.3987.106\chromedriver.exe] 
2020-03-18 16:34:24,531 [main] TRACE  i.g.bonigarcia.wdm.WebDriverManager(920) - Filter cache by 80.0.3987.106 -- input list [C:\Users\jnanesh.m\.m2\repository\webdriver\chromedriver\win32\80.0.3987.106\chromedriver.exe] -- output list [C:\Users\jnanesh.m\.m2\repository\webdriver\chromedriver\win32\80.0.3987.106\chromedriver.exe] 
2020-03-18 16:34:24,531 [main] TRACE  i.g.bonigarcia.wdm.WebDriverManager(920) - Filter cache by WIN -- input list [C:\Users\jnanesh.m\.m2\repository\webdriver\chromedriver\win32\80.0.3987.106\chromedriver.exe] -- output list [C:\Users\jnanesh.m\.m2\repository\webdriver\chromedriver\win32\80.0.3987.106\chromedriver.exe] 
2020-03-18 16:34:24,531 [main] TRACE  i.g.bonigarcia.wdm.WebDriverManager(634) - Using preferences true
2020-03-18 16:34:24,540 [main] TRACE  i.g.bonigarcia.wdm.WebDriverManager(634) - Using preferences true
2020-03-18 16:34:24,540 [main] DEBUG  i.g.bonigarcia.wdm.WebDriverManager(564) - Driver chromedriver 80.0.3987.106 found in cache
2020-03-18 16:34:24,540 [main] INFO   i.g.bonigarcia.wdm.WebDriverManager(1113) - Exporting webdriver.chrome.driver as C:\Users\jnanesh.m\.m2\repository\webdriver\chromedriver\win32\80.0.3987.106\chromedriver.exe
2020-03-18 16:34:34,801 [main] INFO   com.yodlee.core.base.CoreBasePage(31) - **********************************************
2020-03-18 16:34:34,801 [main] INFO   com.yodlee.core.base.CoreBasePage(32) - Scenario :: 'To login to wellness regular environment' has started
2020-03-18 16:34:38,168 [main] INFO   com.yodlee.core.base.CoreBasePage(85) - Logical name : LoginPage.Username ---- Value Entered: wr6
2020-03-18 16:34:38,643 [main] INFO   com.yodlee.core.base.CoreBasePage(85) - Logical name : LoginPage.Password ---- Value Entered: Yodlee@123
2020-03-18 16:34:39,085 [main] INFO   com.yodlee.core.base.CoreBasePage(85) - Logical name : LoginPage.FinApp ---- Value Entered: 10003700
2020-03-18 16:34:42,785 [main] INFO   com.yodlee.core.base.CoreBasePage(95) - ---clicked LoginPage.Login
2020-03-18 16:34:44,350 [main] INFO   com.yodlee.core.base.CoreBasePage(31) - **********************************************
2020-03-18 16:34:44,350 [main] INFO   com.yodlee.core.base.CoreBasePage(32) - Scenario :: 'Add an aggregated account in application' has started
2020-03-18 16:34:51,762 [main] INFO   com.yodlee.core.base.CoreBasePage(1436) - Clicking on element [By.cssSelector: #link-account-button-persist]
2020-03-18 16:34:51,848 [main] INFO   com.yodlee.core.base.CoreBasePage(641) - Scrolling element to middle...
2020-03-18 16:34:54,017 [main] INFO   com.yodlee.core.base.CoreBasePage(85) - Logical name : LinkAccountPopup.siteSearchInputBox ---- Value Entered: Dag Site
2020-03-18 16:34:54,064 [main] INFO   com.yodlee.core.base.CoreBasePage(1315) - Waiting for element to be present in DOM 0 seconds element:: By.cssSelector: .siteName
2020-03-18 16:34:55,096 [main] INFO   com.yodlee.core.base.CoreBasePage(1315) - Waiting for element to be present in DOM 1 seconds element:: By.cssSelector: .siteName
2020-03-18 16:34:56,145 [main] INFO   com.yodlee.core.base.CoreBasePage(1315) - Waiting for element to be present in DOM 2 seconds element:: By.cssSelector: .siteName
2020-03-18 16:34:57,161 [main] INFO   com.yodlee.core.base.CoreBasePage(1315) - Waiting for element to be present in DOM 3 seconds element:: By.cssSelector: .siteName
2020-03-18 16:34:58,198 [main] INFO   com.yodlee.core.base.CoreBasePage(1315) - Waiting for element to be present in DOM 4 seconds element:: By.cssSelector: .siteName
2020-03-18 16:34:59,220 [main] INFO   com.yodlee.core.base.CoreBasePage(1315) - Waiting for element to be present in DOM 5 seconds element:: By.cssSelector: .siteName
2020-03-18 16:35:00,261 [main] INFO   com.yodlee.core.base.CoreBasePage(1315) - Waiting for element to be present in DOM 6 seconds element:: By.cssSelector: .siteName
2020-03-18 16:35:01,302 [main] INFO   com.yodlee.core.base.CoreBasePage(1315) - Waiting for element to be present in DOM 7 seconds element:: By.cssSelector: .siteName
2020-03-18 16:35:02,341 [main] INFO   com.yodlee.core.base.CoreBasePage(1315) - Waiting for element to be present in DOM 8 seconds element:: By.cssSelector: .siteName
2020-03-18 16:35:03,375 [main] INFO   com.yodlee.core.base.CoreBasePage(1315) - Waiting for element to be present in DOM 9 seconds element:: By.cssSelector: .siteName
2020-03-18 16:35:04,437 [main] INFO   com.yodlee.core.base.CoreBasePage(1315) - Waiting for element to be present in DOM 10 seconds element:: By.cssSelector: .siteName
2020-03-18 16:35:05,511 [main] INFO   com.yodlee.core.base.CoreBasePage(641) - Scrolling element to middle...
2020-03-18 16:35:07,795 [main] INFO   com.yodlee.core.base.CoreBasePage(85) - Logical name : LinkAccountPopup.usernameInputBox ---- Value Entered: budget.site16441.1
2020-03-18 16:35:08,526 [main] INFO   com.yodlee.core.base.CoreBasePage(85) - Logical name : LinkAccountPopup.passwordInputBox ---- Value Entered: site16441.1
2020-03-18 16:35:09,126 [main] INFO   com.yodlee.core.base.CoreBasePage(85) - Logical name : LinkAccountPopup.re-EnterPasswordInputBox ---- Value Entered: site16441.1
2020-03-18 16:35:09,494 [main] INFO   com.yodlee.core.base.CoreBasePage(95) - ---clicked LinkAccountPopup.sumitbutton
2020-03-18 16:35:24,619 [main] INFO   com.yodlee.core.base.CoreBasePage(31) - **********************************************
2020-03-18 16:35:24,635 [main] INFO   com.yodlee.core.base.CoreBasePage(32) - Scenario :: 'Verify Dashboard' has started
2020-03-18 16:35:24,754 [main] INFO   com.yodlee.core.base.CoreBasePage(229) - TimeoutException: DashboardPage.header  is not shown in given time
2020-03-18 16:35:24,754 [main] INFO   com.yodlee.core.base.CoreBasePage(70) - Logical name : DashboardPage.header ---- Expected Value : Dashboard ---- Actual Value : 
2020-03-18 16:35:24,805 [main] INFO   com.yodlee.core.base.CoreBasePage(229) - TimeoutException: DashboardPage.header  is not shown in given time
2020-03-18 16:35:24,906 [main] INFO   com.yodlee.core.base.CoreBasePage(31) - **********************************************
2020-03-18 16:35:24,906 [main] INFO   com.yodlee.core.base.CoreBasePage(32) - Scenario :: 'verify fincheck disclaimer message in dashboard' has started
2020-03-18 16:35:25,028 [main] INFO   com.yodlee.core.base.CoreBasePage(229) - TimeoutException: DashboardPage.FincheckDisclaimerMessage  is not shown in given time
2020-03-18 16:35:25,036 [main] INFO   com.yodlee.core.base.CoreBasePage(70) - Logical name : DashboardPage.FincheckDisclaimerMessage ---- Expected Value : A digital assistant that organizes and measures your financial health. So you know exactly where you stand at any given time and what you should do next. ---- Actual Value : 
2020-03-18 16:35:25,079 [main] INFO   com.yodlee.core.base.CoreBasePage(229) - TimeoutException: DashboardPage.FincheckDisclaimerMessage  is not shown in given time
2020-03-18 16:35:25,109 [main] INFO   com.yodlee.core.base.CoreBasePage(31) - **********************************************
2020-03-18 16:35:25,117 [main] INFO   com.yodlee.core.base.CoreBasePage(32) - Scenario :: 'verify accounts in the dashboard' has started
2020-03-18 16:35:25,241 [main] ERROR  com.yodlee.core.base.CoreBasePage(1324) - Element is not present in DOM element:: By.xpath: //*[@autoid='accounts-container-level-low']//div[contains(@class,'account-details')]//span[@class='ellipsis']
