2020-03-16 10:57:36,059 [main] INFO   LoginTestRunner(25) - Browser :: chrome
2020-03-16 10:57:36,068 [main] INFO   LoginTestRunner(26) - Environment :: YCOM_L1
2020-03-16 10:57:36,614 [main] TRACE  i.g.bonigarcia.wdm.WebDriverManager(634) - Using preferences true
2020-03-16 10:57:36,616 [main] DEBUG  i.github.bonigarcia.wdm.Preferences(118) - Preference chrome=80 (valid until 2020-03-17 10:35:32)
2020-03-16 10:57:36,616 [main] TRACE  i.g.bonigarcia.wdm.WebDriverManager(601) - Detected Google Chrome version 80
2020-03-16 10:57:36,617 [main] TRACE  i.g.bonigarcia.wdm.WebDriverManager(634) - Using preferences true
2020-03-16 10:57:36,622 [main] DEBUG  i.github.bonigarcia.wdm.Preferences(118) - Preference chrome80=80.0.3987.106 (valid until 2020-03-17 10:35:32)
2020-03-16 10:57:36,622 [main] INFO   i.g.bonigarcia.wdm.WebDriverManager(615) - Using chromedriver 80.0.3987.106 (since Google Chrome 80 is installed in your machine)
2020-03-16 10:57:36,622 [main] TRACE  i.g.bonigarcia.wdm.WebDriverManager(536) - Managing chromedriver arch=64 version=80.0.3987.106 getLatest=false cache=false
2020-03-16 10:57:36,622 [main] TRACE  i.g.bonigarcia.wdm.WebDriverManager(868) - Checking if chromedriver exists in cache
2020-03-16 10:57:36,623 [main] TRACE  io.github.bonigarcia.wdm.Downloader(116) - Target path C:\Users\kongara.sravan/.m2/repository/webdriver
2020-03-16 10:57:36,634 [main] TRACE  i.g.bonigarcia.wdm.WebDriverManager(920) - Filter cache by chromedriver -- input list [C:\Users\kongara.sravan\.m2\repository\webdriver\chromedriver\win32\78.0.3904.105\chromedriver.exe, C:\Users\kongara.sravan\.m2\repository\webdriver\chromedriver\win32\78.0.3904.11\chromedriver.exe, C:\Users\kongara.sravan\.m2\repository\webdriver\chromedriver\win32\78.0.3904.70\chromedriver.exe, C:\Users\kongara.sravan\.m2\repository\webdriver\chromedriver\win32\79.0.3945.36\chromedriver.exe, C:\Users\kongara.sravan\.m2\repository\webdriver\chromedriver\win32\80.0.3987.106\chromedriver.exe, C:\Users\kongara.sravan\.m2\repository\webdriver\chromedriver\win32\80.0.3987.16\chromedriver.exe, C:\Users\kongara.sravan\.m2\repository\webdriver\geckodriver\win64\0.26.0\geckodriver.exe] -- output list [C:\Users\kongara.sravan\.m2\repository\webdriver\chromedriver\win32\78.0.3904.105\chromedriver.exe, C:\Users\kongara.sravan\.m2\repository\webdriver\chromedriver\win32\78.0.3904.11\chromedriver.exe, C:\Users\kongara.sravan\.m2\repository\webdriver\chromedriver\win32\78.0.3904.70\chromedriver.exe, C:\Users\kongara.sravan\.m2\repository\webdriver\chromedriver\win32\79.0.3945.36\chromedriver.exe, C:\Users\kongara.sravan\.m2\repository\webdriver\chromedriver\win32\80.0.3987.106\chromedriver.exe, C:\Users\kongara.sravan\.m2\repository\webdriver\chromedriver\win32\80.0.3987.16\chromedriver.exe] 
2020-03-16 10:57:36,634 [main] TRACE  i.g.bonigarcia.wdm.WebDriverManager(920) - Filter cache by 80.0.3987.106 -- input list [C:\Users\kongara.sravan\.m2\repository\webdriver\chromedriver\win32\78.0.3904.105\chromedriver.exe, C:\Users\kongara.sravan\.m2\repository\webdriver\chromedriver\win32\78.0.3904.11\chromedriver.exe, C:\Users\kongara.sravan\.m2\repository\webdriver\chromedriver\win32\78.0.3904.70\chromedriver.exe, C:\Users\kongara.sravan\.m2\repository\webdriver\chromedriver\win32\79.0.3945.36\chromedriver.exe, C:\Users\kongara.sravan\.m2\repository\webdriver\chromedriver\win32\80.0.3987.106\chromedriver.exe, C:\Users\kongara.sravan\.m2\repository\webdriver\chromedriver\win32\80.0.3987.16\chromedriver.exe] -- output list [C:\Users\kongara.sravan\.m2\repository\webdriver\chromedriver\win32\80.0.3987.106\chromedriver.exe] 
2020-03-16 10:57:36,634 [main] TRACE  i.g.bonigarcia.wdm.WebDriverManager(920) - Filter cache by WIN -- input list [C:\Users\kongara.sravan\.m2\repository\webdriver\chromedriver\win32\80.0.3987.106\chromedriver.exe] -- output list [C:\Users\kongara.sravan\.m2\repository\webdriver\chromedriver\win32\80.0.3987.106\chromedriver.exe] 
2020-03-16 10:57:36,635 [main] TRACE  i.g.bonigarcia.wdm.WebDriverManager(634) - Using preferences true
2020-03-16 10:57:36,636 [main] TRACE  i.g.bonigarcia.wdm.WebDriverManager(634) - Using preferences true
2020-03-16 10:57:36,636 [main] DEBUG  i.g.bonigarcia.wdm.WebDriverManager(564) - Driver chromedriver 80.0.3987.106 found in cache
2020-03-16 10:57:36,637 [main] INFO   i.g.bonigarcia.wdm.WebDriverManager(1113) - Exporting webdriver.chrome.driver as C:\Users\kongara.sravan\.m2\repository\webdriver\chromedriver\win32\80.0.3987.106\chromedriver.exe
2020-03-16 10:57:40,687 [main] INFO   com.yodlee.core.base.CoreBasePage(31) - **********************************************
2020-03-16 10:57:40,687 [main] INFO   com.yodlee.core.base.CoreBasePage(32) - Scenario :: 'To login to wellness regular environment' has started
2020-03-16 10:57:41,537 [main] INFO   com.yodlee.core.base.CoreBasePage(85) - Logical name : LoginPage.Username ---- Value Entered: wr6
2020-03-16 10:57:41,698 [main] INFO   com.yodlee.core.base.CoreBasePage(85) - Logical name : LoginPage.Password ---- Value Entered: Yodlee@123
2020-03-16 10:57:41,848 [main] INFO   com.yodlee.core.base.CoreBasePage(85) - Logical name : LoginPage.FinApp ---- Value Entered: 10003700
2020-03-16 10:57:45,059 [main] INFO   com.yodlee.core.base.CoreBasePage(95) - ---clicked LoginPage.Login
2020-03-16 10:57:45,267 [main] INFO   com.yodlee.core.base.CoreBasePage(31) - **********************************************
2020-03-16 10:57:45,267 [main] INFO   com.yodlee.core.base.CoreBasePage(32) - Scenario :: 'Add an aggregated account in application' has started
2020-03-16 10:57:50,410 [main] INFO   com.yodlee.core.base.CoreBasePage(1437) - Clicking on element [By.cssSelector: #link-account-button-persist]
2020-03-16 10:57:50,435 [main] INFO   com.yodlee.core.base.CoreBasePage(642) - Scrolling element to middle...
2020-03-16 10:57:50,762 [main] INFO   com.yodlee.core.base.CoreBasePage(1437) - Clicking on element [By.id: siteSearch]
2020-03-16 10:57:50,780 [main] INFO   com.yodlee.core.base.CoreBasePage(1316) - Waiting for element to be present in DOM 0 seconds element:: By.id: siteSearch
2020-03-16 10:57:51,799 [main] INFO   com.yodlee.core.base.CoreBasePage(642) - Scrolling element to middle...
2020-03-16 10:57:52,065 [main] INFO   com.yodlee.core.base.CoreBasePage(1476) - succesfully sent the keys:: "Dag Site" to the input box of element:: By.id: siteSearch
2020-03-16 10:57:52,083 [main] INFO   com.yodlee.core.base.CoreBasePage(1316) - Waiting for element to be present in DOM 0 seconds element:: By.cssSelector: .siteName
2020-03-16 10:57:53,102 [main] INFO   com.yodlee.core.base.CoreBasePage(642) - Scrolling element to middle...
2020-03-16 10:57:53,445 [main] INFO   com.yodlee.core.base.CoreBasePage(1437) - Clicking on element [By.xpath: //input[@name="LOGIN" or @aria-label="Username"]]
2020-03-16 10:57:53,462 [main] INFO   com.yodlee.core.base.CoreBasePage(1316) - Waiting for element to be present in DOM 0 seconds element:: By.xpath: //input[@name="LOGIN" or @aria-label="Username"]
2020-03-16 10:57:54,483 [main] INFO   com.yodlee.core.base.CoreBasePage(642) - Scrolling element to middle...
2020-03-16 10:57:54,772 [main] INFO   com.yodlee.core.base.CoreBasePage(1476) - succesfully sent the keys:: "budget.site16441.1" to the input box of element:: By.xpath: //input[@name="LOGIN" or @aria-label="Username"]
2020-03-16 10:57:54,774 [main] INFO   com.yodlee.core.base.CoreBasePage(1437) - Clicking on element [By.xpath: //input[@name='PASSWORD' or @aria-label='Password']]
2020-03-16 10:57:54,800 [main] INFO   com.yodlee.core.base.CoreBasePage(642) - Scrolling element to middle...
2020-03-16 10:57:55,040 [main] INFO   com.yodlee.core.base.CoreBasePage(1476) - succesfully sent the keys:: "site16441.1" to the input box of element:: By.xpath: //input[@name='PASSWORD' or @aria-label='Password']
2020-03-16 10:57:55,042 [main] INFO   com.yodlee.core.base.CoreBasePage(1437) - Clicking on element [By.xpath: //input[@name='Re-enter_PASSWORD' or @aria-label='Re-enter Password']]
2020-03-16 10:57:55,068 [main] INFO   com.yodlee.core.base.CoreBasePage(642) - Scrolling element to middle...
2020-03-16 10:57:55,312 [main] INFO   com.yodlee.core.base.CoreBasePage(1476) - succesfully sent the keys:: "site16441.1" to the input box of element:: By.xpath: //input[@name='Re-enter_PASSWORD' or @aria-label='Re-enter Password']
2020-03-16 10:57:55,313 [main] INFO   com.yodlee.core.base.CoreBasePage(1437) - Clicking on element [By.xpath: //*[contains(@class,'submit-button') and not(@aria-disabled='true')]]
2020-03-16 10:57:55,339 [main] INFO   com.yodlee.core.base.CoreBasePage(642) - Scrolling element to middle...
2020-03-16 10:57:55,567 [main] INFO   com.yodlee.core.base.CoreBasePage(1316) - Waiting for element to be present in DOM 0 seconds element:: By.xpath: //div[@role='alert' and contains(.,'Congratulations! Your accounts have been linked')]
2020-03-16 10:57:56,579 [main] INFO   com.yodlee.core.base.CoreBasePage(1316) - Waiting for element to be present in DOM 1 seconds element:: By.xpath: //div[@role='alert' and contains(.,'Congratulations! Your accounts have been linked')]
2020-03-16 10:57:57,590 [main] INFO   com.yodlee.core.base.CoreBasePage(1316) - Waiting for element to be present in DOM 2 seconds element:: By.xpath: //div[@role='alert' and contains(.,'Congratulations! Your accounts have been linked')]
2020-03-16 10:57:58,601 [main] INFO   com.yodlee.core.base.CoreBasePage(1316) - Waiting for element to be present in DOM 3 seconds element:: By.xpath: //div[@role='alert' and contains(.,'Congratulations! Your accounts have been linked')]
2020-03-16 10:57:59,612 [main] INFO   com.yodlee.core.base.CoreBasePage(1316) - Waiting for element to be present in DOM 4 seconds element:: By.xpath: //div[@role='alert' and contains(.,'Congratulations! Your accounts have been linked')]
2020-03-16 10:58:00,623 [main] INFO   com.yodlee.core.base.CoreBasePage(1316) - Waiting for element to be present in DOM 5 seconds element:: By.xpath: //div[@role='alert' and contains(.,'Congratulations! Your accounts have been linked')]
2020-03-16 10:58:01,635 [main] INFO   com.yodlee.core.base.CoreBasePage(1316) - Waiting for element to be present in DOM 6 seconds element:: By.xpath: //div[@role='alert' and contains(.,'Congratulations! Your accounts have been linked')]
2020-03-16 10:58:02,645 [main] INFO   com.yodlee.core.base.CoreBasePage(1316) - Waiting for element to be present in DOM 7 seconds element:: By.xpath: //div[@role='alert' and contains(.,'Congratulations! Your accounts have been linked')]
2020-03-16 10:58:03,656 [main] INFO   com.yodlee.core.base.CoreBasePage(1316) - Waiting for element to be present in DOM 8 seconds element:: By.xpath: //div[@role='alert' and contains(.,'Congratulations! Your accounts have been linked')]
2020-03-16 10:58:04,668 [main] INFO   com.yodlee.core.base.CoreBasePage(1316) - Waiting for element to be present in DOM 9 seconds element:: By.xpath: //div[@role='alert' and contains(.,'Congratulations! Your accounts have been linked')]
2020-03-16 10:58:05,680 [main] INFO   com.yodlee.core.base.CoreBasePage(1316) - Waiting for element to be present in DOM 10 seconds element:: By.xpath: //div[@role='alert' and contains(.,'Congratulations! Your accounts have been linked')]
2020-03-16 10:58:06,693 [main] INFO   com.yodlee.core.base.CoreBasePage(1316) - Waiting for element to be present in DOM 11 seconds element:: By.xpath: //div[@role='alert' and contains(.,'Congratulations! Your accounts have been linked')]
2020-03-16 10:58:07,705 [main] INFO   com.yodlee.core.base.CoreBasePage(1316) - Waiting for element to be present in DOM 12 seconds element:: By.xpath: //div[@role='alert' and contains(.,'Congratulations! Your accounts have been linked')]
2020-03-16 10:58:08,716 [main] INFO   com.yodlee.core.base.CoreBasePage(1316) - Waiting for element to be present in DOM 13 seconds element:: By.xpath: //div[@role='alert' and contains(.,'Congratulations! Your accounts have been linked')]
2020-03-16 10:58:09,727 [main] INFO   com.yodlee.core.base.CoreBasePage(1316) - Waiting for element to be present in DOM 14 seconds element:: By.xpath: //div[@role='alert' and contains(.,'Congratulations! Your accounts have been linked')]
2020-03-16 10:58:10,739 [main] INFO   com.yodlee.core.base.CoreBasePage(1316) - Waiting for element to be present in DOM 15 seconds element:: By.xpath: //div[@role='alert' and contains(.,'Congratulations! Your accounts have been linked')]
2020-03-16 10:58:11,751 [main] INFO   com.yodlee.core.base.CoreBasePage(1316) - Waiting for element to be present in DOM 16 seconds element:: By.xpath: //div[@role='alert' and contains(.,'Congratulations! Your accounts have been linked')]
2020-03-16 10:58:12,762 [main] INFO   com.yodlee.core.base.CoreBasePage(1316) - Waiting for element to be present in DOM 17 seconds element:: By.xpath: //div[@role='alert' and contains(.,'Congratulations! Your accounts have been linked')]
2020-03-16 10:58:13,786 [main] INFO   com.yodlee.core.base.CoreBasePage(642) - Scrolling element to middle...
2020-03-16 10:58:14,007 [main] INFO   com.yodlee.core.base.CoreBasePage(31) - **********************************************
2020-03-16 10:58:14,008 [main] INFO   com.yodlee.core.base.CoreBasePage(32) - Scenario :: 'Verify Dashboard' has started
2020-03-16 10:58:16,307 [main] INFO   com.yodlee.core.base.CoreBasePage(70) - Logical name : DashboardPage.header ---- Expected Value : Dashboard ---- Actual Value : Dashboard
2020-03-16 10:58:17,396 [main] INFO   com.yodlee.core.base.CoreBasePage(70) - Logical name : DashboardPage.AmountLeftToSpend ---- Expected Value : $65,509 .56 ---- Actual Value : $65,509 .56
2020-03-16 10:58:17,726 [main] INFO   com.yodlee.core.base.CoreBasePage(70) - Logical name : DashboardPage.InvetmentTotal ---- Expected Value : $1,331,807,520.00 ---- Actual Value : $1,331,807,520.00
2020-03-16 10:58:18,047 [main] INFO   com.yodlee.core.base.CoreBasePage(31) - **********************************************
2020-03-16 10:58:18,047 [main] INFO   com.yodlee.core.base.CoreBasePage(32) - Scenario :: 'verify fincheck disclaimer message in dashboard' has started
2020-03-16 10:58:22,309 [main] INFO   com.yodlee.core.base.CoreBasePage(70) - Logical name : DashboardPage.FincheckDisclaimerMessage ---- Expected Value : A digital assistant that organizes and measures your financial health. So you know exactly where you stand at any given time and what you should do next. ---- Actual Value : A digital assistant that organizes and measures your financial health. So you know exactly where you stand at any given time and what you should do next.
2020-03-16 10:58:22,582 [main] INFO   com.yodlee.core.base.CoreBasePage(31) - **********************************************
2020-03-16 10:58:22,582 [main] INFO   com.yodlee.core.base.CoreBasePage(32) - Scenario :: 'verify accounts in the dashboard' has started
2020-03-16 10:58:23,079 [main] INFO   com.yodlee.core.base.CoreBasePage(1316) - Waiting for element to be present in DOM 0 seconds element:: By.xpath: //*[@autoid='accounts-container-level-low']//div[contains(@class,'account-details')]//span[@class='ellipsis']
2020-03-16 10:58:24,188 [main] INFO   com.yodlee.core.base.CoreBasePage(642) - Scrolling element to middle...
