2020-03-18 14:26:08,521 [main] INFO   LoginTestRunner(25) - Browser :: chrome
2020-03-18 14:26:08,537 [main] INFO   LoginTestRunner(26) - Environment :: YCOM_L1
2020-03-18 14:26:09,975 [main] TRACE  i.g.bonigarcia.wdm.WebDriverManager(634) - Using preferences true
2020-03-18 14:26:09,975 [main] DEBUG  i.github.bonigarcia.wdm.Preferences(118) - Preference chrome=80 (valid until 2020-03-19 13:35:24)
2020-03-18 14:26:09,975 [main] TRACE  i.g.bonigarcia.wdm.WebDriverManager(601) - Detected Google Chrome version 80
2020-03-18 14:26:09,987 [main] TRACE  i.g.bonigarcia.wdm.WebDriverManager(634) - Using preferences true
2020-03-18 14:26:09,987 [main] DEBUG  i.github.bonigarcia.wdm.Preferences(118) - Preference chrome80=80.0.3987.106 (valid until 2020-03-19 13:35:24)
2020-03-18 14:26:09,987 [main] INFO   i.g.bonigarcia.wdm.WebDriverManager(615) - Using chromedriver 80.0.3987.106 (since Google Chrome 80 is installed in your machine)
2020-03-18 14:26:09,987 [main] TRACE  i.g.bonigarcia.wdm.WebDriverManager(536) - Managing chromedriver arch=64 version=80.0.3987.106 getLatest=false cache=false
2020-03-18 14:26:09,987 [main] TRACE  i.g.bonigarcia.wdm.WebDriverManager(868) - Checking if chromedriver exists in cache
2020-03-18 14:26:09,987 [main] TRACE  io.github.bonigarcia.wdm.Downloader(116) - Target path C:\Users\jnanesh.m/.m2/repository/webdriver
2020-03-18 14:26:10,018 [main] TRACE  i.g.bonigarcia.wdm.WebDriverManager(920) - Filter cache by chromedriver -- input list [C:\Users\jnanesh.m\.m2\repository\webdriver\chromedriver\win32\80.0.3987.106\chromedriver.exe] -- output list [C:\Users\jnanesh.m\.m2\repository\webdriver\chromedriver\win32\80.0.3987.106\chromedriver.exe] 
2020-03-18 14:26:10,018 [main] TRACE  i.g.bonigarcia.wdm.WebDriverManager(920) - Filter cache by 80.0.3987.106 -- input list [C:\Users\jnanesh.m\.m2\repository\webdriver\chromedriver\win32\80.0.3987.106\chromedriver.exe] -- output list [C:\Users\jnanesh.m\.m2\repository\webdriver\chromedriver\win32\80.0.3987.106\chromedriver.exe] 
2020-03-18 14:26:10,018 [main] TRACE  i.g.bonigarcia.wdm.WebDriverManager(920) - Filter cache by WIN -- input list [C:\Users\jnanesh.m\.m2\repository\webdriver\chromedriver\win32\80.0.3987.106\chromedriver.exe] -- output list [C:\Users\jnanesh.m\.m2\repository\webdriver\chromedriver\win32\80.0.3987.106\chromedriver.exe] 
2020-03-18 14:26:10,028 [main] TRACE  i.g.bonigarcia.wdm.WebDriverManager(634) - Using preferences true
2020-03-18 14:26:10,028 [main] TRACE  i.g.bonigarcia.wdm.WebDriverManager(634) - Using preferences true
2020-03-18 14:26:10,028 [main] DEBUG  i.g.bonigarcia.wdm.WebDriverManager(564) - Driver chromedriver 80.0.3987.106 found in cache
2020-03-18 14:26:10,028 [main] INFO   i.g.bonigarcia.wdm.WebDriverManager(1113) - Exporting webdriver.chrome.driver as C:\Users\jnanesh.m\.m2\repository\webdriver\chromedriver\win32\80.0.3987.106\chromedriver.exe
2020-03-18 14:26:21,491 [main] INFO   com.yodlee.core.base.CoreBasePage(31) - **********************************************
2020-03-18 14:26:21,491 [main] INFO   com.yodlee.core.base.CoreBasePage(32) - Scenario :: 'To login to wellness regular environment' has started
2020-03-18 14:26:28,152 [main] INFO   com.yodlee.core.base.CoreBasePage(85) - Logical name : LoginPage.Username ---- Value Entered: wr6
2020-03-18 14:26:28,971 [main] INFO   com.yodlee.core.base.CoreBasePage(85) - Logical name : LoginPage.Password ---- Value Entered: Yodlee@123
2020-03-18 14:26:29,808 [main] INFO   com.yodlee.core.base.CoreBasePage(85) - Logical name : LoginPage.FinApp ---- Value Entered: 10003700
2020-03-18 14:26:32,502 [main] INFO   com.yodlee.core.base.CoreBasePage(95) - ---clicked LoginPage.Login
2020-03-18 14:26:33,636 [main] INFO   com.yodlee.core.base.CoreBasePage(31) - **********************************************
2020-03-18 14:26:33,638 [main] INFO   com.yodlee.core.base.CoreBasePage(32) - Scenario :: 'Add an aggregated account in application' has started
2020-03-18 14:26:40,925 [main] INFO   com.yodlee.core.base.CoreBasePage(1437) - Clicking on element [By.cssSelector: #link-account-button-persist]
2020-03-18 14:26:41,047 [main] INFO   com.yodlee.core.base.CoreBasePage(642) - Scrolling element to middle...
2020-03-18 14:26:43,370 [main] INFO   com.yodlee.core.base.CoreBasePage(85) - Logical name : LinkAccountPopup.siteSearchInputBox ---- Value Entered: Dag Site
2020-03-18 14:26:43,422 [main] INFO   com.yodlee.core.base.CoreBasePage(1316) - Waiting for element to be present in DOM 0 seconds element:: By.cssSelector: .siteName
2020-03-18 14:26:44,472 [main] INFO   com.yodlee.core.base.CoreBasePage(642) - Scrolling element to middle...
2020-03-18 14:26:46,500 [main] INFO   com.yodlee.core.base.CoreBasePage(85) - Logical name : LinkAccountPopup.usernameInputBox ---- Value Entered: budget.site16441.1
2020-03-18 14:26:47,290 [main] INFO   com.yodlee.core.base.CoreBasePage(85) - Logical name : LinkAccountPopup.passwordInputBox ---- Value Entered: site16441.1
2020-03-18 14:26:47,995 [main] INFO   com.yodlee.core.base.CoreBasePage(85) - Logical name : LinkAccountPopup.re-EnterPasswordInputBox ---- Value Entered: site16441.1
2020-03-18 14:26:56,081 [main] INFO   com.yodlee.core.base.CoreBasePage(31) - **********************************************
2020-03-18 14:26:56,081 [main] INFO   com.yodlee.core.base.CoreBasePage(32) - Scenario :: 'Verify Dashboard' has started
2020-03-18 14:26:56,221 [main] INFO   com.yodlee.core.base.CoreBasePage(230) - TimeoutException: DashboardPage.header  is not shown in given time
2020-03-18 14:26:56,221 [main] INFO   com.yodlee.core.base.CoreBasePage(70) - Logical name : DashboardPage.header ---- Expected Value : Dashboard ---- Actual Value : 
2020-03-18 14:26:56,274 [main] INFO   com.yodlee.core.base.CoreBasePage(230) - TimeoutException: DashboardPage.header  is not shown in given time
2020-03-18 14:26:56,335 [main] INFO   com.yodlee.core.base.CoreBasePage(31) - **********************************************
2020-03-18 14:26:56,335 [main] INFO   com.yodlee.core.base.CoreBasePage(32) - Scenario :: 'verify fincheck disclaimer message in dashboard' has started
2020-03-18 14:26:56,406 [main] INFO   com.yodlee.core.base.CoreBasePage(230) - TimeoutException: DashboardPage.FincheckDisclaimerMessage  is not shown in given time
2020-03-18 14:26:56,414 [main] INFO   com.yodlee.core.base.CoreBasePage(70) - Logical name : DashboardPage.FincheckDisclaimerMessage ---- Expected Value : A digital assistant that organizes and measures your financial health. So you know exactly where you stand at any given time and what you should do next. ---- Actual Value : 
2020-03-18 14:26:56,426 [main] INFO   com.yodlee.core.base.CoreBasePage(230) - TimeoutException: DashboardPage.FincheckDisclaimerMessage  is not shown in given time
2020-03-18 14:26:56,477 [main] INFO   com.yodlee.core.base.CoreBasePage(31) - **********************************************
2020-03-18 14:26:56,477 [main] INFO   com.yodlee.core.base.CoreBasePage(32) - Scenario :: 'verify accounts in the dashboard' has started
2020-03-18 14:26:56,700 [main] ERROR  com.yodlee.core.base.CoreBasePage(1325) - Element is not present in DOM element:: By.xpath: //*[@autoid='accounts-container-level-low']//div[contains(@class,'account-details')]//span[@class='ellipsis']
