2020-03-18 16:30:22,177 [main] INFO   LoginTestRunner(25) - Browser :: chrome
2020-03-18 16:30:22,192 [main] INFO   LoginTestRunner(26) - Environment :: YCOM_L1
2020-03-18 16:30:23,798 [main] TRACE  i.g.bonigarcia.wdm.WebDriverManager(634) - Using preferences true
2020-03-18 16:30:23,800 [main] DEBUG  i.github.bonigarcia.wdm.Preferences(118) - Preference chrome=80 (valid until 2020-03-19 13:35:24)
2020-03-18 16:30:23,803 [main] TRACE  i.g.bonigarcia.wdm.WebDriverManager(601) - Detected Google Chrome version 80
2020-03-18 16:30:23,805 [main] TRACE  i.g.bonigarcia.wdm.WebDriverManager(634) - Using preferences true
2020-03-18 16:30:23,805 [main] DEBUG  i.github.bonigarcia.wdm.Preferences(118) - Preference chrome80=80.0.3987.106 (valid until 2020-03-19 13:35:24)
2020-03-18 16:30:23,805 [main] INFO   i.g.bonigarcia.wdm.WebDriverManager(615) - Using chromedriver 80.0.3987.106 (since Google Chrome 80 is installed in your machine)
2020-03-18 16:30:23,805 [main] TRACE  i.g.bonigarcia.wdm.WebDriverManager(536) - Managing chromedriver arch=64 version=80.0.3987.106 getLatest=false cache=false
2020-03-18 16:30:23,805 [main] TRACE  i.g.bonigarcia.wdm.WebDriverManager(868) - Checking if chromedriver exists in cache
2020-03-18 16:30:23,805 [main] TRACE  io.github.bonigarcia.wdm.Downloader(116) - Target path C:\Users\jnanesh.m/.m2/repository/webdriver
2020-03-18 16:30:23,837 [main] TRACE  i.g.bonigarcia.wdm.WebDriverManager(920) - Filter cache by chromedriver -- input list [C:\Users\jnanesh.m\.m2\repository\webdriver\chromedriver\win32\80.0.3987.106\chromedriver.exe] -- output list [C:\Users\jnanesh.m\.m2\repository\webdriver\chromedriver\win32\80.0.3987.106\chromedriver.exe] 
2020-03-18 16:30:23,837 [main] TRACE  i.g.bonigarcia.wdm.WebDriverManager(920) - Filter cache by 80.0.3987.106 -- input list [C:\Users\jnanesh.m\.m2\repository\webdriver\chromedriver\win32\80.0.3987.106\chromedriver.exe] -- output list [C:\Users\jnanesh.m\.m2\repository\webdriver\chromedriver\win32\80.0.3987.106\chromedriver.exe] 
2020-03-18 16:30:23,837 [main] TRACE  i.g.bonigarcia.wdm.WebDriverManager(920) - Filter cache by WIN -- input list [C:\Users\jnanesh.m\.m2\repository\webdriver\chromedriver\win32\80.0.3987.106\chromedriver.exe] -- output list [C:\Users\jnanesh.m\.m2\repository\webdriver\chromedriver\win32\80.0.3987.106\chromedriver.exe] 
2020-03-18 16:30:23,837 [main] TRACE  i.g.bonigarcia.wdm.WebDriverManager(634) - Using preferences true
2020-03-18 16:30:23,837 [main] TRACE  i.g.bonigarcia.wdm.WebDriverManager(634) - Using preferences true
2020-03-18 16:30:23,837 [main] DEBUG  i.g.bonigarcia.wdm.WebDriverManager(564) - Driver chromedriver 80.0.3987.106 found in cache
2020-03-18 16:30:23,852 [main] INFO   i.g.bonigarcia.wdm.WebDriverManager(1113) - Exporting webdriver.chrome.driver as C:\Users\jnanesh.m\.m2\repository\webdriver\chromedriver\win32\80.0.3987.106\chromedriver.exe
2020-03-18 16:30:36,459 [main] INFO   com.yodlee.core.base.CoreBasePage(31) - **********************************************
2020-03-18 16:30:36,467 [main] INFO   com.yodlee.core.base.CoreBasePage(32) - Scenario :: 'To login to wellness regular environment' has started
2020-03-18 16:30:40,372 [main] INFO   com.yodlee.core.base.CoreBasePage(85) - Logical name : LoginPage.Username ---- Value Entered: wr6
2020-03-18 16:30:40,982 [main] INFO   com.yodlee.core.base.CoreBasePage(85) - Logical name : LoginPage.Password ---- Value Entered: Yodlee@123
2020-03-18 16:30:41,520 [main] INFO   com.yodlee.core.base.CoreBasePage(85) - Logical name : LoginPage.FinApp ---- Value Entered: 10003700
2020-03-18 16:30:44,273 [main] INFO   com.yodlee.core.base.CoreBasePage(95) - ---clicked LoginPage.Login
2020-03-18 16:30:45,431 [main] INFO   com.yodlee.core.base.CoreBasePage(31) - **********************************************
2020-03-18 16:30:45,432 [main] INFO   com.yodlee.core.base.CoreBasePage(32) - Scenario :: 'Add an aggregated account in application' has started
2020-03-18 16:30:52,230 [main] INFO   com.yodlee.core.base.CoreBasePage(1436) - Clicking on element [By.cssSelector: #link-account-button-persist]
2020-03-18 16:30:52,330 [main] INFO   com.yodlee.core.base.CoreBasePage(641) - Scrolling element to middle...
2020-03-18 16:30:54,644 [main] INFO   com.yodlee.core.base.CoreBasePage(85) - Logical name : LinkAccountPopup.siteSearchInputBox ---- Value Entered: Dag Site
2020-03-18 16:30:54,694 [main] INFO   com.yodlee.core.base.CoreBasePage(1315) - Waiting for element to be present in DOM 0 seconds element:: By.cssSelector: .siteName
2020-03-18 16:30:55,732 [main] INFO   com.yodlee.core.base.CoreBasePage(641) - Scrolling element to middle...
2020-03-18 16:30:57,697 [main] INFO   com.yodlee.core.base.CoreBasePage(85) - Logical name : LinkAccountPopup.usernameInputBox ---- Value Entered: budget.site16441.1
2020-03-18 16:30:58,394 [main] INFO   com.yodlee.core.base.CoreBasePage(85) - Logical name : LinkAccountPopup.passwordInputBox ---- Value Entered: site16441.1
2020-03-18 16:30:59,117 [main] INFO   com.yodlee.core.base.CoreBasePage(85) - Logical name : LinkAccountPopup.re-EnterPasswordInputBox ---- Value Entered: site16441.1
2020-03-18 16:30:59,644 [main] INFO   com.yodlee.core.base.CoreBasePage(95) - ---clicked LinkAccountPopup.sumitbutton
2020-03-18 16:31:14,939 [main] INFO   com.yodlee.core.base.CoreBasePage(31) - **********************************************
2020-03-18 16:31:14,939 [main] INFO   com.yodlee.core.base.CoreBasePage(32) - Scenario :: 'Verify Dashboard' has started
2020-03-18 16:31:15,098 [main] INFO   com.yodlee.core.base.CoreBasePage(229) - TimeoutException: DashboardPage.header  is not shown in given time
2020-03-18 16:31:15,108 [main] INFO   com.yodlee.core.base.CoreBasePage(70) - Logical name : DashboardPage.header ---- Expected Value : Dashboard ---- Actual Value : 
2020-03-18 16:31:15,149 [main] INFO   com.yodlee.core.base.CoreBasePage(229) - TimeoutException: DashboardPage.header  is not shown in given time
2020-03-18 16:31:15,220 [main] INFO   com.yodlee.core.base.CoreBasePage(31) - **********************************************
2020-03-18 16:31:15,220 [main] INFO   com.yodlee.core.base.CoreBasePage(32) - Scenario :: 'verify fincheck disclaimer message in dashboard' has started
2020-03-18 16:31:15,301 [main] INFO   com.yodlee.core.base.CoreBasePage(229) - TimeoutException: DashboardPage.FincheckDisclaimerMessage  is not shown in given time
2020-03-18 16:31:15,301 [main] INFO   com.yodlee.core.base.CoreBasePage(70) - Logical name : DashboardPage.FincheckDisclaimerMessage ---- Expected Value : A digital assistant that organizes and measures your financial health. So you know exactly where you stand at any given time and what you should do next. ---- Actual Value : 
2020-03-18 16:31:15,340 [main] INFO   com.yodlee.core.base.CoreBasePage(229) - TimeoutException: DashboardPage.FincheckDisclaimerMessage  is not shown in given time
2020-03-18 16:31:15,382 [main] INFO   com.yodlee.core.base.CoreBasePage(31) - **********************************************
2020-03-18 16:31:15,382 [main] INFO   com.yodlee.core.base.CoreBasePage(32) - Scenario :: 'verify accounts in the dashboard' has started
2020-03-18 16:31:15,502 [main] ERROR  com.yodlee.core.base.CoreBasePage(1324) - Element is not present in DOM element:: By.xpath: //*[@autoid='accounts-container-level-low']//div[contains(@class,'account-details')]//span[@class='ellipsis']
