2020-11-17 12:13:25,324 [main] INFO   LoginTestRunner(25) - Browser :: chrome
2020-11-17 12:13:25,329 [main] INFO   LoginTestRunner(26) - Environment :: YCOM_L1
2020-11-17 12:13:25,753 [main] TRACE  i.g.bonigarcia.wdm.WebDriverManager(634) - Using preferences true
2020-11-17 12:13:25,754 [main] DEBUG  i.github.bonigarcia.wdm.Preferences(118) - Preference chrome=86 (valid until 2020-11-17 22:00:33)
2020-11-17 12:13:25,754 [main] TRACE  i.g.bonigarcia.wdm.WebDriverManager(601) - Detected Google Chrome version 86
2020-11-17 12:13:25,755 [main] TRACE  i.g.bonigarcia.wdm.WebDriverManager(634) - Using preferences true
2020-11-17 12:13:25,760 [main] DEBUG  i.github.bonigarcia.wdm.Preferences(118) - Preference chrome86=86.0.4240.22 (valid until 2020-11-17 22:00:33)
2020-11-17 12:13:25,760 [main] INFO   i.g.bonigarcia.wdm.WebDriverManager(615) - Using chromedriver 86.0.4240.22 (since Google Chrome 86 is installed in your machine)
2020-11-17 12:13:25,760 [main] TRACE  i.g.bonigarcia.wdm.WebDriverManager(536) - Managing chromedriver arch=64 version=86.0.4240.22 getLatest=false cache=false
2020-11-17 12:13:25,760 [main] TRACE  i.g.bonigarcia.wdm.WebDriverManager(868) - Checking if chromedriver exists in cache
2020-11-17 12:13:25,761 [main] TRACE  io.github.bonigarcia.wdm.Downloader(116) - Target path C:\Users\jnanesh.m/.m2/repository/webdriver
2020-11-17 12:13:25,771 [main] TRACE  i.g.bonigarcia.wdm.WebDriverManager(920) - Filter cache by chromedriver -- input list [C:\Users\jnanesh.m\.m2\repository\webdriver\chromedriver\win32\80.0.3987.106\chromedriver.exe, C:\Users\jnanesh.m\.m2\repository\webdriver\chromedriver\win32\81.0.4044.138\chromedriver.exe, C:\Users\jnanesh.m\.m2\repository\webdriver\chromedriver\win32\84.0.4147.30\chromedriver.exe, C:\Users\jnanesh.m\.m2\repository\webdriver\chromedriver\win32\85.0.4183.87\chromedriver.exe, C:\Users\jnanesh.m\.m2\repository\webdriver\chromedriver\win32\86.0.4240.22\chromedriver.exe] -- output list [C:\Users\jnanesh.m\.m2\repository\webdriver\chromedriver\win32\80.0.3987.106\chromedriver.exe, C:\Users\jnanesh.m\.m2\repository\webdriver\chromedriver\win32\81.0.4044.138\chromedriver.exe, C:\Users\jnanesh.m\.m2\repository\webdriver\chromedriver\win32\84.0.4147.30\chromedriver.exe, C:\Users\jnanesh.m\.m2\repository\webdriver\chromedriver\win32\85.0.4183.87\chromedriver.exe, C:\Users\jnanesh.m\.m2\repository\webdriver\chromedriver\win32\86.0.4240.22\chromedriver.exe] 
2020-11-17 12:13:25,771 [main] TRACE  i.g.bonigarcia.wdm.WebDriverManager(920) - Filter cache by 86.0.4240.22 -- input list [C:\Users\jnanesh.m\.m2\repository\webdriver\chromedriver\win32\80.0.3987.106\chromedriver.exe, C:\Users\jnanesh.m\.m2\repository\webdriver\chromedriver\win32\81.0.4044.138\chromedriver.exe, C:\Users\jnanesh.m\.m2\repository\webdriver\chromedriver\win32\84.0.4147.30\chromedriver.exe, C:\Users\jnanesh.m\.m2\repository\webdriver\chromedriver\win32\85.0.4183.87\chromedriver.exe, C:\Users\jnanesh.m\.m2\repository\webdriver\chromedriver\win32\86.0.4240.22\chromedriver.exe] -- output list [C:\Users\jnanesh.m\.m2\repository\webdriver\chromedriver\win32\86.0.4240.22\chromedriver.exe] 
2020-11-17 12:13:25,771 [main] TRACE  i.g.bonigarcia.wdm.WebDriverManager(920) - Filter cache by WIN -- input list [C:\Users\jnanesh.m\.m2\repository\webdriver\chromedriver\win32\86.0.4240.22\chromedriver.exe] -- output list [C:\Users\jnanesh.m\.m2\repository\webdriver\chromedriver\win32\86.0.4240.22\chromedriver.exe] 
2020-11-17 12:13:25,772 [main] TRACE  i.g.bonigarcia.wdm.WebDriverManager(634) - Using preferences true
2020-11-17 12:13:25,774 [main] TRACE  i.g.bonigarcia.wdm.WebDriverManager(634) - Using preferences true
2020-11-17 12:13:25,774 [main] DEBUG  i.g.bonigarcia.wdm.WebDriverManager(564) - Driver chromedriver 86.0.4240.22 found in cache
2020-11-17 12:13:25,775 [main] INFO   i.g.bonigarcia.wdm.WebDriverManager(1113) - Exporting webdriver.chrome.driver as C:\Users\jnanesh.m\.m2\repository\webdriver\chromedriver\win32\86.0.4240.22\chromedriver.exe
2020-11-17 12:13:29,769 [main] INFO   c.p.core.base.Page500CoreBasePage(31) - **********************************************
2020-11-17 12:13:29,769 [main] INFO   c.p.core.base.Page500CoreBasePage(32) - Scenario :: 'Validate Selling and Buying Price' has started
2020-11-17 12:13:32,177 [main] INFO   c.p.core.base.Page500CoreBasePage(150) - ---clicked LoginPage.DemoMode
2020-11-17 12:13:32,288 [main] INFO   c.p.core.base.Page500CoreBasePage(262) - TimeoutException: LoginPage.LoginTab  is not shown in given time
2020-11-17 12:13:32,289 [main] INFO   c.p.core.base.Page500CoreBasePage(150) - ---clicked LoginPage.LoginTab
2020-11-17 12:13:36,396 [main] INFO   c.p.core.base.Page500CoreBasePage(129) - succesfully sent the keys:: "cm.jnanesh@gmail.com" to the input box of element:: [[ChromeDriver: chrome on WINDOWS (763e90888b4d76694c9716441c925fbe)] -> xpath: //input[@id='email']]
2020-11-17 12:13:36,397 [main] INFO   c.p.core.base.Page500CoreBasePage(121) - Logical name : LoginPage.UserEmail ---- Value Entered: cm.jnanesh@gmail.com
2020-11-17 12:13:36,674 [main] INFO   c.p.core.base.Page500CoreBasePage(129) - succesfully sent the keys:: "plus500_jna" to the input box of element:: [[ChromeDriver: chrome on WINDOWS (763e90888b4d76694c9716441c925fbe)] -> xpath: //input[@id='password']]
2020-11-17 12:13:36,675 [main] INFO   c.p.core.base.Page500CoreBasePage(121) - Logical name : LoginPage.Password ---- Value Entered: plus500_jna
2020-11-17 12:13:36,868 [main] INFO   c.p.core.base.Page500CoreBasePage(150) - ---clicked LoginPage.Login
2020-11-17 12:13:36,883 [main] INFO   c.p.core.base.Page500CoreBasePage(66) - Expected Value : Plus500 WebTrader | Leading CFD Platform | Online Trading ---- Actual Value : Plus500 WebTrader | Leading CFD Platform | Online Trading
2020-11-17 12:13:41,322 [main] INFO   c.p.core.base.Page500CoreBasePage(129) - succesfully sent the keys:: "GBP/USD" to the input box of element:: [[ChromeDriver: chrome on WINDOWS (763e90888b4d76694c9716441c925fbe)] -> xpath: //input[@id='main-search-input']]
2020-11-17 12:13:41,323 [main] INFO   c.p.core.base.Page500CoreBasePage(121) - Logical name : HomePage.Search ---- Value Entered: GBP/USD
