2020-03-18 14:50:15,032 [main] INFO   LoginTestRunner(25) - Browser :: chrome
2020-03-18 14:50:15,055 [main] INFO   LoginTestRunner(26) - Environment :: YCOM_L1
2020-03-18 14:50:16,746 [main] TRACE  i.g.bonigarcia.wdm.WebDriverManager(634) - Using preferences true
2020-03-18 14:50:16,750 [main] DEBUG  i.github.bonigarcia.wdm.Preferences(118) - Preference chrome=80 (valid until 2020-03-19 13:35:24)
2020-03-18 14:50:16,751 [main] TRACE  i.g.bonigarcia.wdm.WebDriverManager(601) - Detected Google Chrome version 80
2020-03-18 14:50:16,756 [main] TRACE  i.g.bonigarcia.wdm.WebDriverManager(634) - Using preferences true
2020-03-18 14:50:16,762 [main] DEBUG  i.github.bonigarcia.wdm.Preferences(118) - Preference chrome80=80.0.3987.106 (valid until 2020-03-19 13:35:24)
2020-03-18 14:50:16,762 [main] INFO   i.g.bonigarcia.wdm.WebDriverManager(615) - Using chromedriver 80.0.3987.106 (since Google Chrome 80 is installed in your machine)
2020-03-18 14:50:16,763 [main] TRACE  i.g.bonigarcia.wdm.WebDriverManager(536) - Managing chromedriver arch=64 version=80.0.3987.106 getLatest=false cache=false
2020-03-18 14:50:16,764 [main] TRACE  i.g.bonigarcia.wdm.WebDriverManager(868) - Checking if chromedriver exists in cache
2020-03-18 14:50:16,767 [main] TRACE  io.github.bonigarcia.wdm.Downloader(116) - Target path C:\Users\jnanesh.m/.m2/repository/webdriver
2020-03-18 14:50:16,801 [main] TRACE  i.g.bonigarcia.wdm.WebDriverManager(920) - Filter cache by chromedriver -- input list [C:\Users\jnanesh.m\.m2\repository\webdriver\chromedriver\win32\80.0.3987.106\chromedriver.exe] -- output list [C:\Users\jnanesh.m\.m2\repository\webdriver\chromedriver\win32\80.0.3987.106\chromedriver.exe] 
2020-03-18 14:50:16,802 [main] TRACE  i.g.bonigarcia.wdm.WebDriverManager(920) - Filter cache by 80.0.3987.106 -- input list [C:\Users\jnanesh.m\.m2\repository\webdriver\chromedriver\win32\80.0.3987.106\chromedriver.exe] -- output list [C:\Users\jnanesh.m\.m2\repository\webdriver\chromedriver\win32\80.0.3987.106\chromedriver.exe] 
2020-03-18 14:50:16,803 [main] TRACE  i.g.bonigarcia.wdm.WebDriverManager(920) - Filter cache by WIN -- input list [C:\Users\jnanesh.m\.m2\repository\webdriver\chromedriver\win32\80.0.3987.106\chromedriver.exe] -- output list [C:\Users\jnanesh.m\.m2\repository\webdriver\chromedriver\win32\80.0.3987.106\chromedriver.exe] 
2020-03-18 14:50:16,805 [main] TRACE  i.g.bonigarcia.wdm.WebDriverManager(634) - Using preferences true
2020-03-18 14:50:16,808 [main] TRACE  i.g.bonigarcia.wdm.WebDriverManager(634) - Using preferences true
2020-03-18 14:50:16,809 [main] DEBUG  i.g.bonigarcia.wdm.WebDriverManager(564) - Driver chromedriver 80.0.3987.106 found in cache
2020-03-18 14:50:16,812 [main] INFO   i.g.bonigarcia.wdm.WebDriverManager(1113) - Exporting webdriver.chrome.driver as C:\Users\jnanesh.m\.m2\repository\webdriver\chromedriver\win32\80.0.3987.106\chromedriver.exe
2020-03-18 14:50:29,159 [main] INFO   com.yodlee.core.base.CoreBasePage(31) - **********************************************
2020-03-18 14:50:29,162 [main] INFO   com.yodlee.core.base.CoreBasePage(32) - Scenario :: 'To login to wellness regular environment' has started
2020-03-18 14:50:33,419 [main] INFO   com.yodlee.core.base.CoreBasePage(85) - Logical name : LoginPage.Username ---- Value Entered: wr6
2020-03-18 14:50:33,978 [main] INFO   com.yodlee.core.base.CoreBasePage(85) - Logical name : LoginPage.Password ---- Value Entered: Yodlee@123
2020-03-18 14:50:34,492 [main] INFO   com.yodlee.core.base.CoreBasePage(85) - Logical name : LoginPage.FinApp ---- Value Entered: 10003700
2020-03-18 14:50:36,519 [main] INFO   com.yodlee.core.base.CoreBasePage(95) - ---clicked LoginPage.Login
2020-03-18 14:50:37,488 [main] INFO   com.yodlee.core.base.CoreBasePage(31) - **********************************************
2020-03-18 14:50:37,490 [main] INFO   com.yodlee.core.base.CoreBasePage(32) - Scenario :: 'Add an aggregated account in application' has started
2020-03-18 14:50:43,651 [main] INFO   com.yodlee.core.base.CoreBasePage(1436) - Clicking on element [By.cssSelector: #link-account-button-persist]
2020-03-18 14:50:43,731 [main] INFO   com.yodlee.core.base.CoreBasePage(641) - Scrolling element to middle...
2020-03-18 14:50:46,110 [main] INFO   com.yodlee.core.base.CoreBasePage(85) - Logical name : LinkAccountPopup.siteSearchInputBox ---- Value Entered: Dag Site
2020-03-18 14:50:46,158 [main] INFO   com.yodlee.core.base.CoreBasePage(1315) - Waiting for element to be present in DOM 0 seconds element:: By.cssSelector: .siteName
2020-03-18 14:50:47,210 [main] INFO   com.yodlee.core.base.CoreBasePage(641) - Scrolling element to middle...
2020-03-18 14:50:49,405 [main] INFO   com.yodlee.core.base.CoreBasePage(85) - Logical name : LinkAccountPopup.usernameInputBox ---- Value Entered: budget.site16441.1
2020-03-18 14:50:50,133 [main] INFO   com.yodlee.core.base.CoreBasePage(85) - Logical name : LinkAccountPopup.passwordInputBox ---- Value Entered: site16441.1
2020-03-18 14:50:50,823 [main] INFO   com.yodlee.core.base.CoreBasePage(85) - Logical name : LinkAccountPopup.re-EnterPasswordInputBox ---- Value Entered: site16441.1
2020-03-18 14:50:51,217 [main] INFO   com.yodlee.core.base.CoreBasePage(95) - ---clicked LinkAccountPopup.sumitbutton
2020-03-18 14:51:51,259 [main] INFO   com.yodlee.core.base.CoreBasePage(229) - TimeoutException: LinkAccountPopup.accountAddedSuccessfully  is not shown in given time
2020-03-18 14:51:51,261 [main] INFO   com.yodlee.core.base.CoreBasePage(70) - Logical name : LinkAccountPopup.accountAddedSuccessfully ---- Expected Value : Congratulations! Your accounts have been linked ---- Actual Value : 
2020-03-18 14:52:51,335 [main] INFO   com.yodlee.core.base.CoreBasePage(229) - TimeoutException: LinkAccountPopup.accountAddedSuccessfully  is not shown in given time
2020-03-18 14:52:52,987 [main] INFO   com.yodlee.core.base.CoreBasePage(31) - **********************************************
2020-03-18 14:52:52,988 [main] INFO   com.yodlee.core.base.CoreBasePage(32) - Scenario :: 'Verify Dashboard' has started
2020-03-18 14:52:59,871 [main] INFO   com.yodlee.core.base.CoreBasePage(70) - Logical name : DashboardPage.header ---- Expected Value : Dashboard ---- Actual Value : Dashboard
2020-03-18 14:53:00,465 [main] INFO   com.yodlee.core.base.CoreBasePage(70) - Logical name : DashboardPage.AmountLeftToSpend ---- Expected Value : $65,509 .56 ---- Actual Value : $65,564 .34
2020-03-18 14:53:01,921 [main] INFO   com.yodlee.core.base.CoreBasePage(31) - **********************************************
2020-03-18 14:53:01,922 [main] INFO   com.yodlee.core.base.CoreBasePage(32) - Scenario :: 'verify fincheck disclaimer message in dashboard' has started
2020-03-18 14:53:07,445 [main] INFO   com.yodlee.core.base.CoreBasePage(70) - Logical name : DashboardPage.FincheckDisclaimerMessage ---- Expected Value : A digital assistant that organizes and measures your financial health. So you know exactly where you stand at any given time and what you should do next. ---- Actual Value : A digital assistant that organizes and measures your financial health. So you know exactly where you stand at any given time and what you should do next.
2020-03-18 14:53:08,287 [main] INFO   com.yodlee.core.base.CoreBasePage(31) - **********************************************
2020-03-18 14:53:08,288 [main] INFO   com.yodlee.core.base.CoreBasePage(32) - Scenario :: 'verify accounts in the dashboard' has started
2020-03-18 14:53:10,935 [main] INFO   com.yodlee.core.base.CoreBasePage(1315) - Waiting for element to be present in DOM 0 seconds element:: By.xpath: //*[@autoid='accounts-container-level-low']//div[contains(@class,'account-details')]//span[@class='ellipsis']
2020-03-18 14:53:12,171 [main] INFO   com.yodlee.core.base.CoreBasePage(1315) - Waiting for element to be present in DOM 1 seconds element:: By.xpath: //*[@autoid='accounts-container-level-low']//div[contains(@class,'account-details')]//span[@class='ellipsis']
2020-03-18 14:53:13,432 [main] INFO   com.yodlee.core.base.CoreBasePage(641) - Scrolling element to middle...
