2020-02-25 15:15:19,315 [main] INFO   LoginTestRunner(28) - Browser :: chrome
2020-02-25 15:15:19,321 [main] INFO   LoginTestRunner(29) - Environment :: YCOM_L1
2020-02-25 15:15:19,633 [main] TRACE  i.g.bonigarcia.wdm.WebDriverManager(634) - Using preferences true
2020-02-25 15:15:19,635 [main] DEBUG  i.github.bonigarcia.wdm.Preferences(118) - Preference chrome=80 (valid until 2020-02-26 14:34:50)
2020-02-25 15:15:19,635 [main] TRACE  i.g.bonigarcia.wdm.WebDriverManager(601) - Detected Google Chrome version 80
2020-02-25 15:15:19,636 [main] TRACE  i.g.bonigarcia.wdm.WebDriverManager(634) - Using preferences true
2020-02-25 15:15:19,641 [main] DEBUG  i.github.bonigarcia.wdm.Preferences(118) - Preference chrome80=80.0.3987.106 (valid until 2020-02-26 14:34:50)
2020-02-25 15:15:19,641 [main] INFO   i.g.bonigarcia.wdm.WebDriverManager(615) - Using chromedriver 80.0.3987.106 (since Google Chrome 80 is installed in your machine)
2020-02-25 15:15:19,641 [main] TRACE  i.g.bonigarcia.wdm.WebDriverManager(536) - Managing chromedriver arch=64 version=80.0.3987.106 getLatest=false cache=false
2020-02-25 15:15:19,641 [main] TRACE  i.g.bonigarcia.wdm.WebDriverManager(868) - Checking if chromedriver exists in cache
2020-02-25 15:15:19,642 [main] TRACE  io.github.bonigarcia.wdm.Downloader(116) - Target path C:\Users\kongara.sravan/.m2/repository/webdriver
2020-02-25 15:15:19,654 [main] TRACE  i.g.bonigarcia.wdm.WebDriverManager(920) - Filter cache by chromedriver -- input list [C:\Users\kongara.sravan\.m2\repository\webdriver\chromedriver\win32\78.0.3904.105\chromedriver.exe, C:\Users\kongara.sravan\.m2\repository\webdriver\chromedriver\win32\78.0.3904.11\chromedriver.exe, C:\Users\kongara.sravan\.m2\repository\webdriver\chromedriver\win32\78.0.3904.70\chromedriver.exe, C:\Users\kongara.sravan\.m2\repository\webdriver\chromedriver\win32\79.0.3945.36\chromedriver.exe, C:\Users\kongara.sravan\.m2\repository\webdriver\chromedriver\win32\80.0.3987.106\chromedriver.exe, C:\Users\kongara.sravan\.m2\repository\webdriver\chromedriver\win32\80.0.3987.16\chromedriver.exe, C:\Users\kongara.sravan\.m2\repository\webdriver\geckodriver\win64\0.26.0\geckodriver.exe] -- output list [C:\Users\kongara.sravan\.m2\repository\webdriver\chromedriver\win32\78.0.3904.105\chromedriver.exe, C:\Users\kongara.sravan\.m2\repository\webdriver\chromedriver\win32\78.0.3904.11\chromedriver.exe, C:\Users\kongara.sravan\.m2\repository\webdriver\chromedriver\win32\78.0.3904.70\chromedriver.exe, C:\Users\kongara.sravan\.m2\repository\webdriver\chromedriver\win32\79.0.3945.36\chromedriver.exe, C:\Users\kongara.sravan\.m2\repository\webdriver\chromedriver\win32\80.0.3987.106\chromedriver.exe, C:\Users\kongara.sravan\.m2\repository\webdriver\chromedriver\win32\80.0.3987.16\chromedriver.exe] 
2020-02-25 15:15:19,654 [main] TRACE  i.g.bonigarcia.wdm.WebDriverManager(920) - Filter cache by 80.0.3987.106 -- input list [C:\Users\kongara.sravan\.m2\repository\webdriver\chromedriver\win32\78.0.3904.105\chromedriver.exe, C:\Users\kongara.sravan\.m2\repository\webdriver\chromedriver\win32\78.0.3904.11\chromedriver.exe, C:\Users\kongara.sravan\.m2\repository\webdriver\chromedriver\win32\78.0.3904.70\chromedriver.exe, C:\Users\kongara.sravan\.m2\repository\webdriver\chromedriver\win32\79.0.3945.36\chromedriver.exe, C:\Users\kongara.sravan\.m2\repository\webdriver\chromedriver\win32\80.0.3987.106\chromedriver.exe, C:\Users\kongara.sravan\.m2\repository\webdriver\chromedriver\win32\80.0.3987.16\chromedriver.exe] -- output list [C:\Users\kongara.sravan\.m2\repository\webdriver\chromedriver\win32\80.0.3987.106\chromedriver.exe] 
2020-02-25 15:15:19,654 [main] TRACE  i.g.bonigarcia.wdm.WebDriverManager(920) - Filter cache by WIN -- input list [C:\Users\kongara.sravan\.m2\repository\webdriver\chromedriver\win32\80.0.3987.106\chromedriver.exe] -- output list [C:\Users\kongara.sravan\.m2\repository\webdriver\chromedriver\win32\80.0.3987.106\chromedriver.exe] 
2020-02-25 15:15:19,654 [main] TRACE  i.g.bonigarcia.wdm.WebDriverManager(634) - Using preferences true
2020-02-25 15:15:19,656 [main] TRACE  i.g.bonigarcia.wdm.WebDriverManager(634) - Using preferences true
2020-02-25 15:15:19,656 [main] DEBUG  i.g.bonigarcia.wdm.WebDriverManager(564) - Driver chromedriver 80.0.3987.106 found in cache
2020-02-25 15:15:19,658 [main] INFO   i.g.bonigarcia.wdm.WebDriverManager(1113) - Exporting webdriver.chrome.driver as C:\Users\kongara.sravan\.m2\repository\webdriver\chromedriver\win32\80.0.3987.106\chromedriver.exe
2020-02-25 15:15:23,858 [main] INFO   com.yodlee.core.base.CoreBasePage(31) - **********************************************
2020-02-25 15:15:23,859 [main] INFO   com.yodlee.core.base.CoreBasePage(32) - Scenario :: 'To login to wellness regular environment' has started
2020-02-25 15:15:24,696 [main] INFO   com.yodlee.core.base.CoreBasePage(84) - Logical name : LoginPage.Username ---- Value Entered: wr6
2020-02-25 15:15:24,870 [main] INFO   com.yodlee.core.base.CoreBasePage(84) - Logical name : LoginPage.Password ---- Value Entered: Yodlee@123
2020-02-25 15:15:25,016 [main] INFO   com.yodlee.core.base.CoreBasePage(84) - Logical name : LoginPage.FinApp ---- Value Entered: 10003700
2020-02-25 15:15:26,008 [main] INFO   com.yodlee.core.base.CoreBasePage(94) - ---clicked LoginPage.Login
2020-02-25 15:15:26,224 [main] INFO   com.yodlee.core.base.CoreBasePage(31) - **********************************************
2020-02-25 15:15:26,225 [main] INFO   com.yodlee.core.base.CoreBasePage(32) - Scenario :: 'Add an aggregated account in application' has started
2020-02-25 15:15:31,370 [main] INFO   com.yodlee.core.base.CoreBasePage(1427) - Clicking on element [By.cssSelector: #link-account-button-persist]
2020-02-25 15:15:31,396 [main] INFO   com.yodlee.core.base.CoreBasePage(632) - Scrolling element to middle...
2020-02-25 15:15:31,808 [main] INFO   com.yodlee.core.base.CoreBasePage(1427) - Clicking on element [By.id: siteSearch]
2020-02-25 15:15:31,829 [main] INFO   com.yodlee.core.base.CoreBasePage(1306) - Waiting for element to be present in DOM 0 seconds element:: By.id: siteSearch
2020-02-25 15:15:32,847 [main] INFO   com.yodlee.core.base.CoreBasePage(632) - Scrolling element to middle...
2020-02-25 15:15:33,176 [main] INFO   com.yodlee.core.base.CoreBasePage(1466) - succesfully sent the keys:: "Dag Site" to the input box of element:: By.id: siteSearch
2020-02-25 15:15:33,197 [main] INFO   com.yodlee.core.base.CoreBasePage(1306) - Waiting for element to be present in DOM 0 seconds element:: By.cssSelector: .siteName
2020-02-25 15:15:34,215 [main] INFO   com.yodlee.core.base.CoreBasePage(632) - Scrolling element to middle...
2020-02-25 15:15:34,546 [main] INFO   com.yodlee.core.base.CoreBasePage(1427) - Clicking on element [By.xpath: //input[@name="LOGIN" or @aria-label="Username"]]
2020-02-25 15:15:34,567 [main] INFO   com.yodlee.core.base.CoreBasePage(1306) - Waiting for element to be present in DOM 0 seconds element:: By.xpath: //input[@name="LOGIN" or @aria-label="Username"]
2020-02-25 15:15:35,588 [main] INFO   com.yodlee.core.base.CoreBasePage(632) - Scrolling element to middle...
2020-02-25 15:15:35,941 [main] INFO   com.yodlee.core.base.CoreBasePage(1466) - succesfully sent the keys:: "budget.site16441.1" to the input box of element:: By.xpath: //input[@name="LOGIN" or @aria-label="Username"]
2020-02-25 15:15:35,943 [main] INFO   com.yodlee.core.base.CoreBasePage(1427) - Clicking on element [By.xpath: //input[@name='PASSWORD' or @aria-label='Password']]
2020-02-25 15:15:35,973 [main] INFO   com.yodlee.core.base.CoreBasePage(632) - Scrolling element to middle...
2020-02-25 15:15:36,300 [main] INFO   com.yodlee.core.base.CoreBasePage(1466) - succesfully sent the keys:: "site16441.1" to the input box of element:: By.xpath: //input[@name='PASSWORD' or @aria-label='Password']
2020-02-25 15:15:36,302 [main] INFO   com.yodlee.core.base.CoreBasePage(1427) - Clicking on element [By.xpath: //input[@name='Re-enter_PASSWORD' or @aria-label='Re-enter Password']]
2020-02-25 15:15:36,333 [main] INFO   com.yodlee.core.base.CoreBasePage(632) - Scrolling element to middle...
2020-02-25 15:15:36,642 [main] INFO   com.yodlee.core.base.CoreBasePage(1466) - succesfully sent the keys:: "site16441.1" to the input box of element:: By.xpath: //input[@name='Re-enter_PASSWORD' or @aria-label='Re-enter Password']
2020-02-25 15:15:36,644 [main] INFO   com.yodlee.core.base.CoreBasePage(1427) - Clicking on element [By.xpath: //*[contains(@class,'submit-button') and not(@aria-disabled='true')]]
2020-02-25 15:15:36,675 [main] INFO   com.yodlee.core.base.CoreBasePage(632) - Scrolling element to middle...
2020-02-25 15:15:36,926 [main] INFO   com.yodlee.core.base.CoreBasePage(1306) - Waiting for element to be present in DOM 0 seconds element:: By.xpath: //div[@role='alert' and contains(.,'Congratulations! Your accounts have been linked')]
2020-02-25 15:15:37,937 [main] INFO   com.yodlee.core.base.CoreBasePage(1306) - Waiting for element to be present in DOM 1 seconds element:: By.xpath: //div[@role='alert' and contains(.,'Congratulations! Your accounts have been linked')]
2020-02-25 15:15:38,947 [main] INFO   com.yodlee.core.base.CoreBasePage(1306) - Waiting for element to be present in DOM 2 seconds element:: By.xpath: //div[@role='alert' and contains(.,'Congratulations! Your accounts have been linked')]
2020-02-25 15:15:39,957 [main] INFO   com.yodlee.core.base.CoreBasePage(1306) - Waiting for element to be present in DOM 3 seconds element:: By.xpath: //div[@role='alert' and contains(.,'Congratulations! Your accounts have been linked')]
2020-02-25 15:15:40,978 [main] INFO   com.yodlee.core.base.CoreBasePage(1306) - Waiting for element to be present in DOM 4 seconds element:: By.xpath: //div[@role='alert' and contains(.,'Congratulations! Your accounts have been linked')]
2020-02-25 15:15:41,991 [main] INFO   com.yodlee.core.base.CoreBasePage(1306) - Waiting for element to be present in DOM 5 seconds element:: By.xpath: //div[@role='alert' and contains(.,'Congratulations! Your accounts have been linked')]
2020-02-25 15:15:43,002 [main] INFO   com.yodlee.core.base.CoreBasePage(1306) - Waiting for element to be present in DOM 6 seconds element:: By.xpath: //div[@role='alert' and contains(.,'Congratulations! Your accounts have been linked')]
2020-02-25 15:15:44,011 [main] INFO   com.yodlee.core.base.CoreBasePage(1306) - Waiting for element to be present in DOM 7 seconds element:: By.xpath: //div[@role='alert' and contains(.,'Congratulations! Your accounts have been linked')]
2020-02-25 15:15:45,021 [main] INFO   com.yodlee.core.base.CoreBasePage(1306) - Waiting for element to be present in DOM 8 seconds element:: By.xpath: //div[@role='alert' and contains(.,'Congratulations! Your accounts have been linked')]
2020-02-25 15:15:46,032 [main] INFO   com.yodlee.core.base.CoreBasePage(1306) - Waiting for element to be present in DOM 9 seconds element:: By.xpath: //div[@role='alert' and contains(.,'Congratulations! Your accounts have been linked')]
2020-02-25 15:15:47,043 [main] INFO   com.yodlee.core.base.CoreBasePage(1306) - Waiting for element to be present in DOM 10 seconds element:: By.xpath: //div[@role='alert' and contains(.,'Congratulations! Your accounts have been linked')]
2020-02-25 15:15:48,053 [main] INFO   com.yodlee.core.base.CoreBasePage(1306) - Waiting for element to be present in DOM 11 seconds element:: By.xpath: //div[@role='alert' and contains(.,'Congratulations! Your accounts have been linked')]
2020-02-25 15:15:49,066 [main] INFO   com.yodlee.core.base.CoreBasePage(1306) - Waiting for element to be present in DOM 12 seconds element:: By.xpath: //div[@role='alert' and contains(.,'Congratulations! Your accounts have been linked')]
2020-02-25 15:15:50,078 [main] INFO   com.yodlee.core.base.CoreBasePage(1306) - Waiting for element to be present in DOM 13 seconds element:: By.xpath: //div[@role='alert' and contains(.,'Congratulations! Your accounts have been linked')]
2020-02-25 15:15:51,088 [main] INFO   com.yodlee.core.base.CoreBasePage(1306) - Waiting for element to be present in DOM 14 seconds element:: By.xpath: //div[@role='alert' and contains(.,'Congratulations! Your accounts have been linked')]
2020-02-25 15:15:52,100 [main] INFO   com.yodlee.core.base.CoreBasePage(1306) - Waiting for element to be present in DOM 15 seconds element:: By.xpath: //div[@role='alert' and contains(.,'Congratulations! Your accounts have been linked')]
2020-02-25 15:15:53,112 [main] INFO   com.yodlee.core.base.CoreBasePage(1306) - Waiting for element to be present in DOM 16 seconds element:: By.xpath: //div[@role='alert' and contains(.,'Congratulations! Your accounts have been linked')]
2020-02-25 15:15:54,122 [main] INFO   com.yodlee.core.base.CoreBasePage(1306) - Waiting for element to be present in DOM 17 seconds element:: By.xpath: //div[@role='alert' and contains(.,'Congratulations! Your accounts have been linked')]
2020-02-25 15:15:55,134 [main] INFO   com.yodlee.core.base.CoreBasePage(1306) - Waiting for element to be present in DOM 18 seconds element:: By.xpath: //div[@role='alert' and contains(.,'Congratulations! Your accounts have been linked')]
2020-02-25 15:15:56,145 [main] INFO   com.yodlee.core.base.CoreBasePage(1306) - Waiting for element to be present in DOM 19 seconds element:: By.xpath: //div[@role='alert' and contains(.,'Congratulations! Your accounts have been linked')]
2020-02-25 15:15:57,158 [main] INFO   com.yodlee.core.base.CoreBasePage(1306) - Waiting for element to be present in DOM 20 seconds element:: By.xpath: //div[@role='alert' and contains(.,'Congratulations! Your accounts have been linked')]
2020-02-25 15:15:58,177 [main] INFO   com.yodlee.core.base.CoreBasePage(632) - Scrolling element to middle...
