2020-03-23 17:15:39,132 [main] INFO   LoginTestRunner(25) - Browser :: chrome
2020-03-23 17:15:39,151 [main] INFO   LoginTestRunner(26) - Environment :: YCOM_L1
2020-03-23 17:15:41,149 [main] TRACE  i.g.bonigarcia.wdm.WebDriverManager(634) - Using preferences true
2020-03-23 17:15:41,155 [main] DEBUG  i.github.bonigarcia.wdm.Preferences(93) - Removing preference chrome=80 (expired on 2020-03-20 14:33:50)
2020-03-23 17:15:41,163 [main] DEBUG  io.github.bonigarcia.wdm.Shell(55) - Running command on the shell: [wmic, datafile, where, name='C:\\Program Files (x86)\\Google\\Chrome\\Application\\chrome.exe', get, Version, /value]
2020-03-23 17:15:43,286 [main] DEBUG  io.github.bonigarcia.wdm.Shell(57) - Result: Version=80.0.3987.122
2020-03-23 17:15:43,288 [main] TRACE  i.g.bonigarcia.wdm.WebDriverManager(601) - Detected Google Chrome version 80
2020-03-23 17:15:43,291 [main] TRACE  i.g.bonigarcia.wdm.WebDriverManager(634) - Using preferences true
2020-03-23 17:15:43,293 [main] DEBUG  i.github.bonigarcia.wdm.Preferences(93) - Removing preference chrome80=80.0.3987.106 (expired on 2020-03-20 14:33:51)
2020-03-23 17:15:43,299 [main] DEBUG  i.g.bonigarcia.wdm.WebDriverManager(685) - Getting driver version for chrome80 from online versions.properties
2020-03-23 17:15:43,300 [main] TRACE  i.g.bonigarcia.wdm.WebDriverManager(719) - Reading online version.properties to find out driver version
2020-03-23 17:15:43,339 [main] DEBUG  o.a.h.c.protocol.RequestAddCookies(122) - CookieSpec selected: standard
2020-03-23 17:15:43,360 [main] DEBUG  o.a.h.c.protocol.RequestAuthCache(76) - Auth cache not set in the context
2020-03-23 17:15:43,365 [main] DEBUG  o.a.h.i.c.PoolingHttpClientConnectionManager(249) - Connection request: [route: {s}->https://raw.githubusercontent.com:443][total kept alive: 0; route allocated: 0 of 2; total allocated: 0 of 20]
2020-03-23 17:15:43,412 [main] DEBUG  o.a.h.i.c.PoolingHttpClientConnectionManager(282) - Connection leased: [id: 0][route: {s}->https://raw.githubusercontent.com:443][total kept alive: 0; route allocated: 1 of 2; total allocated: 1 of 20]
2020-03-23 17:15:43,418 [main] DEBUG  o.a.h.impl.execchain.MainClientExec(234) - Opening connection {s}->https://raw.githubusercontent.com:443
2020-03-23 17:15:43,477 [main] DEBUG  o.a.h.i.c.DefaultHttpClientConnectionOperator(138) - Connecting to raw.githubusercontent.com/151.101.152.133:443
2020-03-23 17:15:43,478 [main] DEBUG  o.a.h.c.s.SSLConnectionSocketFactory(335) - Connecting socket to raw.githubusercontent.com/151.101.152.133:443 with timeout 0
2020-03-23 17:15:43,746 [main] DEBUG  o.a.h.c.s.SSLConnectionSocketFactory(388) - Enabled protocols: [TLSv1, TLSv1.1, TLSv1.2]
2020-03-23 17:15:43,747 [main] DEBUG  o.a.h.c.s.SSLConnectionSocketFactory(389) - Enabled cipher suites:[TLS_ECDHE_ECDSA_WITH_AES_256_CBC_SHA384, TLS_ECDHE_RSA_WITH_AES_256_CBC_SHA384, TLS_RSA_WITH_AES_256_CBC_SHA256, TLS_ECDH_ECDSA_WITH_AES_256_CBC_SHA384, TLS_ECDH_RSA_WITH_AES_256_CBC_SHA384, TLS_DHE_RSA_WITH_AES_256_CBC_SHA256, TLS_DHE_DSS_WITH_AES_256_CBC_SHA256, TLS_ECDHE_ECDSA_WITH_AES_256_CBC_SHA, TLS_ECDHE_RSA_WITH_AES_256_CBC_SHA, TLS_RSA_WITH_AES_256_CBC_SHA, TLS_ECDH_ECDSA_WITH_AES_256_CBC_SHA, TLS_ECDH_RSA_WITH_AES_256_CBC_SHA, TLS_DHE_RSA_WITH_AES_256_CBC_SHA, TLS_DHE_DSS_WITH_AES_256_CBC_SHA, TLS_ECDHE_ECDSA_WITH_AES_128_CBC_SHA256, TLS_ECDHE_RSA_WITH_AES_128_CBC_SHA256, TLS_RSA_WITH_AES_128_CBC_SHA256, TLS_ECDH_ECDSA_WITH_AES_128_CBC_SHA256, TLS_ECDH_RSA_WITH_AES_128_CBC_SHA256, TLS_DHE_RSA_WITH_AES_128_CBC_SHA256, TLS_DHE_DSS_WITH_AES_128_CBC_SHA256, TLS_ECDHE_ECDSA_WITH_AES_128_CBC_SHA, TLS_ECDHE_RSA_WITH_AES_128_CBC_SHA, TLS_RSA_WITH_AES_128_CBC_SHA, TLS_ECDH_ECDSA_WITH_AES_128_CBC_SHA, TLS_ECDH_RSA_WITH_AES_128_CBC_SHA, TLS_DHE_RSA_WITH_AES_128_CBC_SHA, TLS_DHE_DSS_WITH_AES_128_CBC_SHA, TLS_ECDHE_ECDSA_WITH_AES_256_GCM_SHA384, TLS_ECDHE_ECDSA_WITH_AES_128_GCM_SHA256, TLS_ECDHE_RSA_WITH_AES_256_GCM_SHA384, TLS_RSA_WITH_AES_256_GCM_SHA384, TLS_ECDH_ECDSA_WITH_AES_256_GCM_SHA384, TLS_ECDH_RSA_WITH_AES_256_GCM_SHA384, TLS_DHE_RSA_WITH_AES_256_GCM_SHA384, TLS_DHE_DSS_WITH_AES_256_GCM_SHA384, TLS_ECDHE_RSA_WITH_AES_128_GCM_SHA256, TLS_RSA_WITH_AES_128_GCM_SHA256, TLS_ECDH_ECDSA_WITH_AES_128_GCM_SHA256, TLS_ECDH_RSA_WITH_AES_128_GCM_SHA256, TLS_DHE_RSA_WITH_AES_128_GCM_SHA256, TLS_DHE_DSS_WITH_AES_128_GCM_SHA256, TLS_EMPTY_RENEGOTIATION_INFO_SCSV]
2020-03-23 17:15:43,749 [main] DEBUG  o.a.h.c.s.SSLConnectionSocketFactory(393) - Starting handshake
2020-03-23 17:15:43,939 [main] DEBUG  o.a.h.c.s.SSLConnectionSocketFactory(423) - Secure session established
2020-03-23 17:15:43,940 [main] DEBUG  o.a.h.c.s.SSLConnectionSocketFactory(424) -  negotiated protocol: TLSv1.2
2020-03-23 17:15:43,941 [main] DEBUG  o.a.h.c.s.SSLConnectionSocketFactory(425) -  negotiated cipher suite: TLS_ECDHE_RSA_WITH_AES_128_GCM_SHA256
2020-03-23 17:15:43,942 [main] DEBUG  o.a.h.c.s.SSLConnectionSocketFactory(433) -  peer principal: CN=www.github.com, O="GitHub, Inc.", L=San Francisco, ST=California, C=US
2020-03-23 17:15:43,943 [main] DEBUG  o.a.h.c.s.SSLConnectionSocketFactory(442) -  peer alternative names: [www.github.com, *.github.com, github.com, *.github.io, github.io, *.githubusercontent.com, githubusercontent.com]
2020-03-23 17:15:43,945 [main] DEBUG  o.a.h.c.s.SSLConnectionSocketFactory(446) -  issuer principal: CN=DigiCert SHA2 High Assurance Server CA, OU=www.digicert.com, O=DigiCert Inc, C=US
2020-03-23 17:15:43,949 [main] DEBUG  o.a.h.i.c.DefaultHttpClientConnectionOperator(145) - Connection established 192.168.0.6:55378<->151.101.152.133:443
2020-03-23 17:15:43,951 [main] DEBUG  o.a.h.i.c.DefaultManagedHttpClientConnection(90) - http-outgoing-0: set socket timeout to 30000
2020-03-23 17:15:43,998 [main] DEBUG  o.a.h.impl.execchain.MainClientExec(255) - Executing request GET /bonigarcia/webdrivermanager/master/src/main/resources/versions.properties HTTP/1.1
2020-03-23 17:15:43,999 [main] DEBUG  o.a.h.impl.execchain.MainClientExec(260) - Target auth state: UNCHALLENGED
2020-03-23 17:15:44,002 [main] DEBUG  o.a.h.impl.execchain.MainClientExec(266) - Proxy auth state: UNCHALLENGED
2020-03-23 17:15:44,009 [main] DEBUG  org.apache.http.headers(135) - http-outgoing-0 >> GET /bonigarcia/webdrivermanager/master/src/main/resources/versions.properties HTTP/1.1
2020-03-23 17:15:44,010 [main] DEBUG  org.apache.http.headers(138) - http-outgoing-0 >> User-Agent: Apache-HttpClient/4.5.6
2020-03-23 17:15:44,010 [main] DEBUG  org.apache.http.headers(138) - http-outgoing-0 >> Connection: keep-alive
2020-03-23 17:15:44,010 [main] DEBUG  org.apache.http.headers(138) - http-outgoing-0 >> Host: raw.githubusercontent.com
2020-03-23 17:15:44,011 [main] DEBUG  org.apache.http.headers(138) - http-outgoing-0 >> Accept-Encoding: gzip,deflate
2020-03-23 17:15:44,013 [main] DEBUG  org.apache.http.wire(72) - http-outgoing-0 >> "GET /bonigarcia/webdrivermanager/master/src/main/resources/versions.properties HTTP/1.1[\r][\n]"
2020-03-23 17:15:44,013 [main] DEBUG  org.apache.http.wire(72) - http-outgoing-0 >> "User-Agent: Apache-HttpClient/4.5.6[\r][\n]"
2020-03-23 17:15:44,013 [main] DEBUG  org.apache.http.wire(72) - http-outgoing-0 >> "Connection: keep-alive[\r][\n]"
2020-03-23 17:15:44,014 [main] DEBUG  org.apache.http.wire(72) - http-outgoing-0 >> "Host: raw.githubusercontent.com[\r][\n]"
2020-03-23 17:15:44,015 [main] DEBUG  org.apache.http.wire(72) - http-outgoing-0 >> "Accept-Encoding: gzip,deflate[\r][\n]"
2020-03-23 17:15:44,015 [main] DEBUG  org.apache.http.wire(72) - http-outgoing-0 >> "[\r][\n]"
2020-03-23 17:15:44,054 [main] DEBUG  org.apache.http.wire(72) - http-outgoing-0 << "HTTP/1.1 200 OK[\r][\n]"
2020-03-23 17:15:44,055 [main] DEBUG  org.apache.http.wire(72) - http-outgoing-0 << "Content-Type: text/plain; charset=utf-8[\r][\n]"
2020-03-23 17:15:44,057 [main] DEBUG  org.apache.http.wire(72) - http-outgoing-0 << "Content-Security-Policy: default-src 'none'; style-src 'unsafe-inline'; sandbox[\r][\n]"
2020-03-23 17:15:44,058 [main] DEBUG  org.apache.http.wire(72) - http-outgoing-0 << "Strict-Transport-Security: max-age=31536000[\r][\n]"
2020-03-23 17:15:44,060 [main] DEBUG  org.apache.http.wire(72) - http-outgoing-0 << "X-Content-Type-Options: nosniff[\r][\n]"
2020-03-23 17:15:44,061 [main] DEBUG  org.apache.http.wire(72) - http-outgoing-0 << "X-Frame-Options: deny[\r][\n]"
2020-03-23 17:15:44,062 [main] DEBUG  org.apache.http.wire(72) - http-outgoing-0 << "X-XSS-Protection: 1; mode=block[\r][\n]"
2020-03-23 17:15:44,063 [main] DEBUG  org.apache.http.wire(72) - http-outgoing-0 << "ETag: W/"57fbfb31ae08776db62e676dd65b33d9f6bff06ec25d8e87b53429030acd212f"[\r][\n]"
2020-03-23 17:15:44,064 [main] DEBUG  org.apache.http.wire(72) - http-outgoing-0 << "Cache-Control: max-age=300[\r][\n]"
2020-03-23 17:15:44,065 [main] DEBUG  org.apache.http.wire(72) - http-outgoing-0 << "X-Geo-Block-List:[\r][\n]"
2020-03-23 17:15:44,066 [main] DEBUG  org.apache.http.wire(72) - http-outgoing-0 << "Via: 1.1 varnish (Varnish/6.0)[\r][\n]"
2020-03-23 17:15:44,067 [main] DEBUG  org.apache.http.wire(72) - http-outgoing-0 << "Content-Encoding: gzip[\r][\n]"
2020-03-23 17:15:44,068 [main] DEBUG  org.apache.http.wire(72) - http-outgoing-0 << "X-GitHub-Request-Id: 34F4:6761:EF53A:110450:5E789611[\r][\n]"
2020-03-23 17:15:44,069 [main] DEBUG  org.apache.http.wire(72) - http-outgoing-0 << "Content-Length: 750[\r][\n]"
2020-03-23 17:15:44,071 [main] DEBUG  org.apache.http.wire(72) - http-outgoing-0 << "Accept-Ranges: bytes[\r][\n]"
2020-03-23 17:15:44,072 [main] DEBUG  org.apache.http.wire(72) - http-outgoing-0 << "Date: Mon, 23 Mar 2020 11:45:44 GMT[\r][\n]"
2020-03-23 17:15:44,073 [main] DEBUG  org.apache.http.wire(72) - http-outgoing-0 << "Via: 1.1 varnish[\r][\n]"
2020-03-23 17:15:44,074 [main] DEBUG  org.apache.http.wire(72) - http-outgoing-0 << "Connection: keep-alive[\r][\n]"
2020-03-23 17:15:44,075 [main] DEBUG  org.apache.http.wire(72) - http-outgoing-0 << "X-Served-By: cache-bom18222-BOM[\r][\n]"
2020-03-23 17:15:44,076 [main] DEBUG  org.apache.http.wire(72) - http-outgoing-0 << "X-Cache: HIT, HIT[\r][\n]"
2020-03-23 17:15:44,077 [main] DEBUG  org.apache.http.wire(72) - http-outgoing-0 << "X-Cache-Hits: 2, 1[\r][\n]"
2020-03-23 17:15:44,078 [main] DEBUG  org.apache.http.wire(72) - http-outgoing-0 << "X-Timer: S1584963944.045311,VS0,VE0[\r][\n]"
2020-03-23 17:15:44,079 [main] DEBUG  org.apache.http.wire(72) - http-outgoing-0 << "Vary: Authorization,Accept-Encoding[\r][\n]"
2020-03-23 17:15:44,080 [main] DEBUG  org.apache.http.wire(72) - http-outgoing-0 << "Access-Control-Allow-Origin: *[\r][\n]"
2020-03-23 17:15:44,081 [main] DEBUG  org.apache.http.wire(72) - http-outgoing-0 << "X-Fastly-Request-ID: d45fae40204fb576fd21750539dc7f43ae1ca69f[\r][\n]"
2020-03-23 17:15:44,083 [main] DEBUG  org.apache.http.wire(72) - http-outgoing-0 << "Expires: Mon, 23 Mar 2020 11:50:44 GMT[\r][\n]"
2020-03-23 17:15:44,084 [main] DEBUG  org.apache.http.wire(72) - http-outgoing-0 << "Source-Age: 291[\r][\n]"
2020-03-23 17:15:44,086 [main] DEBUG  org.apache.http.wire(72) - http-outgoing-0 << "[\r][\n]"
2020-03-23 17:15:44,087 [main] DEBUG  org.apache.http.wire(72) - http-outgoing-0 << "[0x1f][0x8b][0x8][0x0][0x0][0x0][0x0][0x0][0x0][0x3][0x8d][0x95][0xcb]n[0xdb]0[0x10]E[0xf7][0xfe][\n]"
2020-03-23 17:15:44,088 [main] DEBUG  org.apache.http.wire(72) - http-outgoing-0 << "[0x2][0xd9][0xb4][0x8b]P[0xe2]C[0xa4]d[0x80][0x9b]>WA[0x17][0xed][0xf][0xc8]6m[0xb][0x91]M[0x83][0x92][0xe3][0xb6]_[0xdf][0x19][0xbe][0xa2][0x18]-[0xd0][0xe5]=[0x1e][0xe]/8[0xba][0xe3][0x7][0xf2][0xe3]8Ld?[0x8c][0x96]l[0xdd]y[0xee][0x87][0xf3]D[0xe6][0xa3]%[0xcf]gw;[0x93][0x17][0xeb][0xa7][0xc1][0x1][0xda];Ov~@M[0xde]m[0x86]s[0xef][0xbd][0x87][0x3][0xa7]K?[0xf][0x1b]8{[0x1b][0xe6]c8[0xb7]u[0xde][0xdb][0xe9][0xe2][0xce][0xbb][0xe1]| [0x1b][0xef]n[0x93][0xf5][0xb9][0xcf]j[0xf5]@>D[0xb4]&_[0x9d];[0xc0][0xc9][0x8f]G[0xef]N[0x96]<[0x92]O[0xa1][0xfd][0x9a]l[0x3][0x88][0x97]A[0xfd]ww[0xf5][[0xbb]&[0xc7]y[0xbe][0xac][0xab]j[0xf9]+[\r]b[0xb8][0x9e][0xa8][0xf3][0x87]j[0x7][0x86]G[0xd7][0xef][0xa6]U[0xac]i[0x99]i[0x19][0xad][0xa9][0xac][0xa5][0xa4][0xaa][0xcb][0xb4]6m[\r]Tt[0xad][0xa6][0xac]V[0x9][0xeb][0xce][0xe8].`[0xd9]PQhkt[0x1b]h-[0xa1][0xb8][0xc9][0xc5][0xda]h[0x8d][0xb8]U[\r][0xb4][0xcf]T[0x19][0xad][0x2][0xad];[0xca]x[0xe9][0xd1][0x18][0xdd] [0xd6][0xba][0xa6][0xec][0xb5]Z[0x1a]-[0x3][0xe6][0x1d]-[0xb5][0xc2]h[0x81]P[0xb5][0x82][0xaa]67[0xe6][0x86]SYj[0xd8][0x1b]U[0xa3][0xca][0xc6]T[0x87]J[0xa6]s[0xaa]E[0xc5][0xb3][0xd2][0xa8]XV[\n]"
2020-03-23 17:15:44,089 [main] DEBUG  org.apache.http.wire(72) - http-outgoing-0 << "U[0xb6][0xae][0x1a]P"[0xdf][0xa7]$*[0x9d]+[0x5][0xaa]|[0xbb]B/[0xa2][0xdc][0x87]^D[0xb9][0xf][0xbd][0x8][0xf1]f[0xc8]O[0xee][0xf7]0[0x8e]=[0xf9]2x[0xbb]w?[0x17]c>[0xd8][0xed][0xb3][0xfb][0xeb][0x94]'[0x18][0xf3][0x1][0xbe][0xa7][0xeb][0x86][0xc2][0x17]V[0x9d]b[0x8b]jq[0xa0][0xf2]v[0xb4][0xfd]d[0xa7][0xd5]>[0xf6][0xd5][0xc2][0xd4][0x94][0xc3][0xeb][0x17][0xc0][0xef][0x1][0xbb][0x7][0xf5][0x1d][0x80][0xc7]{[0xdb][0x3][0xde][0xf][0x0][0xcc].7U[0x1a][0x1]L[0xad][0x0]u[0xf][0x9a]{ [0x11][0xc0]L[0xcb][0x91][0xe0]t[0x9][0x82]S[0xbe][0xa8][0x8]N[0xe1][0xcb]-G[0x82][0xd3][0x5]h[0x82][0xd3]%[0x8]N[0x97] 8][0x82][0xe0][0x14]>[0xfc][0xdc][0xb4][0x9]N[0x11],3[0xf9][0xed]b}[0xbf][0x18][0x92]C[0xfd]?C[\n]"
2020-03-23 17:15:44,090 [main] DEBUG  org.apache.http.wire(72) - http-outgoing-0 << "[0x85][0x93][0xdb][0xcf][0xb7][0xde][0xdb]*[0xa8][0x1c][0xce]x[0xfc]ud[0xe1]Gx[0xca]e[0xc][0xeb]U[0xa4][0x10][0xa1][0x92]B[0xdd]%[0x8][0x1]*!lu[0x82][0x10][0x9f][0x12]A[0xc6][0xf3]y[0xc8][0xcf]k[0x4][0x5]O[0xb5]|[0x99][0xc0]:[0xd7][0xa6][0xe4][0x84][0x8b][0xe1]EC[0x8c][0xa2]H[0xb9][0x89]"[0xc5]&[0x8a][0x94][0x9a](Rh[0xa2]H[0x99][0x89]"E&[0x8a][0x94][0x98](B`D[0xba]'[0xe5]%[0xfc]"[0xd1]Av,[0xd1][0x81]HF%:[0xe0][0xe9]1$:[0x0][0xb1][0x1c][0xda][0xd3][0xb0][0xf5][0xe][0xdf][0x9e]|[0xde][0x1d][0x96][0x9b][0xf4]4Y[0x0][0xff][0x1c][0xdf][0xce][0xbe][0xd8][0x11]/[0xa7][0xa7][0xdc]![0x4][0xce][0x9e][0x1f][0xaf]SU[0xd8]#6[0xa9]f[0xe7][0xc6][0xa9][0xba][0xd9]M[0x1a][0xe7][\n]"
2020-03-23 17:15:44,092 [main] DEBUG  org.apache.http.wire(86) - http-outgoing-0 << "iY[0xb1]L[0xe1][0x1a][0x8]([0xef]W[0xc5]p[0xe9]"*[0xbb][0x95][0xe1]g[0x1f]H[0xda][0xab][0x1c]g[0x18]IZ[0xa9]\[0x14][0x92][0xd6])[0x83]U[0x98]j[0xd2]&e[0xa2][0x83]/7[0x1c][0x93][0xd2]\[0xbc]}[0x84]?[0xad][0xb9][0x1f]G[0xbb][0x8b][0x90][0x1b]E[0x99]f[0xc9][0x91]d[0xa6][0xa1]L[0xf1].[0xba][0x91][0xb5][0x81]][0xde][0xd4]J[0x84]b[0xd1][0x1a][0x1]kYtQr[0x1c]*l[0xfa]V[0x85]_ym[0x18]H[0xe][0x9b][0xf2][0xf][0xca][0xd4][0x8f][0x1e]*[0x7][0x0][0x0]"
2020-03-23 17:15:44,103 [main] DEBUG  org.apache.http.headers(124) - http-outgoing-0 << HTTP/1.1 200 OK
2020-03-23 17:15:44,105 [main] DEBUG  org.apache.http.headers(127) - http-outgoing-0 << Content-Type: text/plain; charset=utf-8
2020-03-23 17:15:44,106 [main] DEBUG  org.apache.http.headers(127) - http-outgoing-0 << Content-Security-Policy: default-src 'none'; style-src 'unsafe-inline'; sandbox
2020-03-23 17:15:44,107 [main] DEBUG  org.apache.http.headers(127) - http-outgoing-0 << Strict-Transport-Security: max-age=31536000
2020-03-23 17:15:44,108 [main] DEBUG  org.apache.http.headers(127) - http-outgoing-0 << X-Content-Type-Options: nosniff
2020-03-23 17:15:44,109 [main] DEBUG  org.apache.http.headers(127) - http-outgoing-0 << X-Frame-Options: deny
2020-03-23 17:15:44,111 [main] DEBUG  org.apache.http.headers(127) - http-outgoing-0 << X-XSS-Protection: 1; mode=block
2020-03-23 17:15:44,112 [main] DEBUG  org.apache.http.headers(127) - http-outgoing-0 << ETag: W/"57fbfb31ae08776db62e676dd65b33d9f6bff06ec25d8e87b53429030acd212f"
2020-03-23 17:15:44,113 [main] DEBUG  org.apache.http.headers(127) - http-outgoing-0 << Cache-Control: max-age=300
2020-03-23 17:15:44,114 [main] DEBUG  org.apache.http.headers(127) - http-outgoing-0 << X-Geo-Block-List:
2020-03-23 17:15:44,116 [main] DEBUG  org.apache.http.headers(127) - http-outgoing-0 << Via: 1.1 varnish (Varnish/6.0)
2020-03-23 17:15:44,117 [main] DEBUG  org.apache.http.headers(127) - http-outgoing-0 << Content-Encoding: gzip
2020-03-23 17:15:44,119 [main] DEBUG  org.apache.http.headers(127) - http-outgoing-0 << X-GitHub-Request-Id: 34F4:6761:EF53A:110450:5E789611
2020-03-23 17:15:44,120 [main] DEBUG  org.apache.http.headers(127) - http-outgoing-0 << Content-Length: 750
2020-03-23 17:15:44,122 [main] DEBUG  org.apache.http.headers(127) - http-outgoing-0 << Accept-Ranges: bytes
2020-03-23 17:15:44,123 [main] DEBUG  org.apache.http.headers(127) - http-outgoing-0 << Date: Mon, 23 Mar 2020 11:45:44 GMT
2020-03-23 17:15:44,124 [main] DEBUG  org.apache.http.headers(127) - http-outgoing-0 << Via: 1.1 varnish
2020-03-23 17:15:44,125 [main] DEBUG  org.apache.http.headers(127) - http-outgoing-0 << Connection: keep-alive
2020-03-23 17:15:44,126 [main] DEBUG  org.apache.http.headers(127) - http-outgoing-0 << X-Served-By: cache-bom18222-BOM
2020-03-23 17:15:44,127 [main] DEBUG  org.apache.http.headers(127) - http-outgoing-0 << X-Cache: HIT, HIT
2020-03-23 17:15:44,128 [main] DEBUG  org.apache.http.headers(127) - http-outgoing-0 << X-Cache-Hits: 2, 1
2020-03-23 17:15:44,130 [main] DEBUG  org.apache.http.headers(127) - http-outgoing-0 << X-Timer: S1584963944.045311,VS0,VE0
2020-03-23 17:15:44,131 [main] DEBUG  org.apache.http.headers(127) - http-outgoing-0 << Vary: Authorization,Accept-Encoding
2020-03-23 17:15:44,132 [main] DEBUG  org.apache.http.headers(127) - http-outgoing-0 << Access-Control-Allow-Origin: *
2020-03-23 17:15:44,132 [main] DEBUG  org.apache.http.headers(127) - http-outgoing-0 << X-Fastly-Request-ID: d45fae40204fb576fd21750539dc7f43ae1ca69f
2020-03-23 17:15:44,133 [main] DEBUG  org.apache.http.headers(127) - http-outgoing-0 << Expires: Mon, 23 Mar 2020 11:50:44 GMT
2020-03-23 17:15:44,134 [main] DEBUG  org.apache.http.headers(127) - http-outgoing-0 << Source-Age: 291
2020-03-23 17:15:44,152 [main] DEBUG  o.a.h.impl.execchain.MainClientExec(284) - Connection can be kept alive indefinitely
2020-03-23 17:15:44,175 [main] DEBUG  o.a.h.i.c.PoolingHttpClientConnectionManager(314) - Connection [id: 0][route: {s}->https://raw.githubusercontent.com:443] can be kept alive indefinitely
2020-03-23 17:15:44,176 [main] DEBUG  o.a.h.i.c.PoolingHttpClientConnectionManager(320) - Connection released: [id: 0][route: {s}->https://raw.githubusercontent.com:443][total kept alive: 1; route allocated: 1 of 2; total allocated: 1 of 20]
2020-03-23 17:15:44,177 [main] INFO   i.g.bonigarcia.wdm.WebDriverManager(615) - Using chromedriver 80.0.3987.106 (since Google Chrome 80 is installed in your machine)
2020-03-23 17:15:44,184 [main] DEBUG  i.github.bonigarcia.wdm.Preferences(66) - Storing preference chrome=80 (valid until 2020-03-24 17:15:44)
2020-03-23 17:15:44,185 [main] TRACE  i.g.bonigarcia.wdm.WebDriverManager(536) - Managing chromedriver arch=64 version=80.0.3987.106 getLatest=false cache=false
2020-03-23 17:15:44,187 [main] TRACE  i.g.bonigarcia.wdm.WebDriverManager(868) - Checking if chromedriver exists in cache
2020-03-23 17:15:44,191 [main] TRACE  io.github.bonigarcia.wdm.Downloader(116) - Target path C:\Users\jnanesh.m/.m2/repository/webdriver
2020-03-23 17:15:44,226 [main] TRACE  i.g.bonigarcia.wdm.WebDriverManager(920) - Filter cache by chromedriver -- input list [C:\Users\jnanesh.m\.m2\repository\webdriver\chromedriver\win32\80.0.3987.106\chromedriver.exe] -- output list [C:\Users\jnanesh.m\.m2\repository\webdriver\chromedriver\win32\80.0.3987.106\chromedriver.exe] 
2020-03-23 17:15:44,227 [main] TRACE  i.g.bonigarcia.wdm.WebDriverManager(920) - Filter cache by 80.0.3987.106 -- input list [C:\Users\jnanesh.m\.m2\repository\webdriver\chromedriver\win32\80.0.3987.106\chromedriver.exe] -- output list [C:\Users\jnanesh.m\.m2\repository\webdriver\chromedriver\win32\80.0.3987.106\chromedriver.exe] 
2020-03-23 17:15:44,228 [main] TRACE  i.g.bonigarcia.wdm.WebDriverManager(920) - Filter cache by WIN -- input list [C:\Users\jnanesh.m\.m2\repository\webdriver\chromedriver\win32\80.0.3987.106\chromedriver.exe] -- output list [C:\Users\jnanesh.m\.m2\repository\webdriver\chromedriver\win32\80.0.3987.106\chromedriver.exe] 
2020-03-23 17:15:44,231 [main] TRACE  i.g.bonigarcia.wdm.WebDriverManager(634) - Using preferences true
2020-03-23 17:15:44,238 [main] DEBUG  i.github.bonigarcia.wdm.Preferences(66) - Storing preference chrome80=80.0.3987.106 (valid until 2020-03-24 17:15:44)
2020-03-23 17:15:44,243 [main] TRACE  i.g.bonigarcia.wdm.WebDriverManager(634) - Using preferences true
2020-03-23 17:15:44,244 [main] DEBUG  i.g.bonigarcia.wdm.WebDriverManager(564) - Driver chromedriver 80.0.3987.106 found in cache
2020-03-23 17:15:44,249 [main] INFO   i.g.bonigarcia.wdm.WebDriverManager(1113) - Exporting webdriver.chrome.driver as C:\Users\jnanesh.m\.m2\repository\webdriver\chromedriver\win32\80.0.3987.106\chromedriver.exe
2020-03-23 17:15:59,119 [main] INFO   com.yodlee.core.base.CoreBasePage(31) - **********************************************
2020-03-23 17:15:59,120 [main] INFO   com.yodlee.core.base.CoreBasePage(32) - Scenario :: 'To login to wellness regular environment' has started
2020-03-23 17:16:03,220 [main] INFO   com.yodlee.core.base.CoreBasePage(1620) - succesfully sent the keys:: "Wr200" to the input box of element:: [[ChromeDriver: chrome on WINDOWS (12c61bf3ac190879bc45683c287424f1)] -> xpath: //*[@name='login']]
2020-03-23 17:16:03,221 [main] INFO   com.yodlee.core.base.CoreBasePage(120) - Logical name : LoginPage.Username ---- Value Entered: Wr200
2020-03-23 17:16:03,814 [main] INFO   com.yodlee.core.base.CoreBasePage(1620) - succesfully sent the keys:: "Yodlee@123" to the input box of element:: [[ChromeDriver: chrome on WINDOWS (12c61bf3ac190879bc45683c287424f1)] -> xpath: //*[@name='password']]
2020-03-23 17:16:03,815 [main] INFO   com.yodlee.core.base.CoreBasePage(120) - Logical name : LoginPage.Password ---- Value Entered: Yodlee@123
2020-03-23 17:16:04,436 [main] INFO   com.yodlee.core.base.CoreBasePage(1620) - succesfully sent the keys:: "10003700" to the input box of element:: [[ChromeDriver: chrome on WINDOWS (12c61bf3ac190879bc45683c287424f1)] -> xpath: //*[@name='app']]
2020-03-23 17:16:04,437 [main] INFO   com.yodlee.core.base.CoreBasePage(120) - Logical name : LoginPage.FinApp ---- Value Entered: 10003700
2020-03-23 17:16:06,865 [main] INFO   com.yodlee.core.base.CoreBasePage(144) - ---clicked LoginPage.Login
2020-03-23 17:16:09,656 [main] INFO   com.yodlee.core.base.CoreBasePage(31) - **********************************************
2020-03-23 17:16:09,657 [main] INFO   com.yodlee.core.base.CoreBasePage(32) - Scenario :: 'Add an aggregated account in application' has started
2020-03-23 17:16:16,537 [main] INFO   com.yodlee.core.base.CoreBasePage(1562) - Clicking on element [By.cssSelector: #link-account-button-persist]
2020-03-23 17:16:16,601 [main] INFO   com.yodlee.core.base.CoreBasePage(767) - Scrolling element to middle...
2020-03-23 17:16:19,544 [main] INFO   com.yodlee.core.base.CoreBasePage(1620) - succesfully sent the keys:: "Dag Site" to the input box of element:: [[ChromeDriver: chrome on WINDOWS (12c61bf3ac190879bc45683c287424f1)] -> id: siteSearch]
2020-03-23 17:16:19,545 [main] INFO   com.yodlee.core.base.CoreBasePage(120) - Logical name : LinkAccountPopup.siteSearchInputBox ---- Value Entered: Dag Site
2020-03-23 17:16:19,649 [main] INFO   com.yodlee.core.base.CoreBasePage(1441) - Waiting for element to be present in DOM 0 seconds element:: By.cssSelector: .siteName
2020-03-23 17:16:20,704 [main] INFO   com.yodlee.core.base.CoreBasePage(767) - Scrolling element to middle...
2020-03-23 17:16:23,452 [main] INFO   com.yodlee.core.base.CoreBasePage(1620) - succesfully sent the keys:: "budget.site16441.1" to the input box of element:: [[ChromeDriver: chrome on WINDOWS (12c61bf3ac190879bc45683c287424f1)] -> xpath: //input[@name="LOGIN" or @aria-label="Username"]]
2020-03-23 17:16:23,453 [main] INFO   com.yodlee.core.base.CoreBasePage(120) - Logical name : LinkAccountPopup.usernameInputBox ---- Value Entered: budget.site16441.1
2020-03-23 17:16:24,350 [main] INFO   com.yodlee.core.base.CoreBasePage(1620) - succesfully sent the keys:: "site16441.1" to the input box of element:: [[ChromeDriver: chrome on WINDOWS (12c61bf3ac190879bc45683c287424f1)] -> xpath: //input[@name='PASSWORD' or @aria-label='Password']]
2020-03-23 17:16:24,351 [main] INFO   com.yodlee.core.base.CoreBasePage(120) - Logical name : LinkAccountPopup.passwordInputBox ---- Value Entered: site16441.1
2020-03-23 17:16:25,201 [main] INFO   com.yodlee.core.base.CoreBasePage(1620) - succesfully sent the keys:: "site16441.1" to the input box of element:: [[ChromeDriver: chrome on WINDOWS (12c61bf3ac190879bc45683c287424f1)] -> xpath: //input[@name='Re-enter_PASSWORD' or @aria-label='Re-enter Password']]
2020-03-23 17:16:25,201 [main] INFO   com.yodlee.core.base.CoreBasePage(120) - Logical name : LinkAccountPopup.re-EnterPasswordInputBox ---- Value Entered: site16441.1
2020-03-23 17:16:25,606 [main] INFO   com.yodlee.core.base.CoreBasePage(144) - ---clicked LinkAccountPopup.sumitbutton
2020-03-23 17:17:07,139 [main] INFO   com.yodlee.core.base.CoreBasePage(71) - Logical name : LinkAccountPopup.accountAddedSuccessfully ---- Expected Value : Congratulations! Your accounts have been linked. ---- Actual Value : Congratulations! Your accounts have been linked.
2020-03-23 17:17:07,825 [main] INFO   com.yodlee.core.base.CoreBasePage(31) - **********************************************
2020-03-23 17:17:07,826 [main] INFO   com.yodlee.core.base.CoreBasePage(32) - Scenario :: 'Verify Dashboard' has started
2020-03-23 17:17:08,273 [main] INFO   com.yodlee.core.base.CoreBasePage(31) - **********************************************
2020-03-23 17:17:08,275 [main] INFO   com.yodlee.core.base.CoreBasePage(32) - Scenario :: 'verify fincheck disclaimer message in dashboard' has started
2020-03-23 17:17:14,785 [main] INFO   com.yodlee.core.base.CoreBasePage(71) - Logical name : DashboardPage.FincheckDisclaimerMessage ---- Expected Value : A digital assistant that organizes and measures your financial health. So you know exactly where you stand at any given time and what you should do next. ---- Actual Value : A digital assistant that organizes and measures your financial health. So you know exactly where you stand at any given time and what you should do next.
2020-03-23 17:17:15,578 [main] INFO   com.yodlee.core.base.CoreBasePage(31) - **********************************************
2020-03-23 17:17:15,579 [main] INFO   com.yodlee.core.base.CoreBasePage(32) - Scenario :: 'verify accounts in the dashboard' has started
2020-03-23 17:17:17,780 [main] INFO   com.yodlee.core.base.CoreBasePage(1441) - Waiting for element to be present in DOM 0 seconds element:: By.xpath: //*[@autoid='accounts-container-level-low']//div[contains(@class,'account-details')]//span[@class='ellipsis']
2020-03-23 17:17:18,979 [main] INFO   com.yodlee.core.base.CoreBasePage(1441) - Waiting for element to be present in DOM 1 seconds element:: By.xpath: //*[@autoid='accounts-container-level-low']//div[contains(@class,'account-details')]//span[@class='ellipsis']
2020-03-23 17:17:20,180 [main] INFO   com.yodlee.core.base.CoreBasePage(1441) - Waiting for element to be present in DOM 2 seconds element:: By.xpath: //*[@autoid='accounts-container-level-low']//div[contains(@class,'account-details')]//span[@class='ellipsis']
2020-03-23 17:17:21,285 [main] INFO   com.yodlee.core.base.CoreBasePage(767) - Scrolling element to middle...
