2020-02-24 14:12:22,476 [main] INFO   LoginTestRunner(27) - Browser :: chrome
2020-02-24 14:12:22,482 [main] INFO   LoginTestRunner(28) - Environment :: YCOM_L1
2020-02-24 14:12:22,620 [main] TRACE  i.g.bonigarcia.wdm.WebDriverManager(634) - Using preferences true
2020-02-24 14:12:22,623 [main] DEBUG  i.github.bonigarcia.wdm.Preferences(118) - Preference chrome=80 (valid until 2020-02-25 14:11:43)
2020-02-24 14:12:22,623 [main] TRACE  i.g.bonigarcia.wdm.WebDriverManager(601) - Detected Google Chrome version 80
2020-02-24 14:12:22,624 [main] TRACE  i.g.bonigarcia.wdm.WebDriverManager(634) - Using preferences true
2020-02-24 14:12:22,629 [main] DEBUG  i.github.bonigarcia.wdm.Preferences(118) - Preference chrome80=80.0.3987.106 (valid until 2020-02-25 14:11:43)
2020-02-24 14:12:22,630 [main] INFO   i.g.bonigarcia.wdm.WebDriverManager(615) - Using chromedriver 80.0.3987.106 (since Google Chrome 80 is installed in your machine)
2020-02-24 14:12:22,630 [main] TRACE  i.g.bonigarcia.wdm.WebDriverManager(536) - Managing chromedriver arch=64 version=80.0.3987.106 getLatest=false cache=false
2020-02-24 14:12:22,630 [main] TRACE  i.g.bonigarcia.wdm.WebDriverManager(868) - Checking if chromedriver exists in cache
2020-02-24 14:12:22,631 [main] TRACE  io.github.bonigarcia.wdm.Downloader(116) - Target path C:\Users\kongara.sravan/.m2/repository/webdriver
2020-02-24 14:12:22,644 [main] TRACE  i.g.bonigarcia.wdm.WebDriverManager(920) - Filter cache by chromedriver -- input list [C:\Users\kongara.sravan\.m2\repository\webdriver\chromedriver\win32\78.0.3904.105\chromedriver.exe, C:\Users\kongara.sravan\.m2\repository\webdriver\chromedriver\win32\78.0.3904.11\chromedriver.exe, C:\Users\kongara.sravan\.m2\repository\webdriver\chromedriver\win32\78.0.3904.70\chromedriver.exe, C:\Users\kongara.sravan\.m2\repository\webdriver\chromedriver\win32\79.0.3945.36\chromedriver.exe, C:\Users\kongara.sravan\.m2\repository\webdriver\chromedriver\win32\80.0.3987.106\chromedriver.exe, C:\Users\kongara.sravan\.m2\repository\webdriver\chromedriver\win32\80.0.3987.16\chromedriver.exe, C:\Users\kongara.sravan\.m2\repository\webdriver\geckodriver\win64\0.26.0\geckodriver.exe] -- output list [C:\Users\kongara.sravan\.m2\repository\webdriver\chromedriver\win32\78.0.3904.105\chromedriver.exe, C:\Users\kongara.sravan\.m2\repository\webdriver\chromedriver\win32\78.0.3904.11\chromedriver.exe, C:\Users\kongara.sravan\.m2\repository\webdriver\chromedriver\win32\78.0.3904.70\chromedriver.exe, C:\Users\kongara.sravan\.m2\repository\webdriver\chromedriver\win32\79.0.3945.36\chromedriver.exe, C:\Users\kongara.sravan\.m2\repository\webdriver\chromedriver\win32\80.0.3987.106\chromedriver.exe, C:\Users\kongara.sravan\.m2\repository\webdriver\chromedriver\win32\80.0.3987.16\chromedriver.exe] 
2020-02-24 14:12:22,644 [main] TRACE  i.g.bonigarcia.wdm.WebDriverManager(920) - Filter cache by 80.0.3987.106 -- input list [C:\Users\kongara.sravan\.m2\repository\webdriver\chromedriver\win32\78.0.3904.105\chromedriver.exe, C:\Users\kongara.sravan\.m2\repository\webdriver\chromedriver\win32\78.0.3904.11\chromedriver.exe, C:\Users\kongara.sravan\.m2\repository\webdriver\chromedriver\win32\78.0.3904.70\chromedriver.exe, C:\Users\kongara.sravan\.m2\repository\webdriver\chromedriver\win32\79.0.3945.36\chromedriver.exe, C:\Users\kongara.sravan\.m2\repository\webdriver\chromedriver\win32\80.0.3987.106\chromedriver.exe, C:\Users\kongara.sravan\.m2\repository\webdriver\chromedriver\win32\80.0.3987.16\chromedriver.exe] -- output list [C:\Users\kongara.sravan\.m2\repository\webdriver\chromedriver\win32\80.0.3987.106\chromedriver.exe] 
2020-02-24 14:12:22,644 [main] TRACE  i.g.bonigarcia.wdm.WebDriverManager(920) - Filter cache by WIN -- input list [C:\Users\kongara.sravan\.m2\repository\webdriver\chromedriver\win32\80.0.3987.106\chromedriver.exe] -- output list [C:\Users\kongara.sravan\.m2\repository\webdriver\chromedriver\win32\80.0.3987.106\chromedriver.exe] 
2020-02-24 14:12:22,645 [main] TRACE  i.g.bonigarcia.wdm.WebDriverManager(634) - Using preferences true
2020-02-24 14:12:22,647 [main] TRACE  i.g.bonigarcia.wdm.WebDriverManager(634) - Using preferences true
2020-02-24 14:12:22,647 [main] DEBUG  i.g.bonigarcia.wdm.WebDriverManager(564) - Driver chromedriver 80.0.3987.106 found in cache
2020-02-24 14:12:22,648 [main] INFO   i.g.bonigarcia.wdm.WebDriverManager(1113) - Exporting webdriver.chrome.driver as C:\Users\kongara.sravan\.m2\repository\webdriver\chromedriver\win32\80.0.3987.106\chromedriver.exe
2020-02-24 14:12:27,180 [main] INFO   com.yodlee.core.base.CoreBasePage(29) - **********************************************
2020-02-24 14:12:27,180 [main] INFO   com.yodlee.core.base.CoreBasePage(30) - Scenario :: 'To login to wellness regular environment' has started
2020-02-24 14:12:28,358 [main] INFO   com.yodlee.core.base.CoreBasePage(65) - Logical name : LoginPage.Username ---- Value Entered: wr6
2020-02-24 14:12:28,512 [main] INFO   com.yodlee.core.base.CoreBasePage(65) - Logical name : LoginPage.Password ---- Value Entered: Yodlee@123
2020-02-24 14:12:28,655 [main] INFO   com.yodlee.core.base.CoreBasePage(65) - Logical name : LoginPage.FinApp ---- Value Entered: 10003700
2020-02-24 14:12:29,713 [main] INFO   com.yodlee.core.base.CoreBasePage(75) - ---clicked LoginPage.Login
