2020-03-19 17:34:18,796 [main] INFO   LoginTestRunner(25) - Browser :: chrome
2020-03-19 17:34:18,812 [main] INFO   LoginTestRunner(26) - Environment :: YCOM_L1
2020-03-19 17:34:20,627 [main] TRACE  i.g.bonigarcia.wdm.WebDriverManager(634) - Using preferences true
2020-03-19 17:34:20,631 [main] DEBUG  i.github.bonigarcia.wdm.Preferences(118) - Preference chrome=80 (valid until 2020-03-20 14:33:50)
2020-03-19 17:34:20,632 [main] TRACE  i.g.bonigarcia.wdm.WebDriverManager(601) - Detected Google Chrome version 80
2020-03-19 17:34:20,635 [main] TRACE  i.g.bonigarcia.wdm.WebDriverManager(634) - Using preferences true
2020-03-19 17:34:20,637 [main] DEBUG  i.github.bonigarcia.wdm.Preferences(118) - Preference chrome80=80.0.3987.106 (valid until 2020-03-20 14:33:51)
2020-03-19 17:34:20,638 [main] INFO   i.g.bonigarcia.wdm.WebDriverManager(615) - Using chromedriver 80.0.3987.106 (since Google Chrome 80 is installed in your machine)
2020-03-19 17:34:20,638 [main] TRACE  i.g.bonigarcia.wdm.WebDriverManager(536) - Managing chromedriver arch=64 version=80.0.3987.106 getLatest=false cache=false
2020-03-19 17:34:20,639 [main] TRACE  i.g.bonigarcia.wdm.WebDriverManager(868) - Checking if chromedriver exists in cache
2020-03-19 17:34:20,641 [main] TRACE  io.github.bonigarcia.wdm.Downloader(116) - Target path C:\Users\jnanesh.m/.m2/repository/webdriver
2020-03-19 17:34:20,671 [main] TRACE  i.g.bonigarcia.wdm.WebDriverManager(920) - Filter cache by chromedriver -- input list [C:\Users\jnanesh.m\.m2\repository\webdriver\chromedriver\win32\80.0.3987.106\chromedriver.exe] -- output list [C:\Users\jnanesh.m\.m2\repository\webdriver\chromedriver\win32\80.0.3987.106\chromedriver.exe] 
2020-03-19 17:34:20,672 [main] TRACE  i.g.bonigarcia.wdm.WebDriverManager(920) - Filter cache by 80.0.3987.106 -- input list [C:\Users\jnanesh.m\.m2\repository\webdriver\chromedriver\win32\80.0.3987.106\chromedriver.exe] -- output list [C:\Users\jnanesh.m\.m2\repository\webdriver\chromedriver\win32\80.0.3987.106\chromedriver.exe] 
2020-03-19 17:34:20,672 [main] TRACE  i.g.bonigarcia.wdm.WebDriverManager(920) - Filter cache by WIN -- input list [C:\Users\jnanesh.m\.m2\repository\webdriver\chromedriver\win32\80.0.3987.106\chromedriver.exe] -- output list [C:\Users\jnanesh.m\.m2\repository\webdriver\chromedriver\win32\80.0.3987.106\chromedriver.exe] 
2020-03-19 17:34:20,675 [main] TRACE  i.g.bonigarcia.wdm.WebDriverManager(634) - Using preferences true
2020-03-19 17:34:20,680 [main] TRACE  i.g.bonigarcia.wdm.WebDriverManager(634) - Using preferences true
2020-03-19 17:34:20,681 [main] DEBUG  i.g.bonigarcia.wdm.WebDriverManager(564) - Driver chromedriver 80.0.3987.106 found in cache
2020-03-19 17:34:20,685 [main] INFO   i.g.bonigarcia.wdm.WebDriverManager(1113) - Exporting webdriver.chrome.driver as C:\Users\jnanesh.m\.m2\repository\webdriver\chromedriver\win32\80.0.3987.106\chromedriver.exe
2020-03-19 17:34:29,540 [main] INFO   com.yodlee.core.base.CoreBasePage(31) - **********************************************
2020-03-19 17:34:29,541 [main] INFO   com.yodlee.core.base.CoreBasePage(32) - Scenario :: 'To login to wellness regular environment' has started
2020-03-19 17:34:33,172 [main] INFO   com.yodlee.core.base.CoreBasePage(1611) - succesfully sent the keys:: "Wr200" to the input box of element:: [[ChromeDriver: chrome on WINDOWS (31e3b808df86afe81e76c7476037dbf7)] -> xpath: //*[@name='login']]
2020-03-19 17:34:33,173 [main] INFO   com.yodlee.core.base.CoreBasePage(121) - Logical name : LoginPage.Username ---- Value Entered: Wr200
2020-03-19 17:34:33,803 [main] INFO   com.yodlee.core.base.CoreBasePage(1611) - succesfully sent the keys:: "Yodlee@123" to the input box of element:: [[ChromeDriver: chrome on WINDOWS (31e3b808df86afe81e76c7476037dbf7)] -> xpath: //*[@name='password']]
2020-03-19 17:34:33,804 [main] INFO   com.yodlee.core.base.CoreBasePage(121) - Logical name : LoginPage.Password ---- Value Entered: Yodlee@123
2020-03-19 17:34:34,362 [main] INFO   com.yodlee.core.base.CoreBasePage(1611) - succesfully sent the keys:: "10003700" to the input box of element:: [[ChromeDriver: chrome on WINDOWS (31e3b808df86afe81e76c7476037dbf7)] -> xpath: //*[@name='app']]
2020-03-19 17:34:34,364 [main] INFO   com.yodlee.core.base.CoreBasePage(121) - Logical name : LoginPage.FinApp ---- Value Entered: 10003700
2020-03-19 17:34:36,933 [main] INFO   com.yodlee.core.base.CoreBasePage(145) - ---clicked LoginPage.Login
2020-03-19 17:34:37,597 [main] INFO   com.yodlee.core.base.CoreBasePage(31) - **********************************************
2020-03-19 17:34:37,598 [main] INFO   com.yodlee.core.base.CoreBasePage(32) - Scenario :: 'Add an aggregated account in application' has started
2020-03-19 17:34:42,996 [main] INFO   com.yodlee.core.base.CoreBasePage(1553) - Clicking on element [By.xpath: //*[@autoid='finCheck_btn_LinkMoreAcc']]
2020-03-19 17:34:43,066 [main] INFO   com.yodlee.core.base.CoreBasePage(1432) - Waiting for element to be present in DOM 0 seconds element:: By.xpath: //*[@autoid='finCheck_btn_LinkMoreAcc']
2020-03-19 17:34:44,099 [main] INFO   com.yodlee.core.base.CoreBasePage(1432) - Waiting for element to be present in DOM 1 seconds element:: By.xpath: //*[@autoid='finCheck_btn_LinkMoreAcc']
2020-03-19 17:34:45,119 [main] INFO   com.yodlee.core.base.CoreBasePage(1432) - Waiting for element to be present in DOM 2 seconds element:: By.xpath: //*[@autoid='finCheck_btn_LinkMoreAcc']
2020-03-19 17:34:46,146 [main] INFO   com.yodlee.core.base.CoreBasePage(1432) - Waiting for element to be present in DOM 3 seconds element:: By.xpath: //*[@autoid='finCheck_btn_LinkMoreAcc']
2020-03-19 17:34:47,177 [main] INFO   com.yodlee.core.base.CoreBasePage(1432) - Waiting for element to be present in DOM 4 seconds element:: By.xpath: //*[@autoid='finCheck_btn_LinkMoreAcc']
2020-03-19 17:34:48,205 [main] INFO   com.yodlee.core.base.CoreBasePage(1432) - Waiting for element to be present in DOM 5 seconds element:: By.xpath: //*[@autoid='finCheck_btn_LinkMoreAcc']
2020-03-19 17:34:49,231 [main] INFO   com.yodlee.core.base.CoreBasePage(1432) - Waiting for element to be present in DOM 6 seconds element:: By.xpath: //*[@autoid='finCheck_btn_LinkMoreAcc']
2020-03-19 17:34:50,253 [main] INFO   com.yodlee.core.base.CoreBasePage(1432) - Waiting for element to be present in DOM 7 seconds element:: By.xpath: //*[@autoid='finCheck_btn_LinkMoreAcc']
2020-03-19 17:34:51,280 [main] INFO   com.yodlee.core.base.CoreBasePage(1432) - Waiting for element to be present in DOM 8 seconds element:: By.xpath: //*[@autoid='finCheck_btn_LinkMoreAcc']
2020-03-19 17:34:52,305 [main] INFO   com.yodlee.core.base.CoreBasePage(1432) - Waiting for element to be present in DOM 9 seconds element:: By.xpath: //*[@autoid='finCheck_btn_LinkMoreAcc']
2020-03-19 17:34:53,338 [main] INFO   com.yodlee.core.base.CoreBasePage(1432) - Waiting for element to be present in DOM 10 seconds element:: By.xpath: //*[@autoid='finCheck_btn_LinkMoreAcc']
2020-03-19 17:34:54,375 [main] INFO   com.yodlee.core.base.CoreBasePage(1432) - Waiting for element to be present in DOM 11 seconds element:: By.xpath: //*[@autoid='finCheck_btn_LinkMoreAcc']
2020-03-19 17:34:55,406 [main] INFO   com.yodlee.core.base.CoreBasePage(1432) - Waiting for element to be present in DOM 12 seconds element:: By.xpath: //*[@autoid='finCheck_btn_LinkMoreAcc']
2020-03-19 17:34:56,431 [main] INFO   com.yodlee.core.base.CoreBasePage(1432) - Waiting for element to be present in DOM 13 seconds element:: By.xpath: //*[@autoid='finCheck_btn_LinkMoreAcc']
2020-03-19 17:34:57,464 [main] INFO   com.yodlee.core.base.CoreBasePage(1432) - Waiting for element to be present in DOM 14 seconds element:: By.xpath: //*[@autoid='finCheck_btn_LinkMoreAcc']
2020-03-19 17:34:58,493 [main] INFO   com.yodlee.core.base.CoreBasePage(1432) - Waiting for element to be present in DOM 15 seconds element:: By.xpath: //*[@autoid='finCheck_btn_LinkMoreAcc']
2020-03-19 17:34:59,521 [main] INFO   com.yodlee.core.base.CoreBasePage(1432) - Waiting for element to be present in DOM 16 seconds element:: By.xpath: //*[@autoid='finCheck_btn_LinkMoreAcc']
2020-03-19 17:35:00,550 [main] INFO   com.yodlee.core.base.CoreBasePage(1432) - Waiting for element to be present in DOM 17 seconds element:: By.xpath: //*[@autoid='finCheck_btn_LinkMoreAcc']
2020-03-19 17:35:01,591 [main] INFO   com.yodlee.core.base.CoreBasePage(1432) - Waiting for element to be present in DOM 18 seconds element:: By.xpath: //*[@autoid='finCheck_btn_LinkMoreAcc']
2020-03-19 17:35:02,640 [main] INFO   com.yodlee.core.base.CoreBasePage(1432) - Waiting for element to be present in DOM 19 seconds element:: By.xpath: //*[@autoid='finCheck_btn_LinkMoreAcc']
2020-03-19 17:35:03,672 [main] INFO   com.yodlee.core.base.CoreBasePage(1432) - Waiting for element to be present in DOM 20 seconds element:: By.xpath: //*[@autoid='finCheck_btn_LinkMoreAcc']
2020-03-19 17:35:04,706 [main] INFO   com.yodlee.core.base.CoreBasePage(1432) - Waiting for element to be present in DOM 21 seconds element:: By.xpath: //*[@autoid='finCheck_btn_LinkMoreAcc']
2020-03-19 17:35:05,733 [main] INFO   com.yodlee.core.base.CoreBasePage(1432) - Waiting for element to be present in DOM 22 seconds element:: By.xpath: //*[@autoid='finCheck_btn_LinkMoreAcc']
2020-03-19 17:35:06,770 [main] INFO   com.yodlee.core.base.CoreBasePage(1432) - Waiting for element to be present in DOM 23 seconds element:: By.xpath: //*[@autoid='finCheck_btn_LinkMoreAcc']
2020-03-19 17:35:07,806 [main] INFO   com.yodlee.core.base.CoreBasePage(1432) - Waiting for element to be present in DOM 24 seconds element:: By.xpath: //*[@autoid='finCheck_btn_LinkMoreAcc']
2020-03-19 17:35:08,843 [main] INFO   com.yodlee.core.base.CoreBasePage(1432) - Waiting for element to be present in DOM 25 seconds element:: By.xpath: //*[@autoid='finCheck_btn_LinkMoreAcc']
2020-03-19 17:35:09,874 [main] INFO   com.yodlee.core.base.CoreBasePage(1432) - Waiting for element to be present in DOM 26 seconds element:: By.xpath: //*[@autoid='finCheck_btn_LinkMoreAcc']
2020-03-19 17:35:10,911 [main] INFO   com.yodlee.core.base.CoreBasePage(1432) - Waiting for element to be present in DOM 27 seconds element:: By.xpath: //*[@autoid='finCheck_btn_LinkMoreAcc']
2020-03-19 17:35:12,065 [main] INFO   com.yodlee.core.base.CoreBasePage(1432) - Waiting for element to be present in DOM 28 seconds element:: By.xpath: //*[@autoid='finCheck_btn_LinkMoreAcc']
2020-03-19 17:35:13,092 [main] INFO   com.yodlee.core.base.CoreBasePage(1432) - Waiting for element to be present in DOM 29 seconds element:: By.xpath: //*[@autoid='finCheck_btn_LinkMoreAcc']
2020-03-19 17:35:14,126 [main] INFO   com.yodlee.core.base.CoreBasePage(1432) - Waiting for element to be present in DOM 30 seconds element:: By.xpath: //*[@autoid='finCheck_btn_LinkMoreAcc']
2020-03-19 17:35:15,153 [main] INFO   com.yodlee.core.base.CoreBasePage(1432) - Waiting for element to be present in DOM 31 seconds element:: By.xpath: //*[@autoid='finCheck_btn_LinkMoreAcc']
2020-03-19 17:35:16,190 [main] INFO   com.yodlee.core.base.CoreBasePage(1432) - Waiting for element to be present in DOM 32 seconds element:: By.xpath: //*[@autoid='finCheck_btn_LinkMoreAcc']
2020-03-19 17:35:17,225 [main] INFO   com.yodlee.core.base.CoreBasePage(1432) - Waiting for element to be present in DOM 33 seconds element:: By.xpath: //*[@autoid='finCheck_btn_LinkMoreAcc']
2020-03-19 17:35:18,285 [main] INFO   com.yodlee.core.base.CoreBasePage(1432) - Waiting for element to be present in DOM 34 seconds element:: By.xpath: //*[@autoid='finCheck_btn_LinkMoreAcc']
2020-03-19 17:35:19,322 [main] INFO   com.yodlee.core.base.CoreBasePage(1432) - Waiting for element to be present in DOM 35 seconds element:: By.xpath: //*[@autoid='finCheck_btn_LinkMoreAcc']
2020-03-19 17:35:20,356 [main] INFO   com.yodlee.core.base.CoreBasePage(1432) - Waiting for element to be present in DOM 36 seconds element:: By.xpath: //*[@autoid='finCheck_btn_LinkMoreAcc']
2020-03-19 17:35:21,389 [main] INFO   com.yodlee.core.base.CoreBasePage(1432) - Waiting for element to be present in DOM 37 seconds element:: By.xpath: //*[@autoid='finCheck_btn_LinkMoreAcc']
2020-03-19 17:35:22,421 [main] INFO   com.yodlee.core.base.CoreBasePage(1432) - Waiting for element to be present in DOM 38 seconds element:: By.xpath: //*[@autoid='finCheck_btn_LinkMoreAcc']
2020-03-19 17:35:23,452 [main] INFO   com.yodlee.core.base.CoreBasePage(1432) - Waiting for element to be present in DOM 39 seconds element:: By.xpath: //*[@autoid='finCheck_btn_LinkMoreAcc']
2020-03-19 17:35:24,509 [main] INFO   com.yodlee.core.base.CoreBasePage(1432) - Waiting for element to be present in DOM 40 seconds element:: By.xpath: //*[@autoid='finCheck_btn_LinkMoreAcc']
2020-03-19 17:35:25,539 [main] INFO   com.yodlee.core.base.CoreBasePage(1432) - Waiting for element to be present in DOM 41 seconds element:: By.xpath: //*[@autoid='finCheck_btn_LinkMoreAcc']
2020-03-19 17:35:26,579 [main] INFO   com.yodlee.core.base.CoreBasePage(1432) - Waiting for element to be present in DOM 42 seconds element:: By.xpath: //*[@autoid='finCheck_btn_LinkMoreAcc']
2020-03-19 17:35:27,618 [main] INFO   com.yodlee.core.base.CoreBasePage(1432) - Waiting for element to be present in DOM 43 seconds element:: By.xpath: //*[@autoid='finCheck_btn_LinkMoreAcc']
2020-03-19 17:35:28,720 [main] INFO   com.yodlee.core.base.CoreBasePage(1432) - Waiting for element to be present in DOM 44 seconds element:: By.xpath: //*[@autoid='finCheck_btn_LinkMoreAcc']
2020-03-19 17:35:29,780 [main] INFO   com.yodlee.core.base.CoreBasePage(1432) - Waiting for element to be present in DOM 45 seconds element:: By.xpath: //*[@autoid='finCheck_btn_LinkMoreAcc']
2020-03-19 17:35:30,817 [main] INFO   com.yodlee.core.base.CoreBasePage(1432) - Waiting for element to be present in DOM 46 seconds element:: By.xpath: //*[@autoid='finCheck_btn_LinkMoreAcc']
2020-03-19 17:35:31,841 [main] INFO   com.yodlee.core.base.CoreBasePage(1432) - Waiting for element to be present in DOM 47 seconds element:: By.xpath: //*[@autoid='finCheck_btn_LinkMoreAcc']
2020-03-19 17:35:32,868 [main] INFO   com.yodlee.core.base.CoreBasePage(1432) - Waiting for element to be present in DOM 48 seconds element:: By.xpath: //*[@autoid='finCheck_btn_LinkMoreAcc']
2020-03-19 17:35:33,897 [main] INFO   com.yodlee.core.base.CoreBasePage(1432) - Waiting for element to be present in DOM 49 seconds element:: By.xpath: //*[@autoid='finCheck_btn_LinkMoreAcc']
2020-03-19 17:35:34,926 [main] INFO   com.yodlee.core.base.CoreBasePage(1432) - Waiting for element to be present in DOM 50 seconds element:: By.xpath: //*[@autoid='finCheck_btn_LinkMoreAcc']
2020-03-19 17:35:35,993 [main] INFO   com.yodlee.core.base.CoreBasePage(1432) - Waiting for element to be present in DOM 51 seconds element:: By.xpath: //*[@autoid='finCheck_btn_LinkMoreAcc']
2020-03-19 17:35:37,024 [main] INFO   com.yodlee.core.base.CoreBasePage(1432) - Waiting for element to be present in DOM 52 seconds element:: By.xpath: //*[@autoid='finCheck_btn_LinkMoreAcc']
2020-03-19 17:35:38,092 [main] INFO   com.yodlee.core.base.CoreBasePage(1432) - Waiting for element to be present in DOM 53 seconds element:: By.xpath: //*[@autoid='finCheck_btn_LinkMoreAcc']
2020-03-19 17:35:39,128 [main] INFO   com.yodlee.core.base.CoreBasePage(1432) - Waiting for element to be present in DOM 54 seconds element:: By.xpath: //*[@autoid='finCheck_btn_LinkMoreAcc']
2020-03-19 17:35:40,172 [main] INFO   com.yodlee.core.base.CoreBasePage(1432) - Waiting for element to be present in DOM 55 seconds element:: By.xpath: //*[@autoid='finCheck_btn_LinkMoreAcc']
2020-03-19 17:35:41,201 [main] INFO   com.yodlee.core.base.CoreBasePage(1432) - Waiting for element to be present in DOM 56 seconds element:: By.xpath: //*[@autoid='finCheck_btn_LinkMoreAcc']
2020-03-19 17:35:42,264 [main] INFO   com.yodlee.core.base.CoreBasePage(1432) - Waiting for element to be present in DOM 57 seconds element:: By.xpath: //*[@autoid='finCheck_btn_LinkMoreAcc']
2020-03-19 17:35:43,296 [main] INFO   com.yodlee.core.base.CoreBasePage(1432) - Waiting for element to be present in DOM 58 seconds element:: By.xpath: //*[@autoid='finCheck_btn_LinkMoreAcc']
2020-03-19 17:35:44,324 [main] INFO   com.yodlee.core.base.CoreBasePage(1432) - Waiting for element to be present in DOM 59 seconds element:: By.xpath: //*[@autoid='finCheck_btn_LinkMoreAcc']
2020-03-19 17:35:45,325 [main] ERROR  com.yodlee.core.base.CoreBasePage(1441) - Element is not present in DOM element:: By.xpath: //*[@autoid='finCheck_btn_LinkMoreAcc']
2020-03-19 17:35:46,685 [main] INFO   com.yodlee.core.base.CoreBasePage(31) - **********************************************
2020-03-19 17:35:46,685 [main] INFO   com.yodlee.core.base.CoreBasePage(32) - Scenario :: 'Verify Dashboard' has started
2020-03-19 17:36:50,007 [main] INFO   com.yodlee.core.base.CoreBasePage(346) - TimeoutException: DashboardPage.header  is not shown in given time
2020-03-19 17:36:50,008 [main] INFO   com.yodlee.core.base.CoreBasePage(103) - Logical name : DashboardPage.header ---- Expected Value : #174271 ---- Actual Value : 
2020-03-19 17:37:50,047 [main] INFO   com.yodlee.core.base.CoreBasePage(346) - TimeoutException: DashboardPage.header  is not shown in given time
2020-03-19 17:37:51,026 [main] INFO   com.yodlee.core.base.CoreBasePage(31) - **********************************************
2020-03-19 17:37:51,027 [main] INFO   com.yodlee.core.base.CoreBasePage(32) - Scenario :: 'verify fincheck disclaimer message in dashboard' has started
2020-03-19 17:38:24,622 [main] INFO   com.yodlee.core.base.CoreBasePage(31) - **********************************************
2020-03-19 17:38:24,623 [main] INFO   com.yodlee.core.base.CoreBasePage(32) - Scenario :: 'verify accounts in the dashboard' has started
2020-03-19 17:38:24,733 [main] ERROR  com.yodlee.core.base.CoreBasePage(1441) - Element is not present in DOM element:: By.xpath: //*[@autoid='accounts-container-level-low']//div[contains(@class,'account-details')]//span[@class='ellipsis']
