2020-02-25 14:34:49,530 [main] INFO   LoginTestRunner(28) - Browser :: chrome
2020-02-25 14:34:49,539 [main] INFO   LoginTestRunner(29) - Environment :: YCOM_L1
2020-02-25 14:34:49,837 [main] TRACE  i.g.bonigarcia.wdm.WebDriverManager(634) - Using preferences true
2020-02-25 14:34:49,839 [main] DEBUG  i.github.bonigarcia.wdm.Preferences(93) - Removing preference chrome=80 (expired on 2020-02-25 14:11:43)
2020-02-25 14:34:49,841 [main] DEBUG  io.github.bonigarcia.wdm.Shell(55) - Running command on the shell: [wmic, datafile, where, name='C:\\Program Files (x86)\\Google\\Chrome\\Application\\chrome.exe', get, Version, /value]
2020-02-25 14:34:50,136 [main] DEBUG  io.github.bonigarcia.wdm.Shell(57) - Result: Version=80.0.3987.122
2020-02-25 14:34:50,137 [main] TRACE  i.g.bonigarcia.wdm.WebDriverManager(601) - Detected Google Chrome version 80
2020-02-25 14:34:50,138 [main] TRACE  i.g.bonigarcia.wdm.WebDriverManager(634) - Using preferences true
2020-02-25 14:34:50,138 [main] DEBUG  i.github.bonigarcia.wdm.Preferences(93) - Removing preference chrome80=80.0.3987.106 (expired on 2020-02-25 14:11:43)
2020-02-25 14:34:50,140 [main] DEBUG  i.g.bonigarcia.wdm.WebDriverManager(685) - Getting driver version for chrome80 from online versions.properties
2020-02-25 14:34:50,140 [main] TRACE  i.g.bonigarcia.wdm.WebDriverManager(719) - Reading online version.properties to find out driver version
2020-02-25 14:34:50,150 [main] DEBUG  o.a.h.c.protocol.RequestAddCookies(122) - CookieSpec selected: standard
2020-02-25 14:34:50,155 [main] DEBUG  o.a.h.c.protocol.RequestAuthCache(76) - Auth cache not set in the context
2020-02-25 14:34:50,156 [main] DEBUG  o.a.h.i.c.PoolingHttpClientConnectionManager(249) - Connection request: [route: {s}->https://raw.githubusercontent.com:443][total kept alive: 0; route allocated: 0 of 2; total allocated: 0 of 20]
2020-02-25 14:34:50,165 [main] DEBUG  o.a.h.i.c.PoolingHttpClientConnectionManager(282) - Connection leased: [id: 0][route: {s}->https://raw.githubusercontent.com:443][total kept alive: 0; route allocated: 1 of 2; total allocated: 1 of 20]
2020-02-25 14:34:50,166 [main] DEBUG  o.a.h.impl.execchain.MainClientExec(234) - Opening connection {s}->https://raw.githubusercontent.com:443
2020-02-25 14:34:50,215 [main] DEBUG  o.a.h.i.c.DefaultHttpClientConnectionOperator(138) - Connecting to raw.githubusercontent.com/151.101.0.133:443
2020-02-25 14:34:50,215 [main] DEBUG  o.a.h.c.s.SSLConnectionSocketFactory(335) - Connecting socket to raw.githubusercontent.com/151.101.0.133:443 with timeout 0
2020-02-25 14:34:50,228 [main] DEBUG  o.a.h.c.s.SSLConnectionSocketFactory(388) - Enabled protocols: [TLSv1, TLSv1.1, TLSv1.2]
2020-02-25 14:34:50,229 [main] DEBUG  o.a.h.c.s.SSLConnectionSocketFactory(389) - Enabled cipher suites:[TLS_ECDHE_ECDSA_WITH_AES_256_CBC_SHA384, TLS_ECDHE_RSA_WITH_AES_256_CBC_SHA384, TLS_RSA_WITH_AES_256_CBC_SHA256, TLS_ECDH_ECDSA_WITH_AES_256_CBC_SHA384, TLS_ECDH_RSA_WITH_AES_256_CBC_SHA384, TLS_DHE_RSA_WITH_AES_256_CBC_SHA256, TLS_DHE_DSS_WITH_AES_256_CBC_SHA256, TLS_ECDHE_ECDSA_WITH_AES_256_CBC_SHA, TLS_ECDHE_RSA_WITH_AES_256_CBC_SHA, TLS_RSA_WITH_AES_256_CBC_SHA, TLS_ECDH_ECDSA_WITH_AES_256_CBC_SHA, TLS_ECDH_RSA_WITH_AES_256_CBC_SHA, TLS_DHE_RSA_WITH_AES_256_CBC_SHA, TLS_DHE_DSS_WITH_AES_256_CBC_SHA, TLS_ECDHE_ECDSA_WITH_AES_128_CBC_SHA256, TLS_ECDHE_RSA_WITH_AES_128_CBC_SHA256, TLS_RSA_WITH_AES_128_CBC_SHA256, TLS_ECDH_ECDSA_WITH_AES_128_CBC_SHA256, TLS_ECDH_RSA_WITH_AES_128_CBC_SHA256, TLS_DHE_RSA_WITH_AES_128_CBC_SHA256, TLS_DHE_DSS_WITH_AES_128_CBC_SHA256, TLS_ECDHE_ECDSA_WITH_AES_128_CBC_SHA, TLS_ECDHE_RSA_WITH_AES_128_CBC_SHA, TLS_RSA_WITH_AES_128_CBC_SHA, TLS_ECDH_ECDSA_WITH_AES_128_CBC_SHA, TLS_ECDH_RSA_WITH_AES_128_CBC_SHA, TLS_DHE_RSA_WITH_AES_128_CBC_SHA, TLS_DHE_DSS_WITH_AES_128_CBC_SHA, TLS_ECDHE_ECDSA_WITH_AES_256_GCM_SHA384, TLS_ECDHE_ECDSA_WITH_AES_128_GCM_SHA256, TLS_ECDHE_RSA_WITH_AES_256_GCM_SHA384, TLS_RSA_WITH_AES_256_GCM_SHA384, TLS_ECDH_ECDSA_WITH_AES_256_GCM_SHA384, TLS_ECDH_RSA_WITH_AES_256_GCM_SHA384, TLS_DHE_RSA_WITH_AES_256_GCM_SHA384, TLS_DHE_DSS_WITH_AES_256_GCM_SHA384, TLS_ECDHE_RSA_WITH_AES_128_GCM_SHA256, TLS_RSA_WITH_AES_128_GCM_SHA256, TLS_ECDH_ECDSA_WITH_AES_128_GCM_SHA256, TLS_ECDH_RSA_WITH_AES_128_GCM_SHA256, TLS_DHE_RSA_WITH_AES_128_GCM_SHA256, TLS_DHE_DSS_WITH_AES_128_GCM_SHA256, TLS_EMPTY_RENEGOTIATION_INFO_SCSV]
2020-02-25 14:34:50,229 [main] DEBUG  o.a.h.c.s.SSLConnectionSocketFactory(393) - Starting handshake
2020-02-25 14:34:50,270 [main] DEBUG  o.a.h.c.s.SSLConnectionSocketFactory(423) - Secure session established
2020-02-25 14:34:50,270 [main] DEBUG  o.a.h.c.s.SSLConnectionSocketFactory(424) -  negotiated protocol: TLSv1.2
2020-02-25 14:34:50,271 [main] DEBUG  o.a.h.c.s.SSLConnectionSocketFactory(425) -  negotiated cipher suite: TLS_ECDHE_RSA_WITH_AES_128_GCM_SHA256
2020-02-25 14:34:50,271 [main] DEBUG  o.a.h.c.s.SSLConnectionSocketFactory(433) -  peer principal: CN=www.github.com, O="GitHub, Inc.", L=San Francisco, ST=California, C=US
2020-02-25 14:34:50,271 [main] DEBUG  o.a.h.c.s.SSLConnectionSocketFactory(442) -  peer alternative names: [www.github.com, *.github.com, github.com, *.github.io, github.io, *.githubusercontent.com, githubusercontent.com]
2020-02-25 14:34:50,271 [main] DEBUG  o.a.h.c.s.SSLConnectionSocketFactory(446) -  issuer principal: CN=DigiCert SHA2 High Assurance Server CA, OU=www.digicert.com, O=DigiCert Inc, C=US
2020-02-25 14:34:50,272 [main] DEBUG  o.a.h.i.c.DefaultHttpClientConnectionOperator(145) - Connection established 192.168.66.45:53799<->151.101.0.133:443
2020-02-25 14:34:50,272 [main] DEBUG  o.a.h.i.c.DefaultManagedHttpClientConnection(90) - http-outgoing-0: set socket timeout to 30000
2020-02-25 14:34:50,273 [main] DEBUG  o.a.h.impl.execchain.MainClientExec(255) - Executing request GET /bonigarcia/webdrivermanager/master/src/main/resources/versions.properties HTTP/1.1
2020-02-25 14:34:50,273 [main] DEBUG  o.a.h.impl.execchain.MainClientExec(260) - Target auth state: UNCHALLENGED
2020-02-25 14:34:50,273 [main] DEBUG  o.a.h.impl.execchain.MainClientExec(266) - Proxy auth state: UNCHALLENGED
2020-02-25 14:34:50,274 [main] DEBUG  org.apache.http.headers(135) - http-outgoing-0 >> GET /bonigarcia/webdrivermanager/master/src/main/resources/versions.properties HTTP/1.1
2020-02-25 14:34:50,274 [main] DEBUG  org.apache.http.headers(138) - http-outgoing-0 >> User-Agent: Apache-HttpClient/4.5.6
2020-02-25 14:34:50,275 [main] DEBUG  org.apache.http.headers(138) - http-outgoing-0 >> Connection: keep-alive
2020-02-25 14:34:50,275 [main] DEBUG  org.apache.http.headers(138) - http-outgoing-0 >> Host: raw.githubusercontent.com
2020-02-25 14:34:50,275 [main] DEBUG  org.apache.http.headers(138) - http-outgoing-0 >> Accept-Encoding: gzip,deflate
2020-02-25 14:34:50,275 [main] DEBUG  org.apache.http.wire(72) - http-outgoing-0 >> "GET /bonigarcia/webdrivermanager/master/src/main/resources/versions.properties HTTP/1.1[\r][\n]"
2020-02-25 14:34:50,275 [main] DEBUG  org.apache.http.wire(72) - http-outgoing-0 >> "User-Agent: Apache-HttpClient/4.5.6[\r][\n]"
2020-02-25 14:34:50,275 [main] DEBUG  org.apache.http.wire(72) - http-outgoing-0 >> "Connection: keep-alive[\r][\n]"
2020-02-25 14:34:50,275 [main] DEBUG  org.apache.http.wire(72) - http-outgoing-0 >> "Host: raw.githubusercontent.com[\r][\n]"
2020-02-25 14:34:50,275 [main] DEBUG  org.apache.http.wire(72) - http-outgoing-0 >> "Accept-Encoding: gzip,deflate[\r][\n]"
2020-02-25 14:34:50,276 [main] DEBUG  org.apache.http.wire(72) - http-outgoing-0 >> "[\r][\n]"
2020-02-25 14:34:50,290 [main] DEBUG  org.apache.http.wire(72) - http-outgoing-0 << "HTTP/1.1 200 OK[\r][\n]"
2020-02-25 14:34:50,290 [main] DEBUG  org.apache.http.wire(72) - http-outgoing-0 << "Content-Type: text/plain; charset=utf-8[\r][\n]"
2020-02-25 14:34:50,291 [main] DEBUG  org.apache.http.wire(72) - http-outgoing-0 << "Content-Security-Policy: default-src 'none'; style-src 'unsafe-inline'; sandbox[\r][\n]"
2020-02-25 14:34:50,291 [main] DEBUG  org.apache.http.wire(72) - http-outgoing-0 << "Strict-Transport-Security: max-age=31536000[\r][\n]"
2020-02-25 14:34:50,291 [main] DEBUG  org.apache.http.wire(72) - http-outgoing-0 << "X-Content-Type-Options: nosniff[\r][\n]"
2020-02-25 14:34:50,291 [main] DEBUG  org.apache.http.wire(72) - http-outgoing-0 << "X-Frame-Options: deny[\r][\n]"
2020-02-25 14:34:50,291 [main] DEBUG  org.apache.http.wire(72) - http-outgoing-0 << "X-XSS-Protection: 1; mode=block[\r][\n]"
2020-02-25 14:34:50,291 [main] DEBUG  org.apache.http.wire(72) - http-outgoing-0 << "ETag: W/"928414893f1176f2c378720d305b2c0cb7c6bb8a3ad954883a76ad1673beefbb"[\r][\n]"
2020-02-25 14:34:50,291 [main] DEBUG  org.apache.http.wire(72) - http-outgoing-0 << "Cache-Control: max-age=300[\r][\n]"
2020-02-25 14:34:50,291 [main] DEBUG  org.apache.http.wire(72) - http-outgoing-0 << "X-Geo-Block-List:[\r][\n]"
2020-02-25 14:34:50,292 [main] DEBUG  org.apache.http.wire(72) - http-outgoing-0 << "Via: 1.1 varnish (Varnish/6.0)[\r][\n]"
2020-02-25 14:34:50,292 [main] DEBUG  org.apache.http.wire(72) - http-outgoing-0 << "Content-Encoding: gzip[\r][\n]"
2020-02-25 14:34:50,292 [main] DEBUG  org.apache.http.wire(72) - http-outgoing-0 << "X-GitHub-Request-Id: A10E:0B80:4AE04:4FFA7:5E54DEB5[\r][\n]"
2020-02-25 14:34:50,292 [main] DEBUG  org.apache.http.wire(72) - http-outgoing-0 << "Content-Length: 744[\r][\n]"
2020-02-25 14:34:50,292 [main] DEBUG  org.apache.http.wire(72) - http-outgoing-0 << "Accept-Ranges: bytes[\r][\n]"
2020-02-25 14:34:50,292 [main] DEBUG  org.apache.http.wire(72) - http-outgoing-0 << "Date: Tue, 25 Feb 2020 09:04:50 GMT[\r][\n]"
2020-02-25 14:34:50,292 [main] DEBUG  org.apache.http.wire(72) - http-outgoing-0 << "Via: 1.1 varnish[\r][\n]"
2020-02-25 14:34:50,293 [main] DEBUG  org.apache.http.wire(72) - http-outgoing-0 << "Connection: keep-alive[\r][\n]"
2020-02-25 14:34:50,293 [main] DEBUG  org.apache.http.wire(72) - http-outgoing-0 << "X-Served-By: cache-maa18322-MAA[\r][\n]"
2020-02-25 14:34:50,293 [main] DEBUG  org.apache.http.wire(72) - http-outgoing-0 << "X-Cache: HIT, HIT[\r][\n]"
2020-02-25 14:34:50,293 [main] DEBUG  org.apache.http.wire(72) - http-outgoing-0 << "X-Cache-Hits: 11, 2[\r][\n]"
2020-02-25 14:34:50,293 [main] DEBUG  org.apache.http.wire(72) - http-outgoing-0 << "X-Timer: S1582621490.303045,VS0,VE0[\r][\n]"
2020-02-25 14:34:50,294 [main] DEBUG  org.apache.http.wire(72) - http-outgoing-0 << "Vary: Authorization,Accept-Encoding[\r][\n]"
2020-02-25 14:34:50,295 [main] DEBUG  org.apache.http.wire(72) - http-outgoing-0 << "Access-Control-Allow-Origin: *[\r][\n]"
2020-02-25 14:34:50,295 [main] DEBUG  org.apache.http.wire(72) - http-outgoing-0 << "X-Fastly-Request-ID: e8bd08d6dc026c434fdc37f08852f9f9dd855fba[\r][\n]"
2020-02-25 14:34:50,295 [main] DEBUG  org.apache.http.wire(72) - http-outgoing-0 << "Expires: Tue, 25 Feb 2020 09:09:50 GMT[\r][\n]"
2020-02-25 14:34:50,295 [main] DEBUG  org.apache.http.wire(72) - http-outgoing-0 << "Source-Age: 239[\r][\n]"
2020-02-25 14:34:50,295 [main] DEBUG  org.apache.http.wire(72) - http-outgoing-0 << "[\r][\n]"
2020-02-25 14:34:50,296 [main] DEBUG  org.apache.http.wire(72) - http-outgoing-0 << "[0x1f][0x8b][0x8][0x0][0x0][0x0][0x0][0x0][0x0][0x3][0x8d][0x95][0xcb][0x8e][0xda]0[0x14][0x86][0xf7]<[0x85][0xa5][0xd9][0xb4][0xb][0x1c][0xdf]b'H[0xde][0xf4][0xba][0x1a]u[0xd1][0xbe]@[0x0][0x3][0xd1][0x84][0x18]9ah[0xfb][0xf4]=[0xbe]N@[0xad][0xd4][0xe5][0xff]q|[0xfc][0xcb]'[0xff][0xe1][0x9][0xfd]8[0xf5][0x13]:[0xf4][0x83]A;;[0xce]]?Nh>[0x19][0xf4]2[0xda][0xdb][0x88]^[0x8d][0x9b]z[0xb][0xe8]`[0x1d][0xda][0xbb][0xde]k[0xf4]n[0xdb][0x8f][0x9d][0xfb][0xf5][0x1e][0xe][0x9c]/[0xdd][0xdc]o[0xe1][0xec][0xad][0x9f]O[0xe1][0xdc][0xce]:g[0xa6][0x8b][0x1d][0xf7][0xfd]xD[go[0x93]q[0xb9][0xcf]j[0xf5][0x84]>D[0xb4]A_[0xad]=[0xc2][0xc9][0x8f]'g[0xcf][0x6][0xad][0xd1][0xa7][0xd0]~[0x83]v[0x1][0xc4][0xcb][0xa0][0xfe][0xbb][0xbd][0xba][0x9d][0xd9][0xa0][0xd3]<_6U[0xb5][0xfc][0x15][0x7][0xd1]_[0xcf][0xd8][0xba]c[0xb5][0x7][0xc3][0x83][0xed][0xf6][0xd3]*[0xd6]4T7[0x14][0x13],[0x88][0x10][0x98][0x91]L[0x89]n[0x8]P[0xde]6[\n]"
2020-02-25 14:34:50,315 [main] DEBUG  org.apache.http.wire(72) - http-outgoing-0 << "S"[0x13]V[0xad]Vm[0xc0][0xa2][0xc6][0xbc][0xd0]F[0xab]&P"[0xa0][0xb8][0xce][0xc5]J+[0xe5]q#kh[0x9f][0xa9][0xd4]J[0x6]JZLY[0xe9]QkU{[0xac][0x14][0xc1][0xf4][0xad]Zh%[0x2]f-.[0xb5]\+[0xee][0xa1]l8[0x96]Mn[0xcc]4[0xc3][0xa2][0xd4][0xd0];E[0xbc][0xca][0xc6]d[0xeb][0x95]H[0xe7]d[0xe3][0x15][0xcb]JyE[0xb3][0x92]^e[0xeb][0xb2][0x6][0xc5][0xf3]}Rx[0xa5]r%[0xf7]*[0xdf].[0xbd][0x17]^[0xee][0xf3]^x[0xb9][0xcf]{[0xe1][0xfc]n[0xc8][0xcf][0xf6]w?[0xc][0x1d][0xfa][0xd2];s[0xb0]?[0x17]c>[0x9a][0xdd][0x8b][0xfd][0xeb][0x94]'[0x18][0xf3][0x11][0xbe][0xa7][0xeb][0x16][0xc3][0x17]V[0x9d]c[0x8b]jq[0xa0]rf0[0xdd]d[0xa6][0xd5]![0xf6]U\[0x13][0xcc][0xe0][0xf5][0xb]`[0x8f][0x80]>[0x2][0xf2][0x0][0xe0][0xf1][0xee]{[0xc0][0xfb][0x1][0x80][0xd9][0xe5][0xa6]Ry[0x0]S+@>[0x82][0xfa][0x11][0x8][0xf]`[0xa6][0xe5]Hp[0xba][0x4][0xc1])[T[0x4][0xa7][0xf0][0xe5][0x96]#[0xc1][0xe9][0x2][0xd4][0xc1][0xe9][0x12][0x4][0xa7]K[0x10][0x9c].Ap[\n]"
2020-02-25 14:34:50,316 [main] DEBUG  org.apache.http.wire(72) - http-outgoing-0 << "[0x1f]~nZ[0x7][0xa7][0x1e],3[0xf9][0xed]b\[0xb7][0x18][0x92][0xf5][0xfa][0x86][0x14][\n]"
2020-02-25 14:34:50,316 [main] DEBUG  org.apache.http.wire(72) - http-outgoing-0 << "'{[0x98]o[0x9d]3UP9[0x9c][0xf1][0xf8][0xdb][0xc8][0xc2][0x8f][0x12][0xc2]R[0xf2][0xa6][0xda]U[0x84][0x10][0x95][0x12][0xb7]F%[0x8]A)a[0xa3][0x90][0xe3]X[\n]"
2020-02-25 14:34:50,317 [main] DEBUG  org.apache.http.wire(72) - http-outgoing-0 << "Iy[0xb][0x1b]g[0x89][0xb2]e[0xd6]H[0xae]M[0x19][0x9][0x7][0xe1][0xed]B`[0xa2]H[0x9][0x89]"[0x5]$[0x8a][0x94][0x8f](R<[0xa2]H[0xe9][0x88]"[0x85]#[0x8a][0x94][0x8d](B4x[0xba]'%#[0xfc]"[0xbc][0x83][0xec]Xx[0x7]<[0x19][0x15][0xde][0x1]K[0x8f]![0xbc][0x3][0x10][0xcb][0xf1]<[0xf7];g[0xfd]+[0xa3][0xcf][0xfb][0xe3]rg[0x9e]'[0x3][0xe0][0x9f][0x83][0xda][0x9b]W3[0xf8][0xcb][0xf1]9w[0x8][0xd1]2[0xe3][0xfa]:U[0x85][0xad]}[0x93]j[0xb6]v[0x98][0xaa][0x9b][0xd9][0xa6][0xc1][0xad]<-[0xcb][0x94]J[0xd8]m[0x11][0xe5]M*)[0xae]U@e[0x8b]R[0xff][0x81][0x7][0x92]6([0xf3]3[0x8c]$-O[0xc6][0xb]I[0x8b][0x93][0xc2][0xd2]K5igR[0xde][0xfa][0xcd][0xed][0x1b][0x9][0xa1]/[0xce][0xac][0xe1][0xef]i[0xee][0x86][0xc1][0xec]#d[0x1a][0xec]([\n]"
2020-02-25 14:34:50,317 [main] DEBUG  org.apache.http.wire(86) - http-outgoing-0 << "+([0xd4]P]c*Y[0xdb]FI4l[0xed][0x9a]H[0x1e]$o4[0x87][0x5][0xcc][0xdb]([0x99][0x1f]*[0xec][0xf4]F[0x86]_[0x19][0xd1][0x14]$[0x83][0x9d][0xf8][0x7]K[0xbd][0xd8][0x16][0x14][0x7][0x0][0x0]"
2020-02-25 14:34:50,320 [main] DEBUG  org.apache.http.headers(124) - http-outgoing-0 << HTTP/1.1 200 OK
2020-02-25 14:34:50,320 [main] DEBUG  org.apache.http.headers(127) - http-outgoing-0 << Content-Type: text/plain; charset=utf-8
2020-02-25 14:34:50,321 [main] DEBUG  org.apache.http.headers(127) - http-outgoing-0 << Content-Security-Policy: default-src 'none'; style-src 'unsafe-inline'; sandbox
2020-02-25 14:34:50,321 [main] DEBUG  org.apache.http.headers(127) - http-outgoing-0 << Strict-Transport-Security: max-age=31536000
2020-02-25 14:34:50,321 [main] DEBUG  org.apache.http.headers(127) - http-outgoing-0 << X-Content-Type-Options: nosniff
2020-02-25 14:34:50,321 [main] DEBUG  org.apache.http.headers(127) - http-outgoing-0 << X-Frame-Options: deny
2020-02-25 14:34:50,321 [main] DEBUG  org.apache.http.headers(127) - http-outgoing-0 << X-XSS-Protection: 1; mode=block
2020-02-25 14:34:50,321 [main] DEBUG  org.apache.http.headers(127) - http-outgoing-0 << ETag: W/"928414893f1176f2c378720d305b2c0cb7c6bb8a3ad954883a76ad1673beefbb"
2020-02-25 14:34:50,321 [main] DEBUG  org.apache.http.headers(127) - http-outgoing-0 << Cache-Control: max-age=300
2020-02-25 14:34:50,322 [main] DEBUG  org.apache.http.headers(127) - http-outgoing-0 << X-Geo-Block-List:
2020-02-25 14:34:50,322 [main] DEBUG  org.apache.http.headers(127) - http-outgoing-0 << Via: 1.1 varnish (Varnish/6.0)
2020-02-25 14:34:50,322 [main] DEBUG  org.apache.http.headers(127) - http-outgoing-0 << Content-Encoding: gzip
2020-02-25 14:34:50,322 [main] DEBUG  org.apache.http.headers(127) - http-outgoing-0 << X-GitHub-Request-Id: A10E:0B80:4AE04:4FFA7:5E54DEB5
2020-02-25 14:34:50,322 [main] DEBUG  org.apache.http.headers(127) - http-outgoing-0 << Content-Length: 744
2020-02-25 14:34:50,322 [main] DEBUG  org.apache.http.headers(127) - http-outgoing-0 << Accept-Ranges: bytes
2020-02-25 14:34:50,322 [main] DEBUG  org.apache.http.headers(127) - http-outgoing-0 << Date: Tue, 25 Feb 2020 09:04:50 GMT
2020-02-25 14:34:50,322 [main] DEBUG  org.apache.http.headers(127) - http-outgoing-0 << Via: 1.1 varnish
2020-02-25 14:34:50,322 [main] DEBUG  org.apache.http.headers(127) - http-outgoing-0 << Connection: keep-alive
2020-02-25 14:34:50,323 [main] DEBUG  org.apache.http.headers(127) - http-outgoing-0 << X-Served-By: cache-maa18322-MAA
2020-02-25 14:34:50,323 [main] DEBUG  org.apache.http.headers(127) - http-outgoing-0 << X-Cache: HIT, HIT
2020-02-25 14:34:50,323 [main] DEBUG  org.apache.http.headers(127) - http-outgoing-0 << X-Cache-Hits: 11, 2
2020-02-25 14:34:50,323 [main] DEBUG  org.apache.http.headers(127) - http-outgoing-0 << X-Timer: S1582621490.303045,VS0,VE0
2020-02-25 14:34:50,323 [main] DEBUG  org.apache.http.headers(127) - http-outgoing-0 << Vary: Authorization,Accept-Encoding
2020-02-25 14:34:50,323 [main] DEBUG  org.apache.http.headers(127) - http-outgoing-0 << Access-Control-Allow-Origin: *
2020-02-25 14:34:50,323 [main] DEBUG  org.apache.http.headers(127) - http-outgoing-0 << X-Fastly-Request-ID: e8bd08d6dc026c434fdc37f08852f9f9dd855fba
2020-02-25 14:34:50,323 [main] DEBUG  org.apache.http.headers(127) - http-outgoing-0 << Expires: Tue, 25 Feb 2020 09:09:50 GMT
2020-02-25 14:34:50,323 [main] DEBUG  org.apache.http.headers(127) - http-outgoing-0 << Source-Age: 239
2020-02-25 14:34:50,326 [main] DEBUG  o.a.h.impl.execchain.MainClientExec(284) - Connection can be kept alive indefinitely
2020-02-25 14:34:50,330 [main] DEBUG  o.a.h.i.c.PoolingHttpClientConnectionManager(314) - Connection [id: 0][route: {s}->https://raw.githubusercontent.com:443] can be kept alive indefinitely
2020-02-25 14:34:50,331 [main] DEBUG  o.a.h.i.c.PoolingHttpClientConnectionManager(320) - Connection released: [id: 0][route: {s}->https://raw.githubusercontent.com:443][total kept alive: 1; route allocated: 1 of 2; total allocated: 1 of 20]
2020-02-25 14:34:50,331 [main] INFO   i.g.bonigarcia.wdm.WebDriverManager(615) - Using chromedriver 80.0.3987.106 (since Google Chrome 80 is installed in your machine)
2020-02-25 14:34:50,332 [main] DEBUG  i.github.bonigarcia.wdm.Preferences(66) - Storing preference chrome=80 (valid until 2020-02-26 14:34:50)
2020-02-25 14:34:50,333 [main] TRACE  i.g.bonigarcia.wdm.WebDriverManager(536) - Managing chromedriver arch=64 version=80.0.3987.106 getLatest=false cache=false
2020-02-25 14:34:50,333 [main] TRACE  i.g.bonigarcia.wdm.WebDriverManager(868) - Checking if chromedriver exists in cache
2020-02-25 14:34:50,333 [main] TRACE  io.github.bonigarcia.wdm.Downloader(116) - Target path C:\Users\kongara.sravan/.m2/repository/webdriver
2020-02-25 14:34:50,345 [main] TRACE  i.g.bonigarcia.wdm.WebDriverManager(920) - Filter cache by chromedriver -- input list [C:\Users\kongara.sravan\.m2\repository\webdriver\chromedriver\win32\78.0.3904.105\chromedriver.exe, C:\Users\kongara.sravan\.m2\repository\webdriver\chromedriver\win32\78.0.3904.11\chromedriver.exe, C:\Users\kongara.sravan\.m2\repository\webdriver\chromedriver\win32\78.0.3904.70\chromedriver.exe, C:\Users\kongara.sravan\.m2\repository\webdriver\chromedriver\win32\79.0.3945.36\chromedriver.exe, C:\Users\kongara.sravan\.m2\repository\webdriver\chromedriver\win32\80.0.3987.106\chromedriver.exe, C:\Users\kongara.sravan\.m2\repository\webdriver\chromedriver\win32\80.0.3987.16\chromedriver.exe, C:\Users\kongara.sravan\.m2\repository\webdriver\geckodriver\win64\0.26.0\geckodriver.exe] -- output list [C:\Users\kongara.sravan\.m2\repository\webdriver\chromedriver\win32\78.0.3904.105\chromedriver.exe, C:\Users\kongara.sravan\.m2\repository\webdriver\chromedriver\win32\78.0.3904.11\chromedriver.exe, C:\Users\kongara.sravan\.m2\repository\webdriver\chromedriver\win32\78.0.3904.70\chromedriver.exe, C:\Users\kongara.sravan\.m2\repository\webdriver\chromedriver\win32\79.0.3945.36\chromedriver.exe, C:\Users\kongara.sravan\.m2\repository\webdriver\chromedriver\win32\80.0.3987.106\chromedriver.exe, C:\Users\kongara.sravan\.m2\repository\webdriver\chromedriver\win32\80.0.3987.16\chromedriver.exe] 
2020-02-25 14:34:50,345 [main] TRACE  i.g.bonigarcia.wdm.WebDriverManager(920) - Filter cache by 80.0.3987.106 -- input list [C:\Users\kongara.sravan\.m2\repository\webdriver\chromedriver\win32\78.0.3904.105\chromedriver.exe, C:\Users\kongara.sravan\.m2\repository\webdriver\chromedriver\win32\78.0.3904.11\chromedriver.exe, C:\Users\kongara.sravan\.m2\repository\webdriver\chromedriver\win32\78.0.3904.70\chromedriver.exe, C:\Users\kongara.sravan\.m2\repository\webdriver\chromedriver\win32\79.0.3945.36\chromedriver.exe, C:\Users\kongara.sravan\.m2\repository\webdriver\chromedriver\win32\80.0.3987.106\chromedriver.exe, C:\Users\kongara.sravan\.m2\repository\webdriver\chromedriver\win32\80.0.3987.16\chromedriver.exe] -- output list [C:\Users\kongara.sravan\.m2\repository\webdriver\chromedriver\win32\80.0.3987.106\chromedriver.exe] 
2020-02-25 14:34:50,346 [main] TRACE  i.g.bonigarcia.wdm.WebDriverManager(920) - Filter cache by WIN -- input list [C:\Users\kongara.sravan\.m2\repository\webdriver\chromedriver\win32\80.0.3987.106\chromedriver.exe] -- output list [C:\Users\kongara.sravan\.m2\repository\webdriver\chromedriver\win32\80.0.3987.106\chromedriver.exe] 
2020-02-25 14:34:50,346 [main] TRACE  i.g.bonigarcia.wdm.WebDriverManager(634) - Using preferences true
2020-02-25 14:34:50,348 [main] DEBUG  i.github.bonigarcia.wdm.Preferences(66) - Storing preference chrome80=80.0.3987.106 (valid until 2020-02-26 14:34:50)
2020-02-25 14:34:50,349 [main] TRACE  i.g.bonigarcia.wdm.WebDriverManager(634) - Using preferences true
2020-02-25 14:34:50,349 [main] DEBUG  i.g.bonigarcia.wdm.WebDriverManager(564) - Driver chromedriver 80.0.3987.106 found in cache
2020-02-25 14:34:50,350 [main] INFO   i.g.bonigarcia.wdm.WebDriverManager(1113) - Exporting webdriver.chrome.driver as C:\Users\kongara.sravan\.m2\repository\webdriver\chromedriver\win32\80.0.3987.106\chromedriver.exe
2020-02-25 14:34:54,868 [main] INFO   com.yodlee.core.base.CoreBasePage(29) - **********************************************
2020-02-25 14:34:54,868 [main] INFO   com.yodlee.core.base.CoreBasePage(30) - Scenario :: 'Add an aggregated account in application' has started
2020-02-25 14:35:00,219 [main] INFO   com.yodlee.core.base.CoreBasePage(1427) - Clicking on element [By.xpath: //*[@autoid='finCheck_btn_LinkMoreAcc']]
2020-02-25 14:35:00,235 [main] INFO   com.yodlee.core.base.CoreBasePage(1306) - Waiting for element to be present in DOM 0 seconds element:: By.xpath: //*[@autoid='finCheck_btn_LinkMoreAcc']
2020-02-25 14:35:01,247 [main] INFO   com.yodlee.core.base.CoreBasePage(1306) - Waiting for element to be present in DOM 1 seconds element:: By.xpath: //*[@autoid='finCheck_btn_LinkMoreAcc']
2020-02-25 14:35:02,258 [main] INFO   com.yodlee.core.base.CoreBasePage(1306) - Waiting for element to be present in DOM 2 seconds element:: By.xpath: //*[@autoid='finCheck_btn_LinkMoreAcc']
2020-02-25 14:35:03,270 [main] INFO   com.yodlee.core.base.CoreBasePage(1306) - Waiting for element to be present in DOM 3 seconds element:: By.xpath: //*[@autoid='finCheck_btn_LinkMoreAcc']
2020-02-25 14:35:04,280 [main] INFO   com.yodlee.core.base.CoreBasePage(1306) - Waiting for element to be present in DOM 4 seconds element:: By.xpath: //*[@autoid='finCheck_btn_LinkMoreAcc']
2020-02-25 14:35:05,292 [main] INFO   com.yodlee.core.base.CoreBasePage(1306) - Waiting for element to be present in DOM 5 seconds element:: By.xpath: //*[@autoid='finCheck_btn_LinkMoreAcc']
2020-02-25 14:35:06,304 [main] INFO   com.yodlee.core.base.CoreBasePage(1306) - Waiting for element to be present in DOM 6 seconds element:: By.xpath: //*[@autoid='finCheck_btn_LinkMoreAcc']
2020-02-25 14:35:07,316 [main] INFO   com.yodlee.core.base.CoreBasePage(1306) - Waiting for element to be present in DOM 7 seconds element:: By.xpath: //*[@autoid='finCheck_btn_LinkMoreAcc']
2020-02-25 14:35:08,328 [main] INFO   com.yodlee.core.base.CoreBasePage(1306) - Waiting for element to be present in DOM 8 seconds element:: By.xpath: //*[@autoid='finCheck_btn_LinkMoreAcc']
2020-02-25 14:35:09,340 [main] INFO   com.yodlee.core.base.CoreBasePage(1306) - Waiting for element to be present in DOM 9 seconds element:: By.xpath: //*[@autoid='finCheck_btn_LinkMoreAcc']
2020-02-25 14:35:10,351 [main] INFO   com.yodlee.core.base.CoreBasePage(1306) - Waiting for element to be present in DOM 10 seconds element:: By.xpath: //*[@autoid='finCheck_btn_LinkMoreAcc']
2020-02-25 14:35:11,363 [main] INFO   com.yodlee.core.base.CoreBasePage(1306) - Waiting for element to be present in DOM 11 seconds element:: By.xpath: //*[@autoid='finCheck_btn_LinkMoreAcc']
2020-02-25 14:35:12,373 [main] INFO   com.yodlee.core.base.CoreBasePage(1306) - Waiting for element to be present in DOM 12 seconds element:: By.xpath: //*[@autoid='finCheck_btn_LinkMoreAcc']
2020-02-25 14:35:13,386 [main] INFO   com.yodlee.core.base.CoreBasePage(1306) - Waiting for element to be present in DOM 13 seconds element:: By.xpath: //*[@autoid='finCheck_btn_LinkMoreAcc']
2020-02-25 14:35:14,396 [main] INFO   com.yodlee.core.base.CoreBasePage(1306) - Waiting for element to be present in DOM 14 seconds element:: By.xpath: //*[@autoid='finCheck_btn_LinkMoreAcc']
2020-02-25 14:35:15,407 [main] INFO   com.yodlee.core.base.CoreBasePage(1306) - Waiting for element to be present in DOM 15 seconds element:: By.xpath: //*[@autoid='finCheck_btn_LinkMoreAcc']
2020-02-25 14:35:16,419 [main] INFO   com.yodlee.core.base.CoreBasePage(1306) - Waiting for element to be present in DOM 16 seconds element:: By.xpath: //*[@autoid='finCheck_btn_LinkMoreAcc']
2020-02-25 14:35:17,428 [main] INFO   com.yodlee.core.base.CoreBasePage(1306) - Waiting for element to be present in DOM 17 seconds element:: By.xpath: //*[@autoid='finCheck_btn_LinkMoreAcc']
2020-02-25 14:35:18,442 [main] INFO   com.yodlee.core.base.CoreBasePage(1306) - Waiting for element to be present in DOM 18 seconds element:: By.xpath: //*[@autoid='finCheck_btn_LinkMoreAcc']
2020-02-25 14:35:19,453 [main] INFO   com.yodlee.core.base.CoreBasePage(1306) - Waiting for element to be present in DOM 19 seconds element:: By.xpath: //*[@autoid='finCheck_btn_LinkMoreAcc']
2020-02-25 14:35:20,466 [main] INFO   com.yodlee.core.base.CoreBasePage(1306) - Waiting for element to be present in DOM 20 seconds element:: By.xpath: //*[@autoid='finCheck_btn_LinkMoreAcc']
2020-02-25 14:35:21,477 [main] INFO   com.yodlee.core.base.CoreBasePage(1306) - Waiting for element to be present in DOM 21 seconds element:: By.xpath: //*[@autoid='finCheck_btn_LinkMoreAcc']
2020-02-25 14:35:22,488 [main] INFO   com.yodlee.core.base.CoreBasePage(1306) - Waiting for element to be present in DOM 22 seconds element:: By.xpath: //*[@autoid='finCheck_btn_LinkMoreAcc']
2020-02-25 14:35:23,499 [main] INFO   com.yodlee.core.base.CoreBasePage(1306) - Waiting for element to be present in DOM 23 seconds element:: By.xpath: //*[@autoid='finCheck_btn_LinkMoreAcc']
2020-02-25 14:35:24,512 [main] INFO   com.yodlee.core.base.CoreBasePage(1306) - Waiting for element to be present in DOM 24 seconds element:: By.xpath: //*[@autoid='finCheck_btn_LinkMoreAcc']
2020-02-25 14:35:25,523 [main] INFO   com.yodlee.core.base.CoreBasePage(1306) - Waiting for element to be present in DOM 25 seconds element:: By.xpath: //*[@autoid='finCheck_btn_LinkMoreAcc']
2020-02-25 14:35:26,536 [main] INFO   com.yodlee.core.base.CoreBasePage(1306) - Waiting for element to be present in DOM 26 seconds element:: By.xpath: //*[@autoid='finCheck_btn_LinkMoreAcc']
2020-02-25 14:35:27,547 [main] INFO   com.yodlee.core.base.CoreBasePage(1306) - Waiting for element to be present in DOM 27 seconds element:: By.xpath: //*[@autoid='finCheck_btn_LinkMoreAcc']
2020-02-25 14:35:28,558 [main] INFO   com.yodlee.core.base.CoreBasePage(1306) - Waiting for element to be present in DOM 28 seconds element:: By.xpath: //*[@autoid='finCheck_btn_LinkMoreAcc']
2020-02-25 14:35:29,569 [main] INFO   com.yodlee.core.base.CoreBasePage(1306) - Waiting for element to be present in DOM 29 seconds element:: By.xpath: //*[@autoid='finCheck_btn_LinkMoreAcc']
