2020-02-25 17:25:09,484 [main] INFO   LoginTestRunner(25) - Browser :: chrome
2020-02-25 17:25:09,490 [main] INFO   LoginTestRunner(26) - Environment :: YCOM_L1
2020-02-25 17:25:10,107 [main] TRACE  i.g.bonigarcia.wdm.WebDriverManager(634) - Using preferences true
2020-02-25 17:25:10,109 [main] DEBUG  i.github.bonigarcia.wdm.Preferences(118) - Preference chrome=80 (valid until 2020-02-26 14:34:50)
2020-02-25 17:25:10,110 [main] TRACE  i.g.bonigarcia.wdm.WebDriverManager(601) - Detected Google Chrome version 80
2020-02-25 17:25:10,111 [main] TRACE  i.g.bonigarcia.wdm.WebDriverManager(634) - Using preferences true
2020-02-25 17:25:10,112 [main] DEBUG  i.github.bonigarcia.wdm.Preferences(118) - Preference chrome80=80.0.3987.106 (valid until 2020-02-26 14:34:50)
2020-02-25 17:25:10,112 [main] INFO   i.g.bonigarcia.wdm.WebDriverManager(615) - Using chromedriver 80.0.3987.106 (since Google Chrome 80 is installed in your machine)
2020-02-25 17:25:10,112 [main] TRACE  i.g.bonigarcia.wdm.WebDriverManager(536) - Managing chromedriver arch=64 version=80.0.3987.106 getLatest=false cache=false
2020-02-25 17:25:10,113 [main] TRACE  i.g.bonigarcia.wdm.WebDriverManager(868) - Checking if chromedriver exists in cache
2020-02-25 17:25:10,113 [main] TRACE  io.github.bonigarcia.wdm.Downloader(116) - Target path C:\Users\kongara.sravan/.m2/repository/webdriver
2020-02-25 17:25:10,126 [main] TRACE  i.g.bonigarcia.wdm.WebDriverManager(920) - Filter cache by chromedriver -- input list [C:\Users\kongara.sravan\.m2\repository\webdriver\chromedriver\win32\78.0.3904.105\chromedriver.exe, C:\Users\kongara.sravan\.m2\repository\webdriver\chromedriver\win32\78.0.3904.11\chromedriver.exe, C:\Users\kongara.sravan\.m2\repository\webdriver\chromedriver\win32\78.0.3904.70\chromedriver.exe, C:\Users\kongara.sravan\.m2\repository\webdriver\chromedriver\win32\79.0.3945.36\chromedriver.exe, C:\Users\kongara.sravan\.m2\repository\webdriver\chromedriver\win32\80.0.3987.106\chromedriver.exe, C:\Users\kongara.sravan\.m2\repository\webdriver\chromedriver\win32\80.0.3987.16\chromedriver.exe, C:\Users\kongara.sravan\.m2\repository\webdriver\geckodriver\win64\0.26.0\geckodriver.exe] -- output list [C:\Users\kongara.sravan\.m2\repository\webdriver\chromedriver\win32\78.0.3904.105\chromedriver.exe, C:\Users\kongara.sravan\.m2\repository\webdriver\chromedriver\win32\78.0.3904.11\chromedriver.exe, C:\Users\kongara.sravan\.m2\repository\webdriver\chromedriver\win32\78.0.3904.70\chromedriver.exe, C:\Users\kongara.sravan\.m2\repository\webdriver\chromedriver\win32\79.0.3945.36\chromedriver.exe, C:\Users\kongara.sravan\.m2\repository\webdriver\chromedriver\win32\80.0.3987.106\chromedriver.exe, C:\Users\kongara.sravan\.m2\repository\webdriver\chromedriver\win32\80.0.3987.16\chromedriver.exe] 
2020-02-25 17:25:10,126 [main] TRACE  i.g.bonigarcia.wdm.WebDriverManager(920) - Filter cache by 80.0.3987.106 -- input list [C:\Users\kongara.sravan\.m2\repository\webdriver\chromedriver\win32\78.0.3904.105\chromedriver.exe, C:\Users\kongara.sravan\.m2\repository\webdriver\chromedriver\win32\78.0.3904.11\chromedriver.exe, C:\Users\kongara.sravan\.m2\repository\webdriver\chromedriver\win32\78.0.3904.70\chromedriver.exe, C:\Users\kongara.sravan\.m2\repository\webdriver\chromedriver\win32\79.0.3945.36\chromedriver.exe, C:\Users\kongara.sravan\.m2\repository\webdriver\chromedriver\win32\80.0.3987.106\chromedriver.exe, C:\Users\kongara.sravan\.m2\repository\webdriver\chromedriver\win32\80.0.3987.16\chromedriver.exe] -- output list [C:\Users\kongara.sravan\.m2\repository\webdriver\chromedriver\win32\80.0.3987.106\chromedriver.exe] 
2020-02-25 17:25:10,127 [main] TRACE  i.g.bonigarcia.wdm.WebDriverManager(920) - Filter cache by WIN -- input list [C:\Users\kongara.sravan\.m2\repository\webdriver\chromedriver\win32\80.0.3987.106\chromedriver.exe] -- output list [C:\Users\kongara.sravan\.m2\repository\webdriver\chromedriver\win32\80.0.3987.106\chromedriver.exe] 
2020-02-25 17:25:10,128 [main] TRACE  i.g.bonigarcia.wdm.WebDriverManager(634) - Using preferences true
2020-02-25 17:25:10,129 [main] TRACE  i.g.bonigarcia.wdm.WebDriverManager(634) - Using preferences true
2020-02-25 17:25:10,130 [main] DEBUG  i.g.bonigarcia.wdm.WebDriverManager(564) - Driver chromedriver 80.0.3987.106 found in cache
2020-02-25 17:25:10,131 [main] INFO   i.g.bonigarcia.wdm.WebDriverManager(1113) - Exporting webdriver.chrome.driver as C:\Users\kongara.sravan\.m2\repository\webdriver\chromedriver\win32\80.0.3987.106\chromedriver.exe
2020-02-25 17:25:14,476 [main] INFO   com.yodlee.core.base.CoreBasePage(31) - **********************************************
2020-02-25 17:25:14,476 [main] INFO   com.yodlee.core.base.CoreBasePage(32) - Scenario :: 'To login to wellness regular environment' has started
2020-02-25 17:25:15,357 [main] INFO   com.yodlee.core.base.CoreBasePage(84) - Logical name : LoginPage.Username ---- Value Entered: wr6
2020-02-25 17:25:15,521 [main] INFO   com.yodlee.core.base.CoreBasePage(84) - Logical name : LoginPage.Password ---- Value Entered: Yodlee@123
2020-02-25 17:25:15,663 [main] INFO   com.yodlee.core.base.CoreBasePage(84) - Logical name : LoginPage.FinApp ---- Value Entered: 10003700
2020-02-25 17:25:16,492 [main] INFO   com.yodlee.core.base.CoreBasePage(94) - ---clicked LoginPage.Login
2020-02-25 17:25:16,779 [main] INFO   com.yodlee.core.base.CoreBasePage(31) - **********************************************
2020-02-25 17:25:16,779 [main] INFO   com.yodlee.core.base.CoreBasePage(32) - Scenario :: 'Add an aggregated account in application' has started
2020-02-25 17:25:21,960 [main] INFO   com.yodlee.core.base.CoreBasePage(1427) - Clicking on element [By.cssSelector: #link-account-button-persist]
2020-02-25 17:25:21,985 [main] INFO   com.yodlee.core.base.CoreBasePage(632) - Scrolling element to middle...
2020-02-25 17:25:22,341 [main] INFO   com.yodlee.core.base.CoreBasePage(1427) - Clicking on element [By.id: siteSearch]
2020-02-25 17:25:22,361 [main] INFO   com.yodlee.core.base.CoreBasePage(1306) - Waiting for element to be present in DOM 0 seconds element:: By.id: siteSearch
2020-02-25 17:25:23,381 [main] INFO   com.yodlee.core.base.CoreBasePage(632) - Scrolling element to middle...
2020-02-25 17:25:23,703 [main] INFO   com.yodlee.core.base.CoreBasePage(1466) - succesfully sent the keys:: "Dag Site" to the input box of element:: By.id: siteSearch
2020-02-25 17:25:23,722 [main] INFO   com.yodlee.core.base.CoreBasePage(1306) - Waiting for element to be present in DOM 0 seconds element:: By.cssSelector: .siteName
2020-02-25 17:25:24,740 [main] INFO   com.yodlee.core.base.CoreBasePage(632) - Scrolling element to middle...
2020-02-25 17:25:25,079 [main] INFO   com.yodlee.core.base.CoreBasePage(1427) - Clicking on element [By.xpath: //input[@name="LOGIN" or @aria-label="Username"]]
2020-02-25 17:25:25,099 [main] INFO   com.yodlee.core.base.CoreBasePage(1306) - Waiting for element to be present in DOM 0 seconds element:: By.xpath: //input[@name="LOGIN" or @aria-label="Username"]
2020-02-25 17:25:26,121 [main] INFO   com.yodlee.core.base.CoreBasePage(632) - Scrolling element to middle...
2020-02-25 17:25:26,438 [main] INFO   com.yodlee.core.base.CoreBasePage(1466) - succesfully sent the keys:: "budget.site16441.1" to the input box of element:: By.xpath: //input[@name="LOGIN" or @aria-label="Username"]
2020-02-25 17:25:26,440 [main] INFO   com.yodlee.core.base.CoreBasePage(1427) - Clicking on element [By.xpath: //input[@name='PASSWORD' or @aria-label='Password']]
2020-02-25 17:25:26,468 [main] INFO   com.yodlee.core.base.CoreBasePage(632) - Scrolling element to middle...
2020-02-25 17:25:26,765 [main] INFO   com.yodlee.core.base.CoreBasePage(1466) - succesfully sent the keys:: "site16441.1" to the input box of element:: By.xpath: //input[@name='PASSWORD' or @aria-label='Password']
2020-02-25 17:25:26,766 [main] INFO   com.yodlee.core.base.CoreBasePage(1427) - Clicking on element [By.xpath: //input[@name='Re-enter_PASSWORD' or @aria-label='Re-enter Password']]
2020-02-25 17:25:26,799 [main] INFO   com.yodlee.core.base.CoreBasePage(632) - Scrolling element to middle...
2020-02-25 17:25:27,065 [main] INFO   com.yodlee.core.base.CoreBasePage(1466) - succesfully sent the keys:: "site16441.1" to the input box of element:: By.xpath: //input[@name='Re-enter_PASSWORD' or @aria-label='Re-enter Password']
2020-02-25 17:25:27,066 [main] INFO   com.yodlee.core.base.CoreBasePage(1427) - Clicking on element [By.xpath: //*[contains(@class,'submit-button') and not(@aria-disabled='true')]]
2020-02-25 17:25:27,097 [main] INFO   com.yodlee.core.base.CoreBasePage(632) - Scrolling element to middle...
2020-02-25 17:25:27,333 [main] INFO   com.yodlee.core.base.CoreBasePage(1306) - Waiting for element to be present in DOM 0 seconds element:: By.xpath: //div[@role='alert' and contains(.,'Congratulations! Your accounts have been linked')]
2020-02-25 17:25:28,345 [main] INFO   com.yodlee.core.base.CoreBasePage(1306) - Waiting for element to be present in DOM 1 seconds element:: By.xpath: //div[@role='alert' and contains(.,'Congratulations! Your accounts have been linked')]
2020-02-25 17:25:29,357 [main] INFO   com.yodlee.core.base.CoreBasePage(1306) - Waiting for element to be present in DOM 2 seconds element:: By.xpath: //div[@role='alert' and contains(.,'Congratulations! Your accounts have been linked')]
2020-02-25 17:25:30,368 [main] INFO   com.yodlee.core.base.CoreBasePage(1306) - Waiting for element to be present in DOM 3 seconds element:: By.xpath: //div[@role='alert' and contains(.,'Congratulations! Your accounts have been linked')]
2020-02-25 17:25:31,380 [main] INFO   com.yodlee.core.base.CoreBasePage(1306) - Waiting for element to be present in DOM 4 seconds element:: By.xpath: //div[@role='alert' and contains(.,'Congratulations! Your accounts have been linked')]
2020-02-25 17:25:32,393 [main] INFO   com.yodlee.core.base.CoreBasePage(1306) - Waiting for element to be present in DOM 5 seconds element:: By.xpath: //div[@role='alert' and contains(.,'Congratulations! Your accounts have been linked')]
2020-02-25 17:25:33,402 [main] INFO   com.yodlee.core.base.CoreBasePage(1306) - Waiting for element to be present in DOM 6 seconds element:: By.xpath: //div[@role='alert' and contains(.,'Congratulations! Your accounts have been linked')]
2020-02-25 17:25:34,414 [main] INFO   com.yodlee.core.base.CoreBasePage(1306) - Waiting for element to be present in DOM 7 seconds element:: By.xpath: //div[@role='alert' and contains(.,'Congratulations! Your accounts have been linked')]
2020-02-25 17:25:35,424 [main] INFO   com.yodlee.core.base.CoreBasePage(1306) - Waiting for element to be present in DOM 8 seconds element:: By.xpath: //div[@role='alert' and contains(.,'Congratulations! Your accounts have been linked')]
2020-02-25 17:25:36,436 [main] INFO   com.yodlee.core.base.CoreBasePage(1306) - Waiting for element to be present in DOM 9 seconds element:: By.xpath: //div[@role='alert' and contains(.,'Congratulations! Your accounts have been linked')]
2020-02-25 17:25:37,448 [main] INFO   com.yodlee.core.base.CoreBasePage(1306) - Waiting for element to be present in DOM 10 seconds element:: By.xpath: //div[@role='alert' and contains(.,'Congratulations! Your accounts have been linked')]
2020-02-25 17:25:38,463 [main] INFO   com.yodlee.core.base.CoreBasePage(1306) - Waiting for element to be present in DOM 11 seconds element:: By.xpath: //div[@role='alert' and contains(.,'Congratulations! Your accounts have been linked')]
2020-02-25 17:25:39,474 [main] INFO   com.yodlee.core.base.CoreBasePage(1306) - Waiting for element to be present in DOM 12 seconds element:: By.xpath: //div[@role='alert' and contains(.,'Congratulations! Your accounts have been linked')]
2020-02-25 17:25:40,487 [main] INFO   com.yodlee.core.base.CoreBasePage(1306) - Waiting for element to be present in DOM 13 seconds element:: By.xpath: //div[@role='alert' and contains(.,'Congratulations! Your accounts have been linked')]
2020-02-25 17:25:41,498 [main] INFO   com.yodlee.core.base.CoreBasePage(1306) - Waiting for element to be present in DOM 14 seconds element:: By.xpath: //div[@role='alert' and contains(.,'Congratulations! Your accounts have been linked')]
2020-02-25 17:25:42,510 [main] INFO   com.yodlee.core.base.CoreBasePage(1306) - Waiting for element to be present in DOM 15 seconds element:: By.xpath: //div[@role='alert' and contains(.,'Congratulations! Your accounts have been linked')]
2020-02-25 17:25:43,520 [main] INFO   com.yodlee.core.base.CoreBasePage(1306) - Waiting for element to be present in DOM 16 seconds element:: By.xpath: //div[@role='alert' and contains(.,'Congratulations! Your accounts have been linked')]
2020-02-25 17:25:44,532 [main] INFO   com.yodlee.core.base.CoreBasePage(1306) - Waiting for element to be present in DOM 17 seconds element:: By.xpath: //div[@role='alert' and contains(.,'Congratulations! Your accounts have been linked')]
2020-02-25 17:25:45,543 [main] INFO   com.yodlee.core.base.CoreBasePage(1306) - Waiting for element to be present in DOM 18 seconds element:: By.xpath: //div[@role='alert' and contains(.,'Congratulations! Your accounts have been linked')]
2020-02-25 17:25:46,556 [main] INFO   com.yodlee.core.base.CoreBasePage(1306) - Waiting for element to be present in DOM 19 seconds element:: By.xpath: //div[@role='alert' and contains(.,'Congratulations! Your accounts have been linked')]
2020-02-25 17:25:47,567 [main] INFO   com.yodlee.core.base.CoreBasePage(1306) - Waiting for element to be present in DOM 20 seconds element:: By.xpath: //div[@role='alert' and contains(.,'Congratulations! Your accounts have been linked')]
2020-02-25 17:25:48,579 [main] INFO   com.yodlee.core.base.CoreBasePage(1306) - Waiting for element to be present in DOM 21 seconds element:: By.xpath: //div[@role='alert' and contains(.,'Congratulations! Your accounts have been linked')]
2020-02-25 17:25:49,601 [main] INFO   com.yodlee.core.base.CoreBasePage(632) - Scrolling element to middle...
