2020-03-19 17:16:46,975 [main] INFO   LoginTestRunner(25) - Browser :: chrome
2020-03-19 17:16:46,992 [main] INFO   LoginTestRunner(26) - Environment :: YCOM_L1
2020-03-19 17:16:48,585 [main] TRACE  i.g.bonigarcia.wdm.WebDriverManager(634) - Using preferences true
2020-03-19 17:16:48,590 [main] DEBUG  i.github.bonigarcia.wdm.Preferences(118) - Preference chrome=80 (valid until 2020-03-20 14:33:50)
2020-03-19 17:16:48,591 [main] TRACE  i.g.bonigarcia.wdm.WebDriverManager(601) - Detected Google Chrome version 80
2020-03-19 17:16:48,594 [main] TRACE  i.g.bonigarcia.wdm.WebDriverManager(634) - Using preferences true
2020-03-19 17:16:48,595 [main] DEBUG  i.github.bonigarcia.wdm.Preferences(118) - Preference chrome80=80.0.3987.106 (valid until 2020-03-20 14:33:51)
2020-03-19 17:16:48,597 [main] INFO   i.g.bonigarcia.wdm.WebDriverManager(615) - Using chromedriver 80.0.3987.106 (since Google Chrome 80 is installed in your machine)
2020-03-19 17:16:48,598 [main] TRACE  i.g.bonigarcia.wdm.WebDriverManager(536) - Managing chromedriver arch=64 version=80.0.3987.106 getLatest=false cache=false
2020-03-19 17:16:48,598 [main] TRACE  i.g.bonigarcia.wdm.WebDriverManager(868) - Checking if chromedriver exists in cache
2020-03-19 17:16:48,600 [main] TRACE  io.github.bonigarcia.wdm.Downloader(116) - Target path C:\Users\jnanesh.m/.m2/repository/webdriver
2020-03-19 17:16:48,629 [main] TRACE  i.g.bonigarcia.wdm.WebDriverManager(920) - Filter cache by chromedriver -- input list [C:\Users\jnanesh.m\.m2\repository\webdriver\chromedriver\win32\80.0.3987.106\chromedriver.exe] -- output list [C:\Users\jnanesh.m\.m2\repository\webdriver\chromedriver\win32\80.0.3987.106\chromedriver.exe] 
2020-03-19 17:16:48,630 [main] TRACE  i.g.bonigarcia.wdm.WebDriverManager(920) - Filter cache by 80.0.3987.106 -- input list [C:\Users\jnanesh.m\.m2\repository\webdriver\chromedriver\win32\80.0.3987.106\chromedriver.exe] -- output list [C:\Users\jnanesh.m\.m2\repository\webdriver\chromedriver\win32\80.0.3987.106\chromedriver.exe] 
2020-03-19 17:16:48,631 [main] TRACE  i.g.bonigarcia.wdm.WebDriverManager(920) - Filter cache by WIN -- input list [C:\Users\jnanesh.m\.m2\repository\webdriver\chromedriver\win32\80.0.3987.106\chromedriver.exe] -- output list [C:\Users\jnanesh.m\.m2\repository\webdriver\chromedriver\win32\80.0.3987.106\chromedriver.exe] 
2020-03-19 17:16:48,634 [main] TRACE  i.g.bonigarcia.wdm.WebDriverManager(634) - Using preferences true
2020-03-19 17:16:48,637 [main] TRACE  i.g.bonigarcia.wdm.WebDriverManager(634) - Using preferences true
2020-03-19 17:16:48,638 [main] DEBUG  i.g.bonigarcia.wdm.WebDriverManager(564) - Driver chromedriver 80.0.3987.106 found in cache
2020-03-19 17:16:48,640 [main] INFO   i.g.bonigarcia.wdm.WebDriverManager(1113) - Exporting webdriver.chrome.driver as C:\Users\jnanesh.m\.m2\repository\webdriver\chromedriver\win32\80.0.3987.106\chromedriver.exe
2020-03-19 17:16:58,061 [main] INFO   com.yodlee.core.base.CoreBasePage(31) - **********************************************
2020-03-19 17:16:58,062 [main] INFO   com.yodlee.core.base.CoreBasePage(32) - Scenario :: 'To login to wellness regular environment' has started
2020-03-19 17:17:03,736 [main] INFO   com.yodlee.core.base.CoreBasePage(1611) - succesfully sent the keys:: "wr6" to the input box of element:: [[ChromeDriver: chrome on WINDOWS (a790bc580eab9e975b249d1127b904bb)] -> xpath: //*[@name='login']]
2020-03-19 17:17:03,737 [main] INFO   com.yodlee.core.base.CoreBasePage(121) - Logical name : LoginPage.Username ---- Value Entered: wr6
2020-03-19 17:17:04,356 [main] INFO   com.yodlee.core.base.CoreBasePage(1611) - succesfully sent the keys:: "Yodlee@123" to the input box of element:: [[ChromeDriver: chrome on WINDOWS (a790bc580eab9e975b249d1127b904bb)] -> xpath: //*[@name='password']]
2020-03-19 17:17:04,357 [main] INFO   com.yodlee.core.base.CoreBasePage(121) - Logical name : LoginPage.Password ---- Value Entered: Yodlee@123
2020-03-19 17:17:04,903 [main] INFO   com.yodlee.core.base.CoreBasePage(1611) - succesfully sent the keys:: "10003700" to the input box of element:: [[ChromeDriver: chrome on WINDOWS (a790bc580eab9e975b249d1127b904bb)] -> xpath: //*[@name='app']]
2020-03-19 17:17:04,904 [main] INFO   com.yodlee.core.base.CoreBasePage(121) - Logical name : LoginPage.FinApp ---- Value Entered: 10003700
2020-03-19 17:17:05,583 [main] INFO   com.yodlee.core.base.CoreBasePage(145) - ---clicked LoginPage.Login
2020-03-19 17:17:06,327 [main] INFO   com.yodlee.core.base.CoreBasePage(31) - **********************************************
2020-03-19 17:17:06,329 [main] INFO   com.yodlee.core.base.CoreBasePage(32) - Scenario :: 'Add an aggregated account in application' has started
2020-03-19 17:17:11,714 [main] INFO   com.yodlee.core.base.CoreBasePage(1553) - Clicking on element [By.xpath: //*[@autoid='finCheck_btn_LinkMoreAcc']]
2020-03-19 17:17:11,760 [main] INFO   com.yodlee.core.base.CoreBasePage(1432) - Waiting for element to be present in DOM 0 seconds element:: By.xpath: //*[@autoid='finCheck_btn_LinkMoreAcc']
2020-03-19 17:17:12,785 [main] INFO   com.yodlee.core.base.CoreBasePage(1432) - Waiting for element to be present in DOM 1 seconds element:: By.xpath: //*[@autoid='finCheck_btn_LinkMoreAcc']
2020-03-19 17:17:13,804 [main] INFO   com.yodlee.core.base.CoreBasePage(1432) - Waiting for element to be present in DOM 2 seconds element:: By.xpath: //*[@autoid='finCheck_btn_LinkMoreAcc']
2020-03-19 17:17:14,826 [main] INFO   com.yodlee.core.base.CoreBasePage(1432) - Waiting for element to be present in DOM 3 seconds element:: By.xpath: //*[@autoid='finCheck_btn_LinkMoreAcc']
2020-03-19 17:17:15,846 [main] INFO   com.yodlee.core.base.CoreBasePage(1432) - Waiting for element to be present in DOM 4 seconds element:: By.xpath: //*[@autoid='finCheck_btn_LinkMoreAcc']
2020-03-19 17:17:16,872 [main] INFO   com.yodlee.core.base.CoreBasePage(1432) - Waiting for element to be present in DOM 5 seconds element:: By.xpath: //*[@autoid='finCheck_btn_LinkMoreAcc']
2020-03-19 17:17:17,900 [main] INFO   com.yodlee.core.base.CoreBasePage(1432) - Waiting for element to be present in DOM 6 seconds element:: By.xpath: //*[@autoid='finCheck_btn_LinkMoreAcc']
2020-03-19 17:17:18,935 [main] INFO   com.yodlee.core.base.CoreBasePage(1432) - Waiting for element to be present in DOM 7 seconds element:: By.xpath: //*[@autoid='finCheck_btn_LinkMoreAcc']
2020-03-19 17:17:19,971 [main] INFO   com.yodlee.core.base.CoreBasePage(1432) - Waiting for element to be present in DOM 8 seconds element:: By.xpath: //*[@autoid='finCheck_btn_LinkMoreAcc']
2020-03-19 17:17:27,001 [main] ERROR  com.yodlee.core.base.CoreBasePage(1441) - Element is not present in DOM element:: By.xpath: //*[@autoid='finCheck_btn_LinkMoreAcc']
2020-03-19 17:17:33,135 [main] INFO   com.yodlee.core.base.CoreBasePage(31) - **********************************************
2020-03-19 17:17:33,136 [main] INFO   com.yodlee.core.base.CoreBasePage(32) - Scenario :: 'Verify Dashboard' has started
