2020-11-17 12:09:43,772 [main] INFO   LoginTestRunner(25) - Browser :: chrome
2020-11-17 12:09:43,778 [main] INFO   LoginTestRunner(26) - Environment :: YCOM_L1
2020-11-17 12:09:44,158 [main] TRACE  i.g.bonigarcia.wdm.WebDriverManager(634) - Using preferences true
2020-11-17 12:09:44,161 [main] DEBUG  i.github.bonigarcia.wdm.Preferences(118) - Preference chrome=86 (valid until 2020-11-17 22:00:33)
2020-11-17 12:09:44,161 [main] TRACE  i.g.bonigarcia.wdm.WebDriverManager(601) - Detected Google Chrome version 86
2020-11-17 12:09:44,163 [main] TRACE  i.g.bonigarcia.wdm.WebDriverManager(634) - Using preferences true
2020-11-17 12:09:44,168 [main] DEBUG  i.github.bonigarcia.wdm.Preferences(118) - Preference chrome86=86.0.4240.22 (valid until 2020-11-17 22:00:33)
2020-11-17 12:09:44,168 [main] INFO   i.g.bonigarcia.wdm.WebDriverManager(615) - Using chromedriver 86.0.4240.22 (since Google Chrome 86 is installed in your machine)
2020-11-17 12:09:44,168 [main] TRACE  i.g.bonigarcia.wdm.WebDriverManager(536) - Managing chromedriver arch=64 version=86.0.4240.22 getLatest=false cache=false
2020-11-17 12:09:44,168 [main] TRACE  i.g.bonigarcia.wdm.WebDriverManager(868) - Checking if chromedriver exists in cache
2020-11-17 12:09:44,169 [main] TRACE  io.github.bonigarcia.wdm.Downloader(116) - Target path C:\Users\jnanesh.m/.m2/repository/webdriver
2020-11-17 12:09:44,180 [main] TRACE  i.g.bonigarcia.wdm.WebDriverManager(920) - Filter cache by chromedriver -- input list [C:\Users\jnanesh.m\.m2\repository\webdriver\chromedriver\win32\80.0.3987.106\chromedriver.exe, C:\Users\jnanesh.m\.m2\repository\webdriver\chromedriver\win32\81.0.4044.138\chromedriver.exe, C:\Users\jnanesh.m\.m2\repository\webdriver\chromedriver\win32\84.0.4147.30\chromedriver.exe, C:\Users\jnanesh.m\.m2\repository\webdriver\chromedriver\win32\85.0.4183.87\chromedriver.exe, C:\Users\jnanesh.m\.m2\repository\webdriver\chromedriver\win32\86.0.4240.22\chromedriver.exe] -- output list [C:\Users\jnanesh.m\.m2\repository\webdriver\chromedriver\win32\80.0.3987.106\chromedriver.exe, C:\Users\jnanesh.m\.m2\repository\webdriver\chromedriver\win32\81.0.4044.138\chromedriver.exe, C:\Users\jnanesh.m\.m2\repository\webdriver\chromedriver\win32\84.0.4147.30\chromedriver.exe, C:\Users\jnanesh.m\.m2\repository\webdriver\chromedriver\win32\85.0.4183.87\chromedriver.exe, C:\Users\jnanesh.m\.m2\repository\webdriver\chromedriver\win32\86.0.4240.22\chromedriver.exe] 
2020-11-17 12:09:44,181 [main] TRACE  i.g.bonigarcia.wdm.WebDriverManager(920) - Filter cache by 86.0.4240.22 -- input list [C:\Users\jnanesh.m\.m2\repository\webdriver\chromedriver\win32\80.0.3987.106\chromedriver.exe, C:\Users\jnanesh.m\.m2\repository\webdriver\chromedriver\win32\81.0.4044.138\chromedriver.exe, C:\Users\jnanesh.m\.m2\repository\webdriver\chromedriver\win32\84.0.4147.30\chromedriver.exe, C:\Users\jnanesh.m\.m2\repository\webdriver\chromedriver\win32\85.0.4183.87\chromedriver.exe, C:\Users\jnanesh.m\.m2\repository\webdriver\chromedriver\win32\86.0.4240.22\chromedriver.exe] -- output list [C:\Users\jnanesh.m\.m2\repository\webdriver\chromedriver\win32\86.0.4240.22\chromedriver.exe] 
2020-11-17 12:09:44,181 [main] TRACE  i.g.bonigarcia.wdm.WebDriverManager(920) - Filter cache by WIN -- input list [C:\Users\jnanesh.m\.m2\repository\webdriver\chromedriver\win32\86.0.4240.22\chromedriver.exe] -- output list [C:\Users\jnanesh.m\.m2\repository\webdriver\chromedriver\win32\86.0.4240.22\chromedriver.exe] 
2020-11-17 12:09:44,183 [main] TRACE  i.g.bonigarcia.wdm.WebDriverManager(634) - Using preferences true
2020-11-17 12:09:44,185 [main] TRACE  i.g.bonigarcia.wdm.WebDriverManager(634) - Using preferences true
2020-11-17 12:09:44,186 [main] DEBUG  i.g.bonigarcia.wdm.WebDriverManager(564) - Driver chromedriver 86.0.4240.22 found in cache
2020-11-17 12:09:44,187 [main] INFO   i.g.bonigarcia.wdm.WebDriverManager(1113) - Exporting webdriver.chrome.driver as C:\Users\jnanesh.m\.m2\repository\webdriver\chromedriver\win32\86.0.4240.22\chromedriver.exe
2020-11-17 12:09:48,342 [main] INFO   c.p.core.base.Page500CoreBasePage(31) - **********************************************
2020-11-17 12:09:48,342 [main] INFO   c.p.core.base.Page500CoreBasePage(32) - Scenario :: 'Validate Selling and Buying Price' has started
2020-11-17 12:09:51,777 [main] INFO   c.p.core.base.Page500CoreBasePage(150) - ---clicked LoginPage.DemoMode
2020-11-17 12:09:51,983 [main] INFO   c.p.core.base.Page500CoreBasePage(150) - ---clicked LoginPage.LoginTab
2020-11-17 12:09:52,295 [main] INFO   c.p.core.base.Page500CoreBasePage(129) - succesfully sent the keys:: "cm.jnanesh@gmail.com" to the input box of element:: [[ChromeDriver: chrome on WINDOWS (3f27ccbacbcd256c4801b8dba09a7138)] -> xpath: //input[@id='email']]
2020-11-17 12:09:52,295 [main] INFO   c.p.core.base.Page500CoreBasePage(121) - Logical name : LoginPage.UserEmail ---- Value Entered: cm.jnanesh@gmail.com
2020-11-17 12:09:52,495 [main] INFO   c.p.core.base.Page500CoreBasePage(129) - succesfully sent the keys:: "plus500_jna" to the input box of element:: [[ChromeDriver: chrome on WINDOWS (3f27ccbacbcd256c4801b8dba09a7138)] -> xpath: //input[@id='password']]
2020-11-17 12:09:52,495 [main] INFO   c.p.core.base.Page500CoreBasePage(121) - Logical name : LoginPage.Password ---- Value Entered: plus500_jna
2020-11-17 12:09:52,631 [main] INFO   c.p.core.base.Page500CoreBasePage(150) - ---clicked LoginPage.Login
2020-11-17 12:09:52,643 [main] INFO   c.p.core.base.Page500CoreBasePage(66) - Expected Value : Plus500 WebTrader | Leading CFD Platform | Online Trading ---- Actual Value : Plus500 WebTrader | Leading CFD Platform | Online Trading
2020-11-17 12:09:56,523 [main] INFO   c.p.core.base.Page500CoreBasePage(129) - succesfully sent the keys:: "GBP/USD" to the input box of element:: [[ChromeDriver: chrome on WINDOWS (3f27ccbacbcd256c4801b8dba09a7138)] -> xpath: //input[@id='main-search-input']]
2020-11-17 12:09:56,523 [main] INFO   c.p.core.base.Page500CoreBasePage(121) - Logical name : HomePage.Search ---- Value Entered: GBP/USD
