2020-03-26 12:30:13,798 [main] INFO   LoginTestRunner(25) - Browser :: chrome
2020-03-26 12:30:13,805 [main] INFO   LoginTestRunner(26) - Environment :: YCOM_L1
2020-03-26 12:30:14,457 [main] TRACE  i.g.bonigarcia.wdm.WebDriverManager(634) - Using preferences true
2020-03-26 12:30:14,459 [main] DEBUG  i.github.bonigarcia.wdm.Preferences(118) - Preference chrome=80 (valid until 2020-03-27 11:00:44)
2020-03-26 12:30:14,459 [main] TRACE  i.g.bonigarcia.wdm.WebDriverManager(601) - Detected Google Chrome version 80
2020-03-26 12:30:14,460 [main] TRACE  i.g.bonigarcia.wdm.WebDriverManager(634) - Using preferences true
2020-03-26 12:30:14,464 [main] DEBUG  i.github.bonigarcia.wdm.Preferences(118) - Preference chrome80=80.0.3987.106 (valid until 2020-03-27 11:00:44)
2020-03-26 12:30:14,465 [main] INFO   i.g.bonigarcia.wdm.WebDriverManager(615) - Using chromedriver 80.0.3987.106 (since Google Chrome 80 is installed in your machine)
2020-03-26 12:30:14,465 [main] TRACE  i.g.bonigarcia.wdm.WebDriverManager(536) - Managing chromedriver arch=64 version=80.0.3987.106 getLatest=false cache=false
2020-03-26 12:30:14,465 [main] TRACE  i.g.bonigarcia.wdm.WebDriverManager(868) - Checking if chromedriver exists in cache
2020-03-26 12:30:14,466 [main] TRACE  io.github.bonigarcia.wdm.Downloader(116) - Target path C:\Users\jnanesh.m/.m2/repository/webdriver
2020-03-26 12:30:14,475 [main] TRACE  i.g.bonigarcia.wdm.WebDriverManager(920) - Filter cache by chromedriver -- input list [C:\Users\jnanesh.m\.m2\repository\webdriver\chromedriver\win32\80.0.3987.106\chromedriver.exe] -- output list [C:\Users\jnanesh.m\.m2\repository\webdriver\chromedriver\win32\80.0.3987.106\chromedriver.exe] 
2020-03-26 12:30:14,475 [main] TRACE  i.g.bonigarcia.wdm.WebDriverManager(920) - Filter cache by 80.0.3987.106 -- input list [C:\Users\jnanesh.m\.m2\repository\webdriver\chromedriver\win32\80.0.3987.106\chromedriver.exe] -- output list [C:\Users\jnanesh.m\.m2\repository\webdriver\chromedriver\win32\80.0.3987.106\chromedriver.exe] 
2020-03-26 12:30:14,475 [main] TRACE  i.g.bonigarcia.wdm.WebDriverManager(920) - Filter cache by WIN -- input list [C:\Users\jnanesh.m\.m2\repository\webdriver\chromedriver\win32\80.0.3987.106\chromedriver.exe] -- output list [C:\Users\jnanesh.m\.m2\repository\webdriver\chromedriver\win32\80.0.3987.106\chromedriver.exe] 
2020-03-26 12:30:14,476 [main] TRACE  i.g.bonigarcia.wdm.WebDriverManager(634) - Using preferences true
2020-03-26 12:30:14,477 [main] TRACE  i.g.bonigarcia.wdm.WebDriverManager(634) - Using preferences true
2020-03-26 12:30:14,477 [main] DEBUG  i.g.bonigarcia.wdm.WebDriverManager(564) - Driver chromedriver 80.0.3987.106 found in cache
2020-03-26 12:30:14,477 [main] INFO   i.g.bonigarcia.wdm.WebDriverManager(1113) - Exporting webdriver.chrome.driver as C:\Users\jnanesh.m\.m2\repository\webdriver\chromedriver\win32\80.0.3987.106\chromedriver.exe
2020-03-26 12:30:19,825 [main] INFO   com.yodlee.core.base.CoreBasePage(31) - **********************************************
2020-03-26 12:30:19,826 [main] INFO   com.yodlee.core.base.CoreBasePage(32) - Scenario :: 'To login to wellness regular environment' has started
2020-03-26 12:30:21,133 [main] INFO   com.yodlee.core.base.CoreBasePage(1641) - succesfully sent the keys:: "Wr200" to the input box of element:: [[ChromeDriver: chrome on WINDOWS (c2620a40588dd33f8f5b1f0f4aad4739)] -> xpath: //*[@name='login']]
2020-03-26 12:30:21,134 [main] INFO   com.yodlee.core.base.CoreBasePage(117) - Logical name : LoginPage.Username ---- Value Entered: Wr200
2020-03-26 12:30:21,308 [main] INFO   com.yodlee.core.base.CoreBasePage(1641) - succesfully sent the keys:: "Yodlee@123" to the input box of element:: [[ChromeDriver: chrome on WINDOWS (c2620a40588dd33f8f5b1f0f4aad4739)] -> xpath: //*[@name='password']]
2020-03-26 12:30:21,308 [main] INFO   com.yodlee.core.base.CoreBasePage(117) - Logical name : LoginPage.Password ---- Value Entered: Yodlee@123
2020-03-26 12:30:21,482 [main] INFO   com.yodlee.core.base.CoreBasePage(1641) - succesfully sent the keys:: "10003700" to the input box of element:: [[ChromeDriver: chrome on WINDOWS (c2620a40588dd33f8f5b1f0f4aad4739)] -> xpath: //*[@name='app']]
2020-03-26 12:30:21,482 [main] INFO   com.yodlee.core.base.CoreBasePage(117) - Logical name : LoginPage.FinApp ---- Value Entered: 10003700
2020-03-26 12:30:24,165 [main] INFO   com.yodlee.core.base.CoreBasePage(141) - ---clicked LoginPage.Login
2020-03-26 12:30:24,471 [main] INFO   com.yodlee.core.base.CoreBasePage(31) - **********************************************
2020-03-26 12:30:24,472 [main] INFO   com.yodlee.core.base.CoreBasePage(32) - Scenario :: 'Add an aggregated account in application' has started
2020-03-26 12:30:29,738 [main] INFO   com.yodlee.core.base.CoreBasePage(1583) - Clicking on element [By.cssSelector: #link-account-button-persist]
2020-03-26 12:30:29,765 [main] INFO   com.yodlee.core.base.CoreBasePage(788) - Scrolling element to middle...
2020-03-26 12:30:31,664 [main] INFO   com.yodlee.core.base.CoreBasePage(1641) - succesfully sent the keys:: "Dag Site" to the input box of element:: [[ChromeDriver: chrome on WINDOWS (c2620a40588dd33f8f5b1f0f4aad4739)] -> id: siteSearch]
2020-03-26 12:30:31,664 [main] INFO   com.yodlee.core.base.CoreBasePage(117) - Logical name : LinkAccountPopup.siteSearchInputBox ---- Value Entered: Dag Site
2020-03-26 12:30:31,698 [main] INFO   com.yodlee.core.base.CoreBasePage(1462) - Waiting for element to be present in DOM 0 seconds element:: By.cssSelector: .siteName
2020-03-26 12:30:32,733 [main] INFO   com.yodlee.core.base.CoreBasePage(788) - Scrolling element to middle...
2020-03-26 12:30:34,181 [main] INFO   com.yodlee.core.base.CoreBasePage(1641) - succesfully sent the keys:: "budget.site16441.1" to the input box of element:: [[ChromeDriver: chrome on WINDOWS (c2620a40588dd33f8f5b1f0f4aad4739)] -> xpath: //input[@name="LOGIN" or @aria-label="Username"]]
2020-03-26 12:30:34,181 [main] INFO   com.yodlee.core.base.CoreBasePage(117) - Logical name : LinkAccountPopup.usernameInputBox ---- Value Entered: budget.site16441.1
2020-03-26 12:30:34,543 [main] INFO   com.yodlee.core.base.CoreBasePage(1641) - succesfully sent the keys:: "site16441.1" to the input box of element:: [[ChromeDriver: chrome on WINDOWS (c2620a40588dd33f8f5b1f0f4aad4739)] -> xpath: //input[@name='PASSWORD' or @aria-label='Password']]
2020-03-26 12:30:34,543 [main] INFO   com.yodlee.core.base.CoreBasePage(117) - Logical name : LinkAccountPopup.passwordInputBox ---- Value Entered: site16441.1
2020-03-26 12:30:34,837 [main] INFO   com.yodlee.core.base.CoreBasePage(1641) - succesfully sent the keys:: "site16441.1" to the input box of element:: [[ChromeDriver: chrome on WINDOWS (c2620a40588dd33f8f5b1f0f4aad4739)] -> xpath: //input[@name='Re-enter_PASSWORD' or @aria-label='Re-enter Password']]
2020-03-26 12:30:34,837 [main] INFO   com.yodlee.core.base.CoreBasePage(117) - Logical name : LinkAccountPopup.re-EnterPasswordInputBox ---- Value Entered: site16441.1
2020-03-26 12:30:35,043 [main] INFO   com.yodlee.core.base.CoreBasePage(141) - ---clicked LinkAccountPopup.sumitbutton
2020-03-26 12:30:44,865 [main] INFO   com.yodlee.core.base.CoreBasePage(71) - Logical name : LinkAccountPopup.accountAddedSuccessfully ---- Expected Value : Congratulations! Your accounts have been linked. ---- Actual Value : Congratulations! Your accounts have been linked.
2020-03-26 12:30:45,252 [main] INFO   com.yodlee.core.base.CoreBasePage(31) - **********************************************
2020-03-26 12:30:45,252 [main] INFO   com.yodlee.core.base.CoreBasePage(32) - Scenario :: 'Verify Dashboard' has started
2020-03-26 12:30:46,865 [main] INFO   com.yodlee.core.base.CoreBasePage(103) - Logical name : DashboardPage.header ---- Expected Value : #174271 ---- Actual Value : #174271
2020-03-26 12:30:47,198 [main] INFO   com.yodlee.core.base.CoreBasePage(83) - Logical name : DashboardPage.Dashboard ---- Expected Value : ProximaNovaSemiBold ---- Actual Value : 24px / 40px ProximaNovaSemiBold
2020-03-26 12:30:47,366 [main] INFO   com.yodlee.core.base.CoreBasePage(94) - Logical name : DashboardPage.Dashboard ---- Expected Value : #1e1d1c ---- Actual Value : #1e1d1c
2020-03-26 12:30:47,557 [main] INFO   com.yodlee.core.base.CoreBasePage(71) - Logical name : DashboardPage.Dashboard ---- Expected Value : Dashboard ---- Actual Value : Dashboard
2020-03-26 12:31:47,731 [main] INFO   com.yodlee.core.base.CoreBasePage(342) - TimeoutException: DashboardPage.AmountLeftToSpend  is not shown in given time
2020-03-26 12:31:47,732 [main] INFO   com.yodlee.core.base.CoreBasePage(71) - Logical name : DashboardPage.AmountLeftToSpend ---- Expected Value : $75,929.28 ---- Actual Value : 
2020-03-26 12:32:44,542 [main] INFO   com.yodlee.core.base.CoreBasePage(31) - **********************************************
2020-03-26 12:32:44,543 [main] INFO   com.yodlee.core.base.CoreBasePage(32) - Scenario :: 'verify fincheck disclaimer message in dashboard' has started
2020-03-26 12:32:44,563 [main] INFO   com.yodlee.core.base.CoreBasePage(342) - TimeoutException: DashboardPage.FincheckDisclaimerMessage  is not shown in given time
2020-03-26 12:32:44,565 [main] INFO   com.yodlee.core.base.CoreBasePage(71) - Logical name : DashboardPage.FincheckDisclaimerMessage ---- Expected Value : A digital assistant that organizes and measures your financial health. So you know exactly where you stand at any given time and what you should do next. ---- Actual Value : 
2020-03-26 12:32:44,572 [main] INFO   com.yodlee.core.base.CoreBasePage(342) - TimeoutException: DashboardPage.FincheckDisclaimerMessage  is not shown in given time
2020-03-26 12:32:44,586 [main] INFO   com.yodlee.core.base.CoreBasePage(31) - **********************************************
2020-03-26 12:32:44,586 [main] INFO   com.yodlee.core.base.CoreBasePage(32) - Scenario :: 'verify accounts in the dashboard' has started
2020-03-26 12:32:44,610 [main] ERROR  com.yodlee.core.base.CoreBasePage(1471) - Element is not present in DOM element:: By.xpath: //*[@autoid='accounts-container-level-low']//div[contains(@class,'account-details')]//span[@class='ellipsis']
