2020-11-17 11:47:54,016 [main] INFO   LoginTestRunner(25) - Browser :: chrome
2020-11-17 11:47:54,031 [main] INFO   LoginTestRunner(26) - Environment :: YCOM_L1
2020-11-17 11:47:54,730 [main] TRACE  i.g.bonigarcia.wdm.WebDriverManager(634) - Using preferences true
2020-11-17 11:47:54,732 [main] DEBUG  i.github.bonigarcia.wdm.Preferences(118) - Preference chrome=86 (valid until 2020-11-17 22:00:33)
2020-11-17 11:47:54,733 [main] TRACE  i.g.bonigarcia.wdm.WebDriverManager(601) - Detected Google Chrome version 86
2020-11-17 11:47:54,735 [main] TRACE  i.g.bonigarcia.wdm.WebDriverManager(634) - Using preferences true
2020-11-17 11:47:54,736 [main] DEBUG  i.github.bonigarcia.wdm.Preferences(118) - Preference chrome86=86.0.4240.22 (valid until 2020-11-17 22:00:33)
2020-11-17 11:47:54,736 [main] INFO   i.g.bonigarcia.wdm.WebDriverManager(615) - Using chromedriver 86.0.4240.22 (since Google Chrome 86 is installed in your machine)
2020-11-17 11:47:54,737 [main] TRACE  i.g.bonigarcia.wdm.WebDriverManager(536) - Managing chromedriver arch=64 version=86.0.4240.22 getLatest=false cache=false
2020-11-17 11:47:54,737 [main] TRACE  i.g.bonigarcia.wdm.WebDriverManager(868) - Checking if chromedriver exists in cache
2020-11-17 11:47:54,738 [main] TRACE  io.github.bonigarcia.wdm.Downloader(116) - Target path C:\Users\jnanesh.m/.m2/repository/webdriver
2020-11-17 11:47:54,757 [main] TRACE  i.g.bonigarcia.wdm.WebDriverManager(920) - Filter cache by chromedriver -- input list [C:\Users\jnanesh.m\.m2\repository\webdriver\chromedriver\win32\80.0.3987.106\chromedriver.exe, C:\Users\jnanesh.m\.m2\repository\webdriver\chromedriver\win32\81.0.4044.138\chromedriver.exe, C:\Users\jnanesh.m\.m2\repository\webdriver\chromedriver\win32\84.0.4147.30\chromedriver.exe, C:\Users\jnanesh.m\.m2\repository\webdriver\chromedriver\win32\85.0.4183.87\chromedriver.exe, C:\Users\jnanesh.m\.m2\repository\webdriver\chromedriver\win32\86.0.4240.22\chromedriver.exe] -- output list [C:\Users\jnanesh.m\.m2\repository\webdriver\chromedriver\win32\80.0.3987.106\chromedriver.exe, C:\Users\jnanesh.m\.m2\repository\webdriver\chromedriver\win32\81.0.4044.138\chromedriver.exe, C:\Users\jnanesh.m\.m2\repository\webdriver\chromedriver\win32\84.0.4147.30\chromedriver.exe, C:\Users\jnanesh.m\.m2\repository\webdriver\chromedriver\win32\85.0.4183.87\chromedriver.exe, C:\Users\jnanesh.m\.m2\repository\webdriver\chromedriver\win32\86.0.4240.22\chromedriver.exe] 
2020-11-17 11:47:54,757 [main] TRACE  i.g.bonigarcia.wdm.WebDriverManager(920) - Filter cache by 86.0.4240.22 -- input list [C:\Users\jnanesh.m\.m2\repository\webdriver\chromedriver\win32\80.0.3987.106\chromedriver.exe, C:\Users\jnanesh.m\.m2\repository\webdriver\chromedriver\win32\81.0.4044.138\chromedriver.exe, C:\Users\jnanesh.m\.m2\repository\webdriver\chromedriver\win32\84.0.4147.30\chromedriver.exe, C:\Users\jnanesh.m\.m2\repository\webdriver\chromedriver\win32\85.0.4183.87\chromedriver.exe, C:\Users\jnanesh.m\.m2\repository\webdriver\chromedriver\win32\86.0.4240.22\chromedriver.exe] -- output list [C:\Users\jnanesh.m\.m2\repository\webdriver\chromedriver\win32\86.0.4240.22\chromedriver.exe] 
2020-11-17 11:47:54,757 [main] TRACE  i.g.bonigarcia.wdm.WebDriverManager(920) - Filter cache by WIN -- input list [C:\Users\jnanesh.m\.m2\repository\webdriver\chromedriver\win32\86.0.4240.22\chromedriver.exe] -- output list [C:\Users\jnanesh.m\.m2\repository\webdriver\chromedriver\win32\86.0.4240.22\chromedriver.exe] 
2020-11-17 11:47:54,759 [main] TRACE  i.g.bonigarcia.wdm.WebDriverManager(634) - Using preferences true
2020-11-17 11:47:54,761 [main] TRACE  i.g.bonigarcia.wdm.WebDriverManager(634) - Using preferences true
2020-11-17 11:47:54,761 [main] DEBUG  i.g.bonigarcia.wdm.WebDriverManager(564) - Driver chromedriver 86.0.4240.22 found in cache
2020-11-17 11:47:54,763 [main] INFO   i.g.bonigarcia.wdm.WebDriverManager(1113) - Exporting webdriver.chrome.driver as C:\Users\jnanesh.m\.m2\repository\webdriver\chromedriver\win32\86.0.4240.22\chromedriver.exe
2020-11-17 11:47:59,157 [main] INFO   c.p.core.base.Page500CoreBasePage(31) - **********************************************
2020-11-17 11:47:59,158 [main] INFO   c.p.core.base.Page500CoreBasePage(32) - Scenario :: 'Validate Selling and Buying Price' has started
2020-11-17 11:48:01,774 [main] INFO   c.p.core.base.Page500CoreBasePage(131) - ---clicked LoginPage.DemoMode
2020-11-17 11:48:02,408 [main] INFO   c.p.core.base.Page500CoreBasePage(131) - ---clicked LoginPage.LoginTab
2020-11-17 11:48:02,867 [main] INFO   c.p.core.base.Page500CoreBasePage(110) - succesfully sent the keys:: "cm.jnanesh@gmail.com" to the input box of element:: [[ChromeDriver: chrome on WINDOWS (3d3797f6fbb137d78c6f2894eec5854b)] -> xpath: //input[@id='email']]
2020-11-17 11:48:02,868 [main] INFO   c.p.core.base.Page500CoreBasePage(102) - Logical name : LoginPage.UserEmail ---- Value Entered: cm.jnanesh@gmail.com
2020-11-17 11:48:03,193 [main] INFO   c.p.core.base.Page500CoreBasePage(110) - succesfully sent the keys:: "plus500_jna" to the input box of element:: [[ChromeDriver: chrome on WINDOWS (3d3797f6fbb137d78c6f2894eec5854b)] -> xpath: //input[@id='password']]
2020-11-17 11:48:03,193 [main] INFO   c.p.core.base.Page500CoreBasePage(102) - Logical name : LoginPage.Password ---- Value Entered: plus500_jna
2020-11-17 11:48:03,423 [main] INFO   c.p.core.base.Page500CoreBasePage(131) - ---clicked LoginPage.Login
2020-11-17 11:48:03,439 [main] INFO   c.p.core.base.Page500CoreBasePage(66) - Expected Value : Plus500 WebTrader | Leading CFD Platform | Online Trading ---- Actual Value : Plus500 WebTrader | Leading CFD Platform | Online Trading
2020-11-17 11:48:07,977 [main] INFO   c.p.core.base.Page500CoreBasePage(110) - succesfully sent the keys:: "GBP/USD" to the input box of element:: [[ChromeDriver: chrome on WINDOWS (3d3797f6fbb137d78c6f2894eec5854b)] -> xpath: //input[@id='main-search-input']]
2020-11-17 11:48:07,977 [main] INFO   c.p.core.base.Page500CoreBasePage(102) - Logical name : HomePage.Search ---- Value Entered: GBP/USD
