2020-03-19 16:28:57,515 [main] INFO   LoginTestRunner(25) - Browser :: chrome
2020-03-19 16:28:57,531 [main] INFO   LoginTestRunner(26) - Environment :: YCOM_L1
2020-03-19 16:28:59,130 [main] TRACE  i.g.bonigarcia.wdm.WebDriverManager(634) - Using preferences true
2020-03-19 16:28:59,135 [main] DEBUG  i.github.bonigarcia.wdm.Preferences(118) - Preference chrome=80 (valid until 2020-03-20 14:33:50)
2020-03-19 16:28:59,136 [main] TRACE  i.g.bonigarcia.wdm.WebDriverManager(601) - Detected Google Chrome version 80
2020-03-19 16:28:59,139 [main] TRACE  i.g.bonigarcia.wdm.WebDriverManager(634) - Using preferences true
2020-03-19 16:28:59,141 [main] DEBUG  i.github.bonigarcia.wdm.Preferences(118) - Preference chrome80=80.0.3987.106 (valid until 2020-03-20 14:33:51)
2020-03-19 16:28:59,141 [main] INFO   i.g.bonigarcia.wdm.WebDriverManager(615) - Using chromedriver 80.0.3987.106 (since Google Chrome 80 is installed in your machine)
2020-03-19 16:28:59,142 [main] TRACE  i.g.bonigarcia.wdm.WebDriverManager(536) - Managing chromedriver arch=64 version=80.0.3987.106 getLatest=false cache=false
2020-03-19 16:28:59,143 [main] TRACE  i.g.bonigarcia.wdm.WebDriverManager(868) - Checking if chromedriver exists in cache
2020-03-19 16:28:59,146 [main] TRACE  io.github.bonigarcia.wdm.Downloader(116) - Target path C:\Users\jnanesh.m/.m2/repository/webdriver
2020-03-19 16:28:59,174 [main] TRACE  i.g.bonigarcia.wdm.WebDriverManager(920) - Filter cache by chromedriver -- input list [C:\Users\jnanesh.m\.m2\repository\webdriver\chromedriver\win32\80.0.3987.106\chromedriver.exe] -- output list [C:\Users\jnanesh.m\.m2\repository\webdriver\chromedriver\win32\80.0.3987.106\chromedriver.exe] 
2020-03-19 16:28:59,175 [main] TRACE  i.g.bonigarcia.wdm.WebDriverManager(920) - Filter cache by 80.0.3987.106 -- input list [C:\Users\jnanesh.m\.m2\repository\webdriver\chromedriver\win32\80.0.3987.106\chromedriver.exe] -- output list [C:\Users\jnanesh.m\.m2\repository\webdriver\chromedriver\win32\80.0.3987.106\chromedriver.exe] 
2020-03-19 16:28:59,176 [main] TRACE  i.g.bonigarcia.wdm.WebDriverManager(920) - Filter cache by WIN -- input list [C:\Users\jnanesh.m\.m2\repository\webdriver\chromedriver\win32\80.0.3987.106\chromedriver.exe] -- output list [C:\Users\jnanesh.m\.m2\repository\webdriver\chromedriver\win32\80.0.3987.106\chromedriver.exe] 
2020-03-19 16:28:59,179 [main] TRACE  i.g.bonigarcia.wdm.WebDriverManager(634) - Using preferences true
2020-03-19 16:28:59,183 [main] TRACE  i.g.bonigarcia.wdm.WebDriverManager(634) - Using preferences true
2020-03-19 16:28:59,184 [main] DEBUG  i.g.bonigarcia.wdm.WebDriverManager(564) - Driver chromedriver 80.0.3987.106 found in cache
2020-03-19 16:28:59,188 [main] INFO   i.g.bonigarcia.wdm.WebDriverManager(1113) - Exporting webdriver.chrome.driver as C:\Users\jnanesh.m\.m2\repository\webdriver\chromedriver\win32\80.0.3987.106\chromedriver.exe
2020-03-19 16:29:11,075 [main] INFO   com.yodlee.core.base.CoreBasePage(31) - **********************************************
2020-03-19 16:29:11,077 [main] INFO   com.yodlee.core.base.CoreBasePage(32) - Scenario :: 'To login to wellness regular environment' has started
2020-03-19 16:29:14,293 [main] INFO   com.yodlee.core.base.CoreBasePage(1569) - succesfully sent the keys:: "wr6" to the input box of element:: [[ChromeDriver: chrome on WINDOWS (cee43e6d43e2f47f6148c1df60d972ff)] -> xpath: //*[@name='login']]
2020-03-19 16:29:14,295 [main] INFO   com.yodlee.core.base.CoreBasePage(110) - Logical name : LoginPage.Username ---- Value Entered: wr6
2020-03-19 16:29:14,911 [main] INFO   com.yodlee.core.base.CoreBasePage(1569) - succesfully sent the keys:: "Yodlee@123" to the input box of element:: [[ChromeDriver: chrome on WINDOWS (cee43e6d43e2f47f6148c1df60d972ff)] -> xpath: //*[@name='password']]
2020-03-19 16:29:14,913 [main] INFO   com.yodlee.core.base.CoreBasePage(110) - Logical name : LoginPage.Password ---- Value Entered: Yodlee@123
2020-03-19 16:29:15,531 [main] INFO   com.yodlee.core.base.CoreBasePage(1569) - succesfully sent the keys:: "10003700" to the input box of element:: [[ChromeDriver: chrome on WINDOWS (cee43e6d43e2f47f6148c1df60d972ff)] -> xpath: //*[@name='app']]
2020-03-19 16:29:15,533 [main] INFO   com.yodlee.core.base.CoreBasePage(110) - Logical name : LoginPage.FinApp ---- Value Entered: 10003700
2020-03-19 16:29:18,954 [main] INFO   com.yodlee.core.base.CoreBasePage(128) - ---clicked LoginPage.Login
2020-03-19 16:29:22,719 [main] INFO   com.yodlee.core.base.CoreBasePage(31) - **********************************************
2020-03-19 16:29:22,720 [main] INFO   com.yodlee.core.base.CoreBasePage(32) - Scenario :: 'Add an aggregated account in application' has started
2020-03-19 16:29:28,236 [main] INFO   com.yodlee.core.base.CoreBasePage(1511) - Clicking on element [By.cssSelector: #link-account-button-persist]
2020-03-19 16:29:28,311 [main] INFO   com.yodlee.core.base.CoreBasePage(716) - Scrolling element to middle...
2020-03-19 16:29:30,634 [main] INFO   com.yodlee.core.base.CoreBasePage(1569) - succesfully sent the keys:: "Dag Site" to the input box of element:: [[ChromeDriver: chrome on WINDOWS (cee43e6d43e2f47f6148c1df60d972ff)] -> id: siteSearch]
2020-03-19 16:29:30,635 [main] INFO   com.yodlee.core.base.CoreBasePage(110) - Logical name : LinkAccountPopup.siteSearchInputBox ---- Value Entered: Dag Site
2020-03-19 16:29:30,690 [main] INFO   com.yodlee.core.base.CoreBasePage(1390) - Waiting for element to be present in DOM 0 seconds element:: By.cssSelector: .siteName
2020-03-19 16:29:31,739 [main] INFO   com.yodlee.core.base.CoreBasePage(716) - Scrolling element to middle...
2020-03-19 16:29:34,139 [main] INFO   com.yodlee.core.base.CoreBasePage(1569) - succesfully sent the keys:: "budget.site16441.1" to the input box of element:: [[ChromeDriver: chrome on WINDOWS (cee43e6d43e2f47f6148c1df60d972ff)] -> xpath: //input[@name="LOGIN" or @aria-label="Username"]]
2020-03-19 16:29:34,140 [main] INFO   com.yodlee.core.base.CoreBasePage(110) - Logical name : LinkAccountPopup.usernameInputBox ---- Value Entered: budget.site16441.1
2020-03-19 16:29:35,103 [main] INFO   com.yodlee.core.base.CoreBasePage(1569) - succesfully sent the keys:: "site16441.1" to the input box of element:: [[ChromeDriver: chrome on WINDOWS (cee43e6d43e2f47f6148c1df60d972ff)] -> xpath: //input[@name='PASSWORD' or @aria-label='Password']]
2020-03-19 16:29:35,105 [main] INFO   com.yodlee.core.base.CoreBasePage(110) - Logical name : LinkAccountPopup.passwordInputBox ---- Value Entered: site16441.1
2020-03-19 16:29:36,150 [main] INFO   com.yodlee.core.base.CoreBasePage(1569) - succesfully sent the keys:: "site16441.1" to the input box of element:: [[ChromeDriver: chrome on WINDOWS (cee43e6d43e2f47f6148c1df60d972ff)] -> xpath: //input[@name='Re-enter_PASSWORD' or @aria-label='Re-enter Password']]
2020-03-19 16:29:36,151 [main] INFO   com.yodlee.core.base.CoreBasePage(110) - Logical name : LinkAccountPopup.re-EnterPasswordInputBox ---- Value Entered: site16441.1
2020-03-19 16:29:36,535 [main] INFO   com.yodlee.core.base.CoreBasePage(128) - ---clicked LinkAccountPopup.sumitbutton
2020-03-19 16:29:40,187 [main] INFO   com.yodlee.core.base.CoreBasePage(71) - Logical name : LinkAccountPopup.accountAddedSuccessfully ---- Expected Value : Congratulations! Your accounts have been linked. ---- Actual Value : Congratulations! Your accounts have been linked.
2020-03-19 16:29:40,818 [main] INFO   com.yodlee.core.base.CoreBasePage(31) - **********************************************
2020-03-19 16:29:40,819 [main] INFO   com.yodlee.core.base.CoreBasePage(32) - Scenario :: 'Verify Dashboard' has started
2020-03-19 16:29:43,211 [main] INFO   com.yodlee.core.base.CoreBasePage(82) - Logical name : DashboardPage.header ---- Expected Value : ProximaNovaSemiBold ---- Actual Value : 24px / 40px ProximaNovaSemiBold
2020-03-19 16:29:45,769 [main] INFO   com.yodlee.core.base.CoreBasePage(31) - **********************************************
2020-03-19 16:29:45,771 [main] INFO   com.yodlee.core.base.CoreBasePage(32) - Scenario :: 'verify fincheck disclaimer message in dashboard' has started
2020-03-19 16:29:49,336 [main] INFO   com.yodlee.core.base.CoreBasePage(71) - Logical name : DashboardPage.FincheckDisclaimerMessage ---- Expected Value : A digital assistant that organizes and measures your financial health. So you know exactly where you stand at any given time and what you should do next. ---- Actual Value : A digital assistant that organizes and measures your financial health. So you know exactly where you stand at any given time and what you should do next.
2020-03-19 16:29:49,850 [main] INFO   com.yodlee.core.base.CoreBasePage(31) - **********************************************
2020-03-19 16:29:49,851 [main] INFO   com.yodlee.core.base.CoreBasePage(32) - Scenario :: 'verify accounts in the dashboard' has started
2020-03-19 16:29:56,364 [main] INFO   com.yodlee.core.base.CoreBasePage(716) - Scrolling element to middle...
