2020-02-24 14:11:42,190 [main] INFO   LoginTestRunner(27) - Browser :: chrome
2020-02-24 14:11:42,196 [main] INFO   LoginTestRunner(28) - Environment :: YCOM_L1
2020-02-24 14:11:42,355 [main] TRACE  i.g.bonigarcia.wdm.WebDriverManager(634) - Using preferences true
2020-02-24 14:11:42,357 [main] DEBUG  i.github.bonigarcia.wdm.Preferences(93) - Removing preference chrome=80 (expired on 2020-02-20 12:57:09)
2020-02-24 14:11:42,360 [main] DEBUG  io.github.bonigarcia.wdm.Shell(55) - Running command on the shell: [wmic, datafile, where, name='C:\\Program Files (x86)\\Google\\Chrome\\Application\\chrome.exe', get, Version, /value]
2020-02-24 14:11:42,827 [main] DEBUG  io.github.bonigarcia.wdm.Shell(57) - Result: Version=80.0.3987.106
2020-02-24 14:11:42,828 [main] TRACE  i.g.bonigarcia.wdm.WebDriverManager(601) - Detected Google Chrome version 80
2020-02-24 14:11:42,829 [main] TRACE  i.g.bonigarcia.wdm.WebDriverManager(634) - Using preferences true
2020-02-24 14:11:42,829 [main] DEBUG  i.github.bonigarcia.wdm.Preferences(93) - Removing preference chrome80=80.0.3987.106 (expired on 2020-02-20 12:57:09)
2020-02-24 14:11:42,831 [main] DEBUG  i.g.bonigarcia.wdm.WebDriverManager(685) - Getting driver version for chrome80 from online versions.properties
2020-02-24 14:11:42,831 [main] TRACE  i.g.bonigarcia.wdm.WebDriverManager(719) - Reading online version.properties to find out driver version
2020-02-24 14:11:42,844 [main] DEBUG  o.a.h.c.protocol.RequestAddCookies(122) - CookieSpec selected: standard
2020-02-24 14:11:42,850 [main] DEBUG  o.a.h.c.protocol.RequestAuthCache(76) - Auth cache not set in the context
2020-02-24 14:11:42,851 [main] DEBUG  o.a.h.i.c.PoolingHttpClientConnectionManager(249) - Connection request: [route: {s}->https://raw.githubusercontent.com:443][total kept alive: 0; route allocated: 0 of 2; total allocated: 0 of 20]
2020-02-24 14:11:42,866 [main] DEBUG  o.a.h.i.c.PoolingHttpClientConnectionManager(282) - Connection leased: [id: 0][route: {s}->https://raw.githubusercontent.com:443][total kept alive: 0; route allocated: 1 of 2; total allocated: 1 of 20]
2020-02-24 14:11:42,868 [main] DEBUG  o.a.h.impl.execchain.MainClientExec(234) - Opening connection {s}->https://raw.githubusercontent.com:443
2020-02-24 14:11:42,976 [main] DEBUG  o.a.h.i.c.DefaultHttpClientConnectionOperator(138) - Connecting to raw.githubusercontent.com/151.101.64.133:443
2020-02-24 14:11:42,976 [main] DEBUG  o.a.h.c.s.SSLConnectionSocketFactory(335) - Connecting socket to raw.githubusercontent.com/151.101.64.133:443 with timeout 0
2020-02-24 14:11:42,989 [main] DEBUG  o.a.h.c.s.SSLConnectionSocketFactory(388) - Enabled protocols: [TLSv1, TLSv1.1, TLSv1.2]
2020-02-24 14:11:42,990 [main] DEBUG  o.a.h.c.s.SSLConnectionSocketFactory(389) - Enabled cipher suites:[TLS_ECDHE_ECDSA_WITH_AES_256_CBC_SHA384, TLS_ECDHE_RSA_WITH_AES_256_CBC_SHA384, TLS_RSA_WITH_AES_256_CBC_SHA256, TLS_ECDH_ECDSA_WITH_AES_256_CBC_SHA384, TLS_ECDH_RSA_WITH_AES_256_CBC_SHA384, TLS_DHE_RSA_WITH_AES_256_CBC_SHA256, TLS_DHE_DSS_WITH_AES_256_CBC_SHA256, TLS_ECDHE_ECDSA_WITH_AES_256_CBC_SHA, TLS_ECDHE_RSA_WITH_AES_256_CBC_SHA, TLS_RSA_WITH_AES_256_CBC_SHA, TLS_ECDH_ECDSA_WITH_AES_256_CBC_SHA, TLS_ECDH_RSA_WITH_AES_256_CBC_SHA, TLS_DHE_RSA_WITH_AES_256_CBC_SHA, TLS_DHE_DSS_WITH_AES_256_CBC_SHA, TLS_ECDHE_ECDSA_WITH_AES_128_CBC_SHA256, TLS_ECDHE_RSA_WITH_AES_128_CBC_SHA256, TLS_RSA_WITH_AES_128_CBC_SHA256, TLS_ECDH_ECDSA_WITH_AES_128_CBC_SHA256, TLS_ECDH_RSA_WITH_AES_128_CBC_SHA256, TLS_DHE_RSA_WITH_AES_128_CBC_SHA256, TLS_DHE_DSS_WITH_AES_128_CBC_SHA256, TLS_ECDHE_ECDSA_WITH_AES_128_CBC_SHA, TLS_ECDHE_RSA_WITH_AES_128_CBC_SHA, TLS_RSA_WITH_AES_128_CBC_SHA, TLS_ECDH_ECDSA_WITH_AES_128_CBC_SHA, TLS_ECDH_RSA_WITH_AES_128_CBC_SHA, TLS_DHE_RSA_WITH_AES_128_CBC_SHA, TLS_DHE_DSS_WITH_AES_128_CBC_SHA, TLS_ECDHE_ECDSA_WITH_AES_256_GCM_SHA384, TLS_ECDHE_ECDSA_WITH_AES_128_GCM_SHA256, TLS_ECDHE_RSA_WITH_AES_256_GCM_SHA384, TLS_RSA_WITH_AES_256_GCM_SHA384, TLS_ECDH_ECDSA_WITH_AES_256_GCM_SHA384, TLS_ECDH_RSA_WITH_AES_256_GCM_SHA384, TLS_DHE_RSA_WITH_AES_256_GCM_SHA384, TLS_DHE_DSS_WITH_AES_256_GCM_SHA384, TLS_ECDHE_RSA_WITH_AES_128_GCM_SHA256, TLS_RSA_WITH_AES_128_GCM_SHA256, TLS_ECDH_ECDSA_WITH_AES_128_GCM_SHA256, TLS_ECDH_RSA_WITH_AES_128_GCM_SHA256, TLS_DHE_RSA_WITH_AES_128_GCM_SHA256, TLS_DHE_DSS_WITH_AES_128_GCM_SHA256, TLS_EMPTY_RENEGOTIATION_INFO_SCSV]
2020-02-24 14:11:42,990 [main] DEBUG  o.a.h.c.s.SSLConnectionSocketFactory(393) - Starting handshake
2020-02-24 14:11:43,027 [main] DEBUG  o.a.h.c.s.SSLConnectionSocketFactory(423) - Secure session established
2020-02-24 14:11:43,028 [main] DEBUG  o.a.h.c.s.SSLConnectionSocketFactory(424) -  negotiated protocol: TLSv1.2
2020-02-24 14:11:43,028 [main] DEBUG  o.a.h.c.s.SSLConnectionSocketFactory(425) -  negotiated cipher suite: TLS_ECDHE_RSA_WITH_AES_128_GCM_SHA256
2020-02-24 14:11:43,029 [main] DEBUG  o.a.h.c.s.SSLConnectionSocketFactory(433) -  peer principal: CN=www.github.com, O="GitHub, Inc.", L=San Francisco, ST=California, C=US
2020-02-24 14:11:43,029 [main] DEBUG  o.a.h.c.s.SSLConnectionSocketFactory(442) -  peer alternative names: [www.github.com, *.github.com, github.com, *.github.io, github.io, *.githubusercontent.com, githubusercontent.com]
2020-02-24 14:11:43,029 [main] DEBUG  o.a.h.c.s.SSLConnectionSocketFactory(446) -  issuer principal: CN=DigiCert SHA2 High Assurance Server CA, OU=www.digicert.com, O=DigiCert Inc, C=US
2020-02-24 14:11:43,031 [main] DEBUG  o.a.h.i.c.DefaultHttpClientConnectionOperator(145) - Connection established 192.168.66.45:62683<->151.101.64.133:443
2020-02-24 14:11:43,031 [main] DEBUG  o.a.h.i.c.DefaultManagedHttpClientConnection(90) - http-outgoing-0: set socket timeout to 30000
2020-02-24 14:11:43,031 [main] DEBUG  o.a.h.impl.execchain.MainClientExec(255) - Executing request GET /bonigarcia/webdrivermanager/master/src/main/resources/versions.properties HTTP/1.1
2020-02-24 14:11:43,031 [main] DEBUG  o.a.h.impl.execchain.MainClientExec(260) - Target auth state: UNCHALLENGED
2020-02-24 14:11:43,032 [main] DEBUG  o.a.h.impl.execchain.MainClientExec(266) - Proxy auth state: UNCHALLENGED
2020-02-24 14:11:43,035 [main] DEBUG  org.apache.http.headers(135) - http-outgoing-0 >> GET /bonigarcia/webdrivermanager/master/src/main/resources/versions.properties HTTP/1.1
2020-02-24 14:11:43,035 [main] DEBUG  org.apache.http.headers(138) - http-outgoing-0 >> User-Agent: Apache-HttpClient/4.5.6
2020-02-24 14:11:43,035 [main] DEBUG  org.apache.http.headers(138) - http-outgoing-0 >> Connection: keep-alive
2020-02-24 14:11:43,035 [main] DEBUG  org.apache.http.headers(138) - http-outgoing-0 >> Host: raw.githubusercontent.com
2020-02-24 14:11:43,035 [main] DEBUG  org.apache.http.headers(138) - http-outgoing-0 >> Accept-Encoding: gzip,deflate
2020-02-24 14:11:43,035 [main] DEBUG  org.apache.http.wire(72) - http-outgoing-0 >> "GET /bonigarcia/webdrivermanager/master/src/main/resources/versions.properties HTTP/1.1[\r][\n]"
2020-02-24 14:11:43,036 [main] DEBUG  org.apache.http.wire(72) - http-outgoing-0 >> "User-Agent: Apache-HttpClient/4.5.6[\r][\n]"
2020-02-24 14:11:43,036 [main] DEBUG  org.apache.http.wire(72) - http-outgoing-0 >> "Connection: keep-alive[\r][\n]"
2020-02-24 14:11:43,036 [main] DEBUG  org.apache.http.wire(72) - http-outgoing-0 >> "Host: raw.githubusercontent.com[\r][\n]"
2020-02-24 14:11:43,036 [main] DEBUG  org.apache.http.wire(72) - http-outgoing-0 >> "Accept-Encoding: gzip,deflate[\r][\n]"
2020-02-24 14:11:43,036 [main] DEBUG  org.apache.http.wire(72) - http-outgoing-0 >> "[\r][\n]"
2020-02-24 14:11:43,053 [main] DEBUG  org.apache.http.wire(72) - http-outgoing-0 << "HTTP/1.1 200 OK[\r][\n]"
2020-02-24 14:11:43,053 [main] DEBUG  org.apache.http.wire(72) - http-outgoing-0 << "Content-Type: text/plain; charset=utf-8[\r][\n]"
2020-02-24 14:11:43,053 [main] DEBUG  org.apache.http.wire(72) - http-outgoing-0 << "Content-Security-Policy: default-src 'none'; style-src 'unsafe-inline'; sandbox[\r][\n]"
2020-02-24 14:11:43,053 [main] DEBUG  org.apache.http.wire(72) - http-outgoing-0 << "Strict-Transport-Security: max-age=31536000[\r][\n]"
2020-02-24 14:11:43,053 [main] DEBUG  org.apache.http.wire(72) - http-outgoing-0 << "X-Content-Type-Options: nosniff[\r][\n]"
2020-02-24 14:11:43,054 [main] DEBUG  org.apache.http.wire(72) - http-outgoing-0 << "X-Frame-Options: deny[\r][\n]"
2020-02-24 14:11:43,054 [main] DEBUG  org.apache.http.wire(72) - http-outgoing-0 << "X-XSS-Protection: 1; mode=block[\r][\n]"
2020-02-24 14:11:43,054 [main] DEBUG  org.apache.http.wire(72) - http-outgoing-0 << "ETag: W/"5b88c7c4083ed3e0ffab934353167ae0a4e90b5b28eb8e8d884df57b3a076ea4"[\r][\n]"
2020-02-24 14:11:43,054 [main] DEBUG  org.apache.http.wire(72) - http-outgoing-0 << "Cache-Control: max-age=300[\r][\n]"
2020-02-24 14:11:43,054 [main] DEBUG  org.apache.http.wire(72) - http-outgoing-0 << "X-Geo-Block-List:[\r][\n]"
2020-02-24 14:11:43,054 [main] DEBUG  org.apache.http.wire(72) - http-outgoing-0 << "Via: 1.1 varnish (Varnish/6.0)[\r][\n]"
2020-02-24 14:11:43,054 [main] DEBUG  org.apache.http.wire(72) - http-outgoing-0 << "Content-Encoding: gzip[\r][\n]"
2020-02-24 14:11:43,054 [main] DEBUG  org.apache.http.wire(72) - http-outgoing-0 << "X-GitHub-Request-Id: 65B8:1BA1:1A7142:1C9179:5E5331BC[\r][\n]"
2020-02-24 14:11:43,055 [main] DEBUG  org.apache.http.wire(72) - http-outgoing-0 << "Content-Length: 741[\r][\n]"
2020-02-24 14:11:43,055 [main] DEBUG  org.apache.http.wire(72) - http-outgoing-0 << "Accept-Ranges: bytes[\r][\n]"
2020-02-24 14:11:43,055 [main] DEBUG  org.apache.http.wire(72) - http-outgoing-0 << "Date: Mon, 24 Feb 2020 08:41:43 GMT[\r][\n]"
2020-02-24 14:11:43,055 [main] DEBUG  org.apache.http.wire(72) - http-outgoing-0 << "Via: 1.1 varnish[\r][\n]"
2020-02-24 14:11:43,055 [main] DEBUG  org.apache.http.wire(72) - http-outgoing-0 << "Connection: keep-alive[\r][\n]"
2020-02-24 14:11:43,056 [main] DEBUG  org.apache.http.wire(72) - http-outgoing-0 << "X-Served-By: cache-maa18323-MAA[\r][\n]"
2020-02-24 14:11:43,056 [main] DEBUG  org.apache.http.wire(72) - http-outgoing-0 << "X-Cache: HIT, HIT[\r][\n]"
2020-02-24 14:11:43,056 [main] DEBUG  org.apache.http.wire(72) - http-outgoing-0 << "X-Cache-Hits: 3, 1[\r][\n]"
2020-02-24 14:11:43,056 [main] DEBUG  org.apache.http.wire(72) - http-outgoing-0 << "X-Timer: S1582533703.047326,VS0,VE0[\r][\n]"
2020-02-24 14:11:43,056 [main] DEBUG  org.apache.http.wire(72) - http-outgoing-0 << "Vary: Authorization,Accept-Encoding[\r][\n]"
2020-02-24 14:11:43,057 [main] DEBUG  org.apache.http.wire(72) - http-outgoing-0 << "Access-Control-Allow-Origin: *[\r][\n]"
2020-02-24 14:11:43,057 [main] DEBUG  org.apache.http.wire(72) - http-outgoing-0 << "X-Fastly-Request-ID: fd217850b590bd2911bf73cdb46f1a512011ad74[\r][\n]"
2020-02-24 14:11:43,057 [main] DEBUG  org.apache.http.wire(72) - http-outgoing-0 << "Expires: Mon, 24 Feb 2020 08:46:43 GMT[\r][\n]"
2020-02-24 14:11:43,057 [main] DEBUG  org.apache.http.wire(72) - http-outgoing-0 << "Source-Age: 192[\r][\n]"
2020-02-24 14:11:43,057 [main] DEBUG  org.apache.http.wire(72) - http-outgoing-0 << "[\r][\n]"
2020-02-24 14:11:43,058 [main] DEBUG  org.apache.http.wire(72) - http-outgoing-0 << "[0x1f][0x8b][0x8][0x0][0x0][0x0][0x0][0x0][0x0][0x3][0x8d][0x95][0xcb][0x8e][0xdb]0[0xc]E[0xf7][0xf9][\n]"
2020-02-24 14:11:43,058 [main] DEBUG  org.apache.http.wire(72) - http-outgoing-0 << "[0x1][0xb3]i[0x17][0x91][0xf5][0xb2]d[0x7][0xd0][0xa6][0xcf][0xd5][0xa0][0x8b][0xf6][0x7][0x9c]DI[0x8c]q[0xac]@v&m[0xbf][0xbe][0xd4]s[0x9c][0xa0][0x5][0xba][0xbc][0xc7]$E[0x88][0xba][0xf4][0x13][0xfa]q[0xea]'t[0xe8][0x7][0x83]vv[0x9c][0xbb]~[0x9c][0xd0]|2[0xe8]e[0xb4][0xb7][0x11][0xbd][0x1a]7[0xf5][0x16][0xd0][0xc1]:[0xb4]w[0xbd][0xd7][0xe8][0xdd][0xb6][0x1f];[0xf7][0xeb]=$[0x9c]/[0xdd][0xdc]o![0xf7][0xd6][0xcf][0xa7][0x90][0xb7][0xb3][0xce][0x99][0xe9]b[0xc7]}?[0x1e][0xd1][0xd6][0xd9][0xdb]d\[0xae][0xb3]Z=[0xa1][0xf][0x11]m[0xd0]Wk[0x8f][0x90][0xf9][0xf1][0xe4][0xec][0xd9][0xa0]5[0xfa][0x14][0xca]o[0xd0].[0x80]x[0x18][0xc4][0xb7]W[0xb7]3[0x1b]t[0x9a][0xe7][0xcb][0xa6][0xaa][0x96]_q[0x10][0xfd][0xf5][0x8c][0xad];V{hx[0xb0][0xdd]~Z[0xc5][0x98][0x86][0xea][0x86]b[0x82][0x5][0x11][0x2]3[0x92])[0xd1][\r][0x1][0xca][0xdb]FaJd[0xc2][0xaa][0xd5][0xaa][\r]X[0xd4][0x98][0x17][0xda]h[0xd5][0x4]J[0x4][0x4][0xd7]9Xi[0xa5]<nd[\r][0xe5]3[0x95]Z[0xc9]@I[0x8b])+5j[0xad]j[0x8f][0x95]"[0x98][0xbe]E[0xb][0xad]D[0xc0][0xac][0xc5]%[0x96]k[0xc5]=[0x94][\r][0xc7][0xb2][0xc9][0x85][0x99]fX[0x94][0x18]z[0xa7][0x88]W[0xb9]1[0xd9]z%R[0x9e]l[0xbc]bY)[0xaf]hV[0xd2][0xab][0xdc][0xba][0xac]A[0xf1]|[0x9e][0x14]^[0xa9][0x1c][0xc9][0xbd][0xca][0xa7]K[0xdf][0xb]/[0xe7][0xf9]^x9[0xcf][0xf7][0xc2][0xf9][0xdd][0x90][0x9f][0xed][0xef]~[0x18]:[0xf4][0xa5]w[0xe6]`.[0xc6]|4[0xbb][0x17][0xfb][0xd7])O0[0xe6]#[0xbc][0xa7][0xeb][0x16][0xc3][0xb][0xab][0xce][0xb1]D[0xb5]H[0xa8][0x9c][0x19]L7[0x99]iu[0x88]u[0x15][0xd3][0x4]3[0xb8][0xfd][0x2][0xe8]# [0xf][0x0][0xee][0xea]>[0x5][0xae][0xb][0x0][0x8c]*[0xd7][0x90][0xca][0x3][0x18]R[0x1][0xf2][0x11][0xd4][0x8f]@x[0x0]#,)[0xfc][0x11][0x84]N[0xd9]""t[\n]"
2020-02-24 14:11:43,058 [main] DEBUG  org.apache.http.wire(72) - http-outgoing-0 << "[0xf][0xb5][0xa4][0x84]N[0x17][0xa0][0xe][0x9d].A[0xe8]t[0x9]B[0xa7]K[0x10]:[0x85]w[0x9e][0x8b][0xd6][0xa1]S[0xf][0x96][0x16][0xfc]v1[0xae][[0xcc][0xc4]z[0xfd]?3[0x9][0x81][0x93]=[0xcc][0xb7][0xce][0x99]*[0xa8][0xec][0xc5][0x98][0xfe]6[0xa1][0xf0]Q[0x82]7[0x8a][0xbd]T[0xbb][0x8a][0x10][0x9c]Q[0xdc][0xd5][0xa8][0x4][0xc1][0x17][0xc5][[0x14]l[0x1b]C[0xc1][0x18]o[0xde][0xe2],Q[0xb6][0xb4][0x16][0xc9][0xb1][0xc9][0x12]![0x11][0xee].[0xf8]#[0x8a]d[0x88]([0x92][0x1f][0xa2]Hv[0x88]"[0xb9]![0x8a]d[0x86]([0x92][0x17][0xa2]HV[0x88]"8[0x81][0xa7]s[0x92][0x11][0xc2][0x17][0xe1];[0xc8][0x1d][0xb][0xdf][0x1]O[0x8d][\n]"
2020-02-24 14:11:43,059 [main] DEBUG  org.apache.http.wire(72) - http-outgoing-0 << "[0xdf][0x1]K[0x97]!|[0x7] [0x96][0xe3]y[0xee]w[0xce][0xfa][F[0x9f][0xf7][0xc7][0xe5][0x8a]<O[0x6][0xc0]?[0x7][0xb5]7[0xaf]f[0xf0][0x87][0xe3]s[0xae][0x10][0x9c]d[0xc6][0xf5]u[0xaa][\n]"
2020-02-24 14:11:43,059 [main] DEBUG  org.apache.http.wire(72) - http-outgoing-0 << "[[0xfb]"[0xd5]l[0xed]0U7[0xb3]M[0x83][yZv'[0x95][0xb0][0xca]"[0xca][0x8b]SR\[0xab][0x80][0xca][0xd2][0xa4][0xfe][0xc5][0x7][0x92][0x16]&[0xf3]3[0x8c]$[0xed]J[0xc6][0xb]I{[0x92][0xc2][0x8e]K1iER[0xde][0xfa]E[0xed][0xb][0x9][0xa1]/[0xce][0xac][0xe1]o4w[0xc3]`[0xf6][0x11]2[\r][0xed]([\n]"
2020-02-24 14:11:43,059 [main] DEBUG  org.apache.http.wire(72) - http-outgoing-0 << "[0x1b]'[0xc4]P]c*Y[0xdb]FI4,[0xe9][0x9a]H[0x1e]$o4[0x87]}[0xcb][0xdb]([0x99][0x1f]*[0xac][0xf0]F[0x86][0xaf][0x8c]h[\n]"
2020-02-24 14:11:43,070 [main] DEBUG  org.apache.http.wire(72) - http-outgoing-0 << "[0x92][0xc1][\n]"
2020-02-24 14:11:43,071 [main] DEBUG  org.apache.http.wire(86) - http-outgoing-0 << "[0xfc][0x3][0xc0],[0xe6][0xcd][0x3][0x7][0x0][0x0]"
2020-02-24 14:11:43,073 [main] DEBUG  org.apache.http.headers(124) - http-outgoing-0 << HTTP/1.1 200 OK
2020-02-24 14:11:43,074 [main] DEBUG  org.apache.http.headers(127) - http-outgoing-0 << Content-Type: text/plain; charset=utf-8
2020-02-24 14:11:43,074 [main] DEBUG  org.apache.http.headers(127) - http-outgoing-0 << Content-Security-Policy: default-src 'none'; style-src 'unsafe-inline'; sandbox
2020-02-24 14:11:43,074 [main] DEBUG  org.apache.http.headers(127) - http-outgoing-0 << Strict-Transport-Security: max-age=31536000
2020-02-24 14:11:43,074 [main] DEBUG  org.apache.http.headers(127) - http-outgoing-0 << X-Content-Type-Options: nosniff
2020-02-24 14:11:43,074 [main] DEBUG  org.apache.http.headers(127) - http-outgoing-0 << X-Frame-Options: deny
2020-02-24 14:11:43,074 [main] DEBUG  org.apache.http.headers(127) - http-outgoing-0 << X-XSS-Protection: 1; mode=block
2020-02-24 14:11:43,074 [main] DEBUG  org.apache.http.headers(127) - http-outgoing-0 << ETag: W/"5b88c7c4083ed3e0ffab934353167ae0a4e90b5b28eb8e8d884df57b3a076ea4"
2020-02-24 14:11:43,075 [main] DEBUG  org.apache.http.headers(127) - http-outgoing-0 << Cache-Control: max-age=300
2020-02-24 14:11:43,075 [main] DEBUG  org.apache.http.headers(127) - http-outgoing-0 << X-Geo-Block-List:
2020-02-24 14:11:43,075 [main] DEBUG  org.apache.http.headers(127) - http-outgoing-0 << Via: 1.1 varnish (Varnish/6.0)
2020-02-24 14:11:43,075 [main] DEBUG  org.apache.http.headers(127) - http-outgoing-0 << Content-Encoding: gzip
2020-02-24 14:11:43,075 [main] DEBUG  org.apache.http.headers(127) - http-outgoing-0 << X-GitHub-Request-Id: 65B8:1BA1:1A7142:1C9179:5E5331BC
2020-02-24 14:11:43,075 [main] DEBUG  org.apache.http.headers(127) - http-outgoing-0 << Content-Length: 741
2020-02-24 14:11:43,076 [main] DEBUG  org.apache.http.headers(127) - http-outgoing-0 << Accept-Ranges: bytes
2020-02-24 14:11:43,076 [main] DEBUG  org.apache.http.headers(127) - http-outgoing-0 << Date: Mon, 24 Feb 2020 08:41:43 GMT
2020-02-24 14:11:43,076 [main] DEBUG  org.apache.http.headers(127) - http-outgoing-0 << Via: 1.1 varnish
2020-02-24 14:11:43,076 [main] DEBUG  org.apache.http.headers(127) - http-outgoing-0 << Connection: keep-alive
2020-02-24 14:11:43,076 [main] DEBUG  org.apache.http.headers(127) - http-outgoing-0 << X-Served-By: cache-maa18323-MAA
2020-02-24 14:11:43,076 [main] DEBUG  org.apache.http.headers(127) - http-outgoing-0 << X-Cache: HIT, HIT
2020-02-24 14:11:43,076 [main] DEBUG  org.apache.http.headers(127) - http-outgoing-0 << X-Cache-Hits: 3, 1
2020-02-24 14:11:43,076 [main] DEBUG  org.apache.http.headers(127) - http-outgoing-0 << X-Timer: S1582533703.047326,VS0,VE0
2020-02-24 14:11:43,077 [main] DEBUG  org.apache.http.headers(127) - http-outgoing-0 << Vary: Authorization,Accept-Encoding
2020-02-24 14:11:43,077 [main] DEBUG  org.apache.http.headers(127) - http-outgoing-0 << Access-Control-Allow-Origin: *
2020-02-24 14:11:43,077 [main] DEBUG  org.apache.http.headers(127) - http-outgoing-0 << X-Fastly-Request-ID: fd217850b590bd2911bf73cdb46f1a512011ad74
2020-02-24 14:11:43,077 [main] DEBUG  org.apache.http.headers(127) - http-outgoing-0 << Expires: Mon, 24 Feb 2020 08:46:43 GMT
2020-02-24 14:11:43,077 [main] DEBUG  org.apache.http.headers(127) - http-outgoing-0 << Source-Age: 192
2020-02-24 14:11:43,080 [main] DEBUG  o.a.h.impl.execchain.MainClientExec(284) - Connection can be kept alive indefinitely
2020-02-24 14:11:43,085 [main] DEBUG  o.a.h.i.c.PoolingHttpClientConnectionManager(314) - Connection [id: 0][route: {s}->https://raw.githubusercontent.com:443] can be kept alive indefinitely
2020-02-24 14:11:43,086 [main] DEBUG  o.a.h.i.c.PoolingHttpClientConnectionManager(320) - Connection released: [id: 0][route: {s}->https://raw.githubusercontent.com:443][total kept alive: 1; route allocated: 1 of 2; total allocated: 1 of 20]
2020-02-24 14:11:43,086 [main] INFO   i.g.bonigarcia.wdm.WebDriverManager(615) - Using chromedriver 80.0.3987.106 (since Google Chrome 80 is installed in your machine)
2020-02-24 14:11:43,088 [main] DEBUG  i.github.bonigarcia.wdm.Preferences(66) - Storing preference chrome=80 (valid until 2020-02-25 14:11:43)
2020-02-24 14:11:43,088 [main] TRACE  i.g.bonigarcia.wdm.WebDriverManager(536) - Managing chromedriver arch=64 version=80.0.3987.106 getLatest=false cache=false
2020-02-24 14:11:43,088 [main] TRACE  i.g.bonigarcia.wdm.WebDriverManager(868) - Checking if chromedriver exists in cache
2020-02-24 14:11:43,089 [main] TRACE  io.github.bonigarcia.wdm.Downloader(116) - Target path C:\Users\kongara.sravan/.m2/repository/webdriver
2020-02-24 14:11:43,103 [main] TRACE  i.g.bonigarcia.wdm.WebDriverManager(920) - Filter cache by chromedriver -- input list [C:\Users\kongara.sravan\.m2\repository\webdriver\chromedriver\win32\78.0.3904.105\chromedriver.exe, C:\Users\kongara.sravan\.m2\repository\webdriver\chromedriver\win32\78.0.3904.11\chromedriver.exe, C:\Users\kongara.sravan\.m2\repository\webdriver\chromedriver\win32\78.0.3904.70\chromedriver.exe, C:\Users\kongara.sravan\.m2\repository\webdriver\chromedriver\win32\79.0.3945.36\chromedriver.exe, C:\Users\kongara.sravan\.m2\repository\webdriver\chromedriver\win32\80.0.3987.106\chromedriver.exe, C:\Users\kongara.sravan\.m2\repository\webdriver\chromedriver\win32\80.0.3987.16\chromedriver.exe, C:\Users\kongara.sravan\.m2\repository\webdriver\geckodriver\win64\0.26.0\geckodriver.exe] -- output list [C:\Users\kongara.sravan\.m2\repository\webdriver\chromedriver\win32\78.0.3904.105\chromedriver.exe, C:\Users\kongara.sravan\.m2\repository\webdriver\chromedriver\win32\78.0.3904.11\chromedriver.exe, C:\Users\kongara.sravan\.m2\repository\webdriver\chromedriver\win32\78.0.3904.70\chromedriver.exe, C:\Users\kongara.sravan\.m2\repository\webdriver\chromedriver\win32\79.0.3945.36\chromedriver.exe, C:\Users\kongara.sravan\.m2\repository\webdriver\chromedriver\win32\80.0.3987.106\chromedriver.exe, C:\Users\kongara.sravan\.m2\repository\webdriver\chromedriver\win32\80.0.3987.16\chromedriver.exe] 
2020-02-24 14:11:43,104 [main] TRACE  i.g.bonigarcia.wdm.WebDriverManager(920) - Filter cache by 80.0.3987.106 -- input list [C:\Users\kongara.sravan\.m2\repository\webdriver\chromedriver\win32\78.0.3904.105\chromedriver.exe, C:\Users\kongara.sravan\.m2\repository\webdriver\chromedriver\win32\78.0.3904.11\chromedriver.exe, C:\Users\kongara.sravan\.m2\repository\webdriver\chromedriver\win32\78.0.3904.70\chromedriver.exe, C:\Users\kongara.sravan\.m2\repository\webdriver\chromedriver\win32\79.0.3945.36\chromedriver.exe, C:\Users\kongara.sravan\.m2\repository\webdriver\chromedriver\win32\80.0.3987.106\chromedriver.exe, C:\Users\kongara.sravan\.m2\repository\webdriver\chromedriver\win32\80.0.3987.16\chromedriver.exe] -- output list [C:\Users\kongara.sravan\.m2\repository\webdriver\chromedriver\win32\80.0.3987.106\chromedriver.exe] 
2020-02-24 14:11:43,104 [main] TRACE  i.g.bonigarcia.wdm.WebDriverManager(920) - Filter cache by WIN -- input list [C:\Users\kongara.sravan\.m2\repository\webdriver\chromedriver\win32\80.0.3987.106\chromedriver.exe] -- output list [C:\Users\kongara.sravan\.m2\repository\webdriver\chromedriver\win32\80.0.3987.106\chromedriver.exe] 
2020-02-24 14:11:43,105 [main] TRACE  i.g.bonigarcia.wdm.WebDriverManager(634) - Using preferences true
2020-02-24 14:11:43,106 [main] DEBUG  i.github.bonigarcia.wdm.Preferences(66) - Storing preference chrome80=80.0.3987.106 (valid until 2020-02-25 14:11:43)
2020-02-24 14:11:43,107 [main] TRACE  i.g.bonigarcia.wdm.WebDriverManager(634) - Using preferences true
2020-02-24 14:11:43,107 [main] DEBUG  i.g.bonigarcia.wdm.WebDriverManager(564) - Driver chromedriver 80.0.3987.106 found in cache
2020-02-24 14:11:43,108 [main] INFO   i.g.bonigarcia.wdm.WebDriverManager(1113) - Exporting webdriver.chrome.driver as C:\Users\kongara.sravan\.m2\repository\webdriver\chromedriver\win32\80.0.3987.106\chromedriver.exe
2020-02-24 14:11:47,965 [main] INFO   com.yodlee.core.base.CoreBasePage(29) - **********************************************
2020-02-24 14:11:47,965 [main] INFO   com.yodlee.core.base.CoreBasePage(30) - Scenario :: 'To login to wellness regular environment' has started
2020-02-24 14:11:49,379 [main] INFO   com.yodlee.core.base.CoreBasePage(65) - Logical name : LoginPage.Username ---- Value Entered: wr6
2020-02-24 14:11:49,552 [main] INFO   com.yodlee.core.base.CoreBasePage(65) - Logical name : LoginPage.Password ---- Value Entered: Yodlee@123
2020-02-24 14:11:49,708 [main] INFO   com.yodlee.core.base.CoreBasePage(65) - Logical name : LoginPage.FinApp ---- Value Entered: 10003700
2020-02-24 14:11:52,145 [main] INFO   com.yodlee.core.base.CoreBasePage(75) - ---clicked LoginPage.Login
