2020-03-26 13:04:10,310 [main] INFO   LoginTestRunner(25) - Browser :: chrome
2020-03-26 13:04:10,318 [main] INFO   LoginTestRunner(26) - Environment :: YCOM_L1
2020-03-26 13:04:11,184 [main] TRACE  i.g.bonigarcia.wdm.WebDriverManager(634) - Using preferences true
2020-03-26 13:04:11,186 [main] DEBUG  i.github.bonigarcia.wdm.Preferences(118) - Preference chrome=80 (valid until 2020-03-27 11:00:44)
2020-03-26 13:04:11,186 [main] TRACE  i.g.bonigarcia.wdm.WebDriverManager(601) - Detected Google Chrome version 80
2020-03-26 13:04:11,187 [main] TRACE  i.g.bonigarcia.wdm.WebDriverManager(634) - Using preferences true
2020-03-26 13:04:11,192 [main] DEBUG  i.github.bonigarcia.wdm.Preferences(118) - Preference chrome80=80.0.3987.106 (valid until 2020-03-27 11:00:44)
2020-03-26 13:04:11,193 [main] INFO   i.g.bonigarcia.wdm.WebDriverManager(615) - Using chromedriver 80.0.3987.106 (since Google Chrome 80 is installed in your machine)
2020-03-26 13:04:11,193 [main] TRACE  i.g.bonigarcia.wdm.WebDriverManager(536) - Managing chromedriver arch=64 version=80.0.3987.106 getLatest=false cache=false
2020-03-26 13:04:11,193 [main] TRACE  i.g.bonigarcia.wdm.WebDriverManager(868) - Checking if chromedriver exists in cache
2020-03-26 13:04:11,194 [main] TRACE  io.github.bonigarcia.wdm.Downloader(116) - Target path C:\Users\jnanesh.m/.m2/repository/webdriver
2020-03-26 13:04:11,209 [main] TRACE  i.g.bonigarcia.wdm.WebDriverManager(920) - Filter cache by chromedriver -- input list [C:\Users\jnanesh.m\.m2\repository\webdriver\chromedriver\win32\80.0.3987.106\chromedriver.exe] -- output list [C:\Users\jnanesh.m\.m2\repository\webdriver\chromedriver\win32\80.0.3987.106\chromedriver.exe] 
2020-03-26 13:04:11,210 [main] TRACE  i.g.bonigarcia.wdm.WebDriverManager(920) - Filter cache by 80.0.3987.106 -- input list [C:\Users\jnanesh.m\.m2\repository\webdriver\chromedriver\win32\80.0.3987.106\chromedriver.exe] -- output list [C:\Users\jnanesh.m\.m2\repository\webdriver\chromedriver\win32\80.0.3987.106\chromedriver.exe] 
2020-03-26 13:04:11,210 [main] TRACE  i.g.bonigarcia.wdm.WebDriverManager(920) - Filter cache by WIN -- input list [C:\Users\jnanesh.m\.m2\repository\webdriver\chromedriver\win32\80.0.3987.106\chromedriver.exe] -- output list [C:\Users\jnanesh.m\.m2\repository\webdriver\chromedriver\win32\80.0.3987.106\chromedriver.exe] 
2020-03-26 13:04:11,212 [main] TRACE  i.g.bonigarcia.wdm.WebDriverManager(634) - Using preferences true
2020-03-26 13:04:11,213 [main] TRACE  i.g.bonigarcia.wdm.WebDriverManager(634) - Using preferences true
2020-03-26 13:04:11,213 [main] DEBUG  i.g.bonigarcia.wdm.WebDriverManager(564) - Driver chromedriver 80.0.3987.106 found in cache
2020-03-26 13:04:11,214 [main] INFO   i.g.bonigarcia.wdm.WebDriverManager(1113) - Exporting webdriver.chrome.driver as C:\Users\jnanesh.m\.m2\repository\webdriver\chromedriver\win32\80.0.3987.106\chromedriver.exe
2020-03-26 13:04:16,602 [main] INFO   com.yodlee.core.base.CoreBasePage(31) - **********************************************
2020-03-26 13:04:16,602 [main] INFO   com.yodlee.core.base.CoreBasePage(32) - Scenario :: 'To login to wellness regular environment' has started
2020-03-26 13:04:18,413 [main] INFO   com.yodlee.core.base.CoreBasePage(1641) - succesfully sent the keys:: "Wr200" to the input box of element:: [[ChromeDriver: chrome on WINDOWS (8391cc5166637704c8298cfd10978273)] -> xpath: //*[@name='login']]
2020-03-26 13:04:18,414 [main] INFO   com.yodlee.core.base.CoreBasePage(117) - Logical name : LoginPage.Username ---- Value Entered: Wr200
2020-03-26 13:04:18,870 [main] INFO   com.yodlee.core.base.CoreBasePage(1641) - succesfully sent the keys:: "Yodlee@123" to the input box of element:: [[ChromeDriver: chrome on WINDOWS (8391cc5166637704c8298cfd10978273)] -> xpath: //*[@name='password']]
2020-03-26 13:04:18,871 [main] INFO   com.yodlee.core.base.CoreBasePage(117) - Logical name : LoginPage.Password ---- Value Entered: Yodlee@123
2020-03-26 13:04:19,240 [main] INFO   com.yodlee.core.base.CoreBasePage(1641) - succesfully sent the keys:: "10003700" to the input box of element:: [[ChromeDriver: chrome on WINDOWS (8391cc5166637704c8298cfd10978273)] -> xpath: //*[@name='app']]
2020-03-26 13:04:19,241 [main] INFO   com.yodlee.core.base.CoreBasePage(117) - Logical name : LoginPage.FinApp ---- Value Entered: 10003700
2020-03-26 13:04:21,579 [main] INFO   com.yodlee.core.base.CoreBasePage(141) - ---clicked LoginPage.Login
2020-03-26 13:04:22,144 [main] INFO   com.yodlee.core.base.CoreBasePage(31) - **********************************************
2020-03-26 13:04:22,144 [main] INFO   com.yodlee.core.base.CoreBasePage(32) - Scenario :: 'Add an aggregated account in application' has started
2020-03-26 13:04:28,033 [main] INFO   com.yodlee.core.base.CoreBasePage(1583) - Clicking on element [By.cssSelector: #link-account-button-persist]
2020-03-26 13:04:28,069 [main] INFO   com.yodlee.core.base.CoreBasePage(788) - Scrolling element to middle...
2020-03-26 13:04:30,604 [main] INFO   com.yodlee.core.base.CoreBasePage(1641) - succesfully sent the keys:: "Dag Site" to the input box of element:: [[ChromeDriver: chrome on WINDOWS (8391cc5166637704c8298cfd10978273)] -> id: siteSearch]
2020-03-26 13:04:30,605 [main] INFO   com.yodlee.core.base.CoreBasePage(117) - Logical name : LinkAccountPopup.siteSearchInputBox ---- Value Entered: Dag Site
2020-03-26 13:04:30,633 [main] INFO   com.yodlee.core.base.CoreBasePage(1462) - Waiting for element to be present in DOM 0 seconds element:: By.cssSelector: .siteName
2020-03-26 13:04:31,684 [main] INFO   com.yodlee.core.base.CoreBasePage(788) - Scrolling element to middle...
2020-03-26 13:04:33,581 [main] INFO   com.yodlee.core.base.CoreBasePage(1641) - succesfully sent the keys:: "budget.site16441.1" to the input box of element:: [[ChromeDriver: chrome on WINDOWS (8391cc5166637704c8298cfd10978273)] -> xpath: //input[@name="LOGIN" or @aria-label="Username"]]
2020-03-26 13:04:33,581 [main] INFO   com.yodlee.core.base.CoreBasePage(117) - Logical name : LinkAccountPopup.usernameInputBox ---- Value Entered: budget.site16441.1
2020-03-26 13:04:34,052 [main] INFO   com.yodlee.core.base.CoreBasePage(1641) - succesfully sent the keys:: "site16441.1" to the input box of element:: [[ChromeDriver: chrome on WINDOWS (8391cc5166637704c8298cfd10978273)] -> xpath: //input[@name='PASSWORD' or @aria-label='Password']]
2020-03-26 13:04:34,052 [main] INFO   com.yodlee.core.base.CoreBasePage(117) - Logical name : LinkAccountPopup.passwordInputBox ---- Value Entered: site16441.1
2020-03-26 13:04:34,621 [main] INFO   com.yodlee.core.base.CoreBasePage(1641) - succesfully sent the keys:: "site16441.1" to the input box of element:: [[ChromeDriver: chrome on WINDOWS (8391cc5166637704c8298cfd10978273)] -> xpath: //input[@name='Re-enter_PASSWORD' or @aria-label='Re-enter Password']]
2020-03-26 13:04:34,622 [main] INFO   com.yodlee.core.base.CoreBasePage(117) - Logical name : LinkAccountPopup.re-EnterPasswordInputBox ---- Value Entered: site16441.1
2020-03-26 13:04:34,934 [main] INFO   com.yodlee.core.base.CoreBasePage(141) - ---clicked LinkAccountPopup.sumitbutton
2020-03-26 13:05:34,957 [main] INFO   com.yodlee.core.base.CoreBasePage(342) - TimeoutException: LinkAccountPopup.accountAddedSuccessfully  is not shown in given time
2020-03-26 13:05:34,958 [main] INFO   com.yodlee.core.base.CoreBasePage(71) - Logical name : LinkAccountPopup.accountAddedSuccessfully ---- Expected Value : Congratulations! Your accounts have been linked. ---- Actual Value : 
2020-03-26 13:06:34,975 [main] INFO   com.yodlee.core.base.CoreBasePage(342) - TimeoutException: LinkAccountPopup.accountAddedSuccessfully  is not shown in given time
2020-03-26 13:06:35,961 [main] INFO   com.yodlee.core.base.CoreBasePage(31) - **********************************************
2020-03-26 13:06:35,961 [main] INFO   com.yodlee.core.base.CoreBasePage(32) - Scenario :: 'Verify Dashboard' has started
2020-03-26 13:07:36,708 [main] INFO   com.yodlee.core.base.CoreBasePage(342) - TimeoutException: DashboardPage.header  is not shown in given time
2020-03-26 13:07:36,708 [main] INFO   com.yodlee.core.base.CoreBasePage(103) - Logical name : DashboardPage.header ---- Expected Value : #174271 ---- Actual Value : 
2020-03-26 13:08:36,737 [main] INFO   com.yodlee.core.base.CoreBasePage(342) - TimeoutException: DashboardPage.header  is not shown in given time
2020-03-26 13:08:37,662 [main] INFO   com.yodlee.core.base.CoreBasePage(31) - **********************************************
2020-03-26 13:08:37,662 [main] INFO   com.yodlee.core.base.CoreBasePage(32) - Scenario :: 'verify fincheck disclaimer message in dashboard' has started
2020-03-26 13:09:38,342 [main] INFO   com.yodlee.core.base.CoreBasePage(342) - TimeoutException: DashboardPage.FincheckDisclaimerMessage  is not shown in given time
2020-03-26 13:09:38,343 [main] INFO   com.yodlee.core.base.CoreBasePage(71) - Logical name : DashboardPage.FincheckDisclaimerMessage ---- Expected Value : A digital assistant that organizes and measures your financial health. So you know exactly where you stand at any given time and what you should do next. ---- Actual Value : 
2020-03-26 13:09:42,626 [main] INFO   com.yodlee.core.base.CoreBasePage(31) - **********************************************
2020-03-26 13:09:42,629 [main] INFO   com.yodlee.core.base.CoreBasePage(32) - Scenario :: 'verify accounts in the dashboard' has started
2020-03-26 13:09:42,707 [main] ERROR  com.yodlee.core.base.CoreBasePage(1471) - Element is not present in DOM element:: By.xpath: //*[@autoid='accounts-container-level-low']//div[contains(@class,'account-details')]//span[@class='ellipsis']
