2020-11-16 22:39:12,194 [main] INFO   LoginTestRunner(25) - Browser :: chrome
2020-11-16 22:39:12,209 [main] INFO   LoginTestRunner(26) - Environment :: YCOM_L1
2020-11-16 22:39:13,504 [main] TRACE  i.g.bonigarcia.wdm.WebDriverManager(634) - Using preferences true
2020-11-16 22:39:13,509 [main] DEBUG  i.github.bonigarcia.wdm.Preferences(118) - Preference chrome=86 (valid until 2020-11-17 22:00:33)
2020-11-16 22:39:13,510 [main] TRACE  i.g.bonigarcia.wdm.WebDriverManager(601) - Detected Google Chrome version 86
2020-11-16 22:39:13,513 [main] TRACE  i.g.bonigarcia.wdm.WebDriverManager(634) - Using preferences true
2020-11-16 22:39:13,518 [main] DEBUG  i.github.bonigarcia.wdm.Preferences(118) - Preference chrome86=86.0.4240.22 (valid until 2020-11-17 22:00:33)
2020-11-16 22:39:13,519 [main] INFO   i.g.bonigarcia.wdm.WebDriverManager(615) - Using chromedriver 86.0.4240.22 (since Google Chrome 86 is installed in your machine)
2020-11-16 22:39:13,521 [main] TRACE  i.g.bonigarcia.wdm.WebDriverManager(536) - Managing chromedriver arch=64 version=86.0.4240.22 getLatest=false cache=false
2020-11-16 22:39:13,521 [main] TRACE  i.g.bonigarcia.wdm.WebDriverManager(868) - Checking if chromedriver exists in cache
2020-11-16 22:39:13,523 [main] TRACE  io.github.bonigarcia.wdm.Downloader(116) - Target path C:\Users\jnanesh.m/.m2/repository/webdriver
2020-11-16 22:39:13,552 [main] TRACE  i.g.bonigarcia.wdm.WebDriverManager(920) - Filter cache by chromedriver -- input list [C:\Users\jnanesh.m\.m2\repository\webdriver\chromedriver\win32\80.0.3987.106\chromedriver.exe, C:\Users\jnanesh.m\.m2\repository\webdriver\chromedriver\win32\81.0.4044.138\chromedriver.exe, C:\Users\jnanesh.m\.m2\repository\webdriver\chromedriver\win32\84.0.4147.30\chromedriver.exe, C:\Users\jnanesh.m\.m2\repository\webdriver\chromedriver\win32\85.0.4183.87\chromedriver.exe, C:\Users\jnanesh.m\.m2\repository\webdriver\chromedriver\win32\86.0.4240.22\chromedriver.exe] -- output list [C:\Users\jnanesh.m\.m2\repository\webdriver\chromedriver\win32\80.0.3987.106\chromedriver.exe, C:\Users\jnanesh.m\.m2\repository\webdriver\chromedriver\win32\81.0.4044.138\chromedriver.exe, C:\Users\jnanesh.m\.m2\repository\webdriver\chromedriver\win32\84.0.4147.30\chromedriver.exe, C:\Users\jnanesh.m\.m2\repository\webdriver\chromedriver\win32\85.0.4183.87\chromedriver.exe, C:\Users\jnanesh.m\.m2\repository\webdriver\chromedriver\win32\86.0.4240.22\chromedriver.exe] 
2020-11-16 22:39:13,553 [main] TRACE  i.g.bonigarcia.wdm.WebDriverManager(920) - Filter cache by 86.0.4240.22 -- input list [C:\Users\jnanesh.m\.m2\repository\webdriver\chromedriver\win32\80.0.3987.106\chromedriver.exe, C:\Users\jnanesh.m\.m2\repository\webdriver\chromedriver\win32\81.0.4044.138\chromedriver.exe, C:\Users\jnanesh.m\.m2\repository\webdriver\chromedriver\win32\84.0.4147.30\chromedriver.exe, C:\Users\jnanesh.m\.m2\repository\webdriver\chromedriver\win32\85.0.4183.87\chromedriver.exe, C:\Users\jnanesh.m\.m2\repository\webdriver\chromedriver\win32\86.0.4240.22\chromedriver.exe] -- output list [C:\Users\jnanesh.m\.m2\repository\webdriver\chromedriver\win32\86.0.4240.22\chromedriver.exe] 
2020-11-16 22:39:13,554 [main] TRACE  i.g.bonigarcia.wdm.WebDriverManager(920) - Filter cache by WIN -- input list [C:\Users\jnanesh.m\.m2\repository\webdriver\chromedriver\win32\86.0.4240.22\chromedriver.exe] -- output list [C:\Users\jnanesh.m\.m2\repository\webdriver\chromedriver\win32\86.0.4240.22\chromedriver.exe] 
2020-11-16 22:39:13,558 [main] TRACE  i.g.bonigarcia.wdm.WebDriverManager(634) - Using preferences true
2020-11-16 22:39:13,562 [main] TRACE  i.g.bonigarcia.wdm.WebDriverManager(634) - Using preferences true
2020-11-16 22:39:13,563 [main] DEBUG  i.g.bonigarcia.wdm.WebDriverManager(564) - Driver chromedriver 86.0.4240.22 found in cache
2020-11-16 22:39:13,566 [main] INFO   i.g.bonigarcia.wdm.WebDriverManager(1113) - Exporting webdriver.chrome.driver as C:\Users\jnanesh.m\.m2\repository\webdriver\chromedriver\win32\86.0.4240.22\chromedriver.exe
2020-11-16 22:39:18,967 [main] INFO   com.page500.core.base.CoreBasePage(31) - **********************************************
2020-11-16 22:39:18,968 [main] INFO   com.page500.core.base.CoreBasePage(32) - Scenario :: 'Validate Selling and Buying Price' has started
2020-11-16 22:39:22,447 [main] INFO   com.page500.core.base.CoreBasePage(141) - ---clicked LoginPage.DemoMode
2020-11-16 22:39:22,608 [main] INFO   com.page500.core.base.CoreBasePage(342) - TimeoutException: LoginPage.LoginTab  is not shown in given time
2020-11-16 22:39:22,609 [main] INFO   com.page500.core.base.CoreBasePage(141) - ---clicked LoginPage.LoginTab
