2020-02-19 13:20:59,594 [main] INFO   LoginTestRunner(27) - Browser :: chrome
2020-02-19 13:20:59,601 [main] INFO   LoginTestRunner(28) - Environment :: YCOM_L1
2020-02-19 13:20:59,778 [main] TRACE  i.g.bonigarcia.wdm.WebDriverManager(634) - Using preferences true
2020-02-19 13:20:59,781 [main] DEBUG  i.github.bonigarcia.wdm.Preferences(118) - Preference chrome=80 (valid until 2020-02-20 12:57:09)
2020-02-19 13:20:59,781 [main] TRACE  i.g.bonigarcia.wdm.WebDriverManager(601) - Detected Google Chrome version 80
2020-02-19 13:20:59,782 [main] TRACE  i.g.bonigarcia.wdm.WebDriverManager(634) - Using preferences true
2020-02-19 13:20:59,783 [main] DEBUG  i.github.bonigarcia.wdm.Preferences(118) - Preference chrome80=80.0.3987.106 (valid until 2020-02-20 12:57:09)
2020-02-19 13:20:59,783 [main] INFO   i.g.bonigarcia.wdm.WebDriverManager(615) - Using chromedriver 80.0.3987.106 (since Google Chrome 80 is installed in your machine)
2020-02-19 13:20:59,784 [main] TRACE  i.g.bonigarcia.wdm.WebDriverManager(536) - Managing chromedriver arch=64 version=80.0.3987.106 getLatest=false cache=false
2020-02-19 13:20:59,784 [main] TRACE  i.g.bonigarcia.wdm.WebDriverManager(868) - Checking if chromedriver exists in cache
2020-02-19 13:20:59,785 [main] TRACE  io.github.bonigarcia.wdm.Downloader(116) - Target path C:\Users\kongara.sravan/.m2/repository/webdriver
2020-02-19 13:20:59,804 [main] TRACE  i.g.bonigarcia.wdm.WebDriverManager(920) - Filter cache by chromedriver -- input list [C:\Users\kongara.sravan\.m2\repository\webdriver\chromedriver\win32\78.0.3904.105\chromedriver.exe, C:\Users\kongara.sravan\.m2\repository\webdriver\chromedriver\win32\78.0.3904.11\chromedriver.exe, C:\Users\kongara.sravan\.m2\repository\webdriver\chromedriver\win32\78.0.3904.70\chromedriver.exe, C:\Users\kongara.sravan\.m2\repository\webdriver\chromedriver\win32\79.0.3945.36\chromedriver.exe, C:\Users\kongara.sravan\.m2\repository\webdriver\chromedriver\win32\80.0.3987.106\chromedriver.exe, C:\Users\kongara.sravan\.m2\repository\webdriver\chromedriver\win32\80.0.3987.16\chromedriver.exe, C:\Users\kongara.sravan\.m2\repository\webdriver\geckodriver\win64\0.26.0\geckodriver.exe] -- output list [C:\Users\kongara.sravan\.m2\repository\webdriver\chromedriver\win32\78.0.3904.105\chromedriver.exe, C:\Users\kongara.sravan\.m2\repository\webdriver\chromedriver\win32\78.0.3904.11\chromedriver.exe, C:\Users\kongara.sravan\.m2\repository\webdriver\chromedriver\win32\78.0.3904.70\chromedriver.exe, C:\Users\kongara.sravan\.m2\repository\webdriver\chromedriver\win32\79.0.3945.36\chromedriver.exe, C:\Users\kongara.sravan\.m2\repository\webdriver\chromedriver\win32\80.0.3987.106\chromedriver.exe, C:\Users\kongara.sravan\.m2\repository\webdriver\chromedriver\win32\80.0.3987.16\chromedriver.exe] 
2020-02-19 13:20:59,804 [main] TRACE  i.g.bonigarcia.wdm.WebDriverManager(920) - Filter cache by 80.0.3987.106 -- input list [C:\Users\kongara.sravan\.m2\repository\webdriver\chromedriver\win32\78.0.3904.105\chromedriver.exe, C:\Users\kongara.sravan\.m2\repository\webdriver\chromedriver\win32\78.0.3904.11\chromedriver.exe, C:\Users\kongara.sravan\.m2\repository\webdriver\chromedriver\win32\78.0.3904.70\chromedriver.exe, C:\Users\kongara.sravan\.m2\repository\webdriver\chromedriver\win32\79.0.3945.36\chromedriver.exe, C:\Users\kongara.sravan\.m2\repository\webdriver\chromedriver\win32\80.0.3987.106\chromedriver.exe, C:\Users\kongara.sravan\.m2\repository\webdriver\chromedriver\win32\80.0.3987.16\chromedriver.exe] -- output list [C:\Users\kongara.sravan\.m2\repository\webdriver\chromedriver\win32\80.0.3987.106\chromedriver.exe] 
2020-02-19 13:20:59,805 [main] TRACE  i.g.bonigarcia.wdm.WebDriverManager(920) - Filter cache by WIN -- input list [C:\Users\kongara.sravan\.m2\repository\webdriver\chromedriver\win32\80.0.3987.106\chromedriver.exe] -- output list [C:\Users\kongara.sravan\.m2\repository\webdriver\chromedriver\win32\80.0.3987.106\chromedriver.exe] 
2020-02-19 13:20:59,806 [main] TRACE  i.g.bonigarcia.wdm.WebDriverManager(634) - Using preferences true
2020-02-19 13:20:59,807 [main] TRACE  i.g.bonigarcia.wdm.WebDriverManager(634) - Using preferences true
2020-02-19 13:20:59,808 [main] DEBUG  i.g.bonigarcia.wdm.WebDriverManager(564) - Driver chromedriver 80.0.3987.106 found in cache
2020-02-19 13:20:59,810 [main] INFO   i.g.bonigarcia.wdm.WebDriverManager(1113) - Exporting webdriver.chrome.driver as C:\Users\kongara.sravan\.m2\repository\webdriver\chromedriver\win32\80.0.3987.106\chromedriver.exe
2020-02-19 13:21:17,623 [main] INFO   com.yodlee.core.base.CoreBasePage(63) - Logical name : LoginPage.Username ---- Value Entered: Jnanesh.m
2020-02-19 13:21:22,847 [main] INFO   com.yodlee.core.base.CoreBasePage(63) - Logical name : LoginPage.Password ---- Value Entered: Test@123
2020-02-19 13:21:23,009 [main] INFO   com.yodlee.core.base.CoreBasePage(73) - ---clicked LoginPage.Login
