2020-11-17 12:21:20,955 [main] INFO   LoginTestRunner(25) - Browser :: chrome
2020-11-17 12:21:20,960 [main] INFO   LoginTestRunner(26) - Environment :: YCOM_L1
2020-11-17 12:21:21,353 [main] TRACE  i.g.bonigarcia.wdm.WebDriverManager(634) - Using preferences true
2020-11-17 12:21:21,354 [main] DEBUG  i.github.bonigarcia.wdm.Preferences(118) - Preference chrome=86 (valid until 2020-11-17 22:00:33)
2020-11-17 12:21:21,354 [main] TRACE  i.g.bonigarcia.wdm.WebDriverManager(601) - Detected Google Chrome version 86
2020-11-17 12:21:21,356 [main] TRACE  i.g.bonigarcia.wdm.WebDriverManager(634) - Using preferences true
2020-11-17 12:21:21,360 [main] DEBUG  i.github.bonigarcia.wdm.Preferences(118) - Preference chrome86=86.0.4240.22 (valid until 2020-11-17 22:00:33)
2020-11-17 12:21:21,361 [main] INFO   i.g.bonigarcia.wdm.WebDriverManager(615) - Using chromedriver 86.0.4240.22 (since Google Chrome 86 is installed in your machine)
2020-11-17 12:21:21,361 [main] TRACE  i.g.bonigarcia.wdm.WebDriverManager(536) - Managing chromedriver arch=64 version=86.0.4240.22 getLatest=false cache=false
2020-11-17 12:21:21,361 [main] TRACE  i.g.bonigarcia.wdm.WebDriverManager(868) - Checking if chromedriver exists in cache
2020-11-17 12:21:21,361 [main] TRACE  io.github.bonigarcia.wdm.Downloader(116) - Target path C:\Users\jnanesh.m/.m2/repository/webdriver
2020-11-17 12:21:21,371 [main] TRACE  i.g.bonigarcia.wdm.WebDriverManager(920) - Filter cache by chromedriver -- input list [C:\Users\jnanesh.m\.m2\repository\webdriver\chromedriver\win32\80.0.3987.106\chromedriver.exe, C:\Users\jnanesh.m\.m2\repository\webdriver\chromedriver\win32\81.0.4044.138\chromedriver.exe, C:\Users\jnanesh.m\.m2\repository\webdriver\chromedriver\win32\84.0.4147.30\chromedriver.exe, C:\Users\jnanesh.m\.m2\repository\webdriver\chromedriver\win32\85.0.4183.87\chromedriver.exe, C:\Users\jnanesh.m\.m2\repository\webdriver\chromedriver\win32\86.0.4240.22\chromedriver.exe] -- output list [C:\Users\jnanesh.m\.m2\repository\webdriver\chromedriver\win32\80.0.3987.106\chromedriver.exe, C:\Users\jnanesh.m\.m2\repository\webdriver\chromedriver\win32\81.0.4044.138\chromedriver.exe, C:\Users\jnanesh.m\.m2\repository\webdriver\chromedriver\win32\84.0.4147.30\chromedriver.exe, C:\Users\jnanesh.m\.m2\repository\webdriver\chromedriver\win32\85.0.4183.87\chromedriver.exe, C:\Users\jnanesh.m\.m2\repository\webdriver\chromedriver\win32\86.0.4240.22\chromedriver.exe] 
2020-11-17 12:21:21,371 [main] TRACE  i.g.bonigarcia.wdm.WebDriverManager(920) - Filter cache by 86.0.4240.22 -- input list [C:\Users\jnanesh.m\.m2\repository\webdriver\chromedriver\win32\80.0.3987.106\chromedriver.exe, C:\Users\jnanesh.m\.m2\repository\webdriver\chromedriver\win32\81.0.4044.138\chromedriver.exe, C:\Users\jnanesh.m\.m2\repository\webdriver\chromedriver\win32\84.0.4147.30\chromedriver.exe, C:\Users\jnanesh.m\.m2\repository\webdriver\chromedriver\win32\85.0.4183.87\chromedriver.exe, C:\Users\jnanesh.m\.m2\repository\webdriver\chromedriver\win32\86.0.4240.22\chromedriver.exe] -- output list [C:\Users\jnanesh.m\.m2\repository\webdriver\chromedriver\win32\86.0.4240.22\chromedriver.exe] 
2020-11-17 12:21:21,371 [main] TRACE  i.g.bonigarcia.wdm.WebDriverManager(920) - Filter cache by WIN -- input list [C:\Users\jnanesh.m\.m2\repository\webdriver\chromedriver\win32\86.0.4240.22\chromedriver.exe] -- output list [C:\Users\jnanesh.m\.m2\repository\webdriver\chromedriver\win32\86.0.4240.22\chromedriver.exe] 
2020-11-17 12:21:21,372 [main] TRACE  i.g.bonigarcia.wdm.WebDriverManager(634) - Using preferences true
2020-11-17 12:21:21,373 [main] TRACE  i.g.bonigarcia.wdm.WebDriverManager(634) - Using preferences true
2020-11-17 12:21:21,374 [main] DEBUG  i.g.bonigarcia.wdm.WebDriverManager(564) - Driver chromedriver 86.0.4240.22 found in cache
2020-11-17 12:21:21,374 [main] INFO   i.g.bonigarcia.wdm.WebDriverManager(1113) - Exporting webdriver.chrome.driver as C:\Users\jnanesh.m\.m2\repository\webdriver\chromedriver\win32\86.0.4240.22\chromedriver.exe
2020-11-17 12:21:25,349 [main] INFO   c.p.core.base.Page500CoreBasePage(31) - **********************************************
2020-11-17 12:21:25,350 [main] INFO   c.p.core.base.Page500CoreBasePage(32) - Scenario :: 'Validate Selling and Buying Price' has started
2020-11-17 12:21:28,018 [main] INFO   c.p.core.base.Page500CoreBasePage(150) - ---clicked LoginPage.DemoMode
2020-11-17 12:21:28,268 [main] INFO   c.p.core.base.Page500CoreBasePage(150) - ---clicked LoginPage.LoginTab
2020-11-17 12:21:28,622 [main] INFO   c.p.core.base.Page500CoreBasePage(129) - succesfully sent the keys:: "cm.jnanesh@gmail.com" to the input box of element:: [[ChromeDriver: chrome on WINDOWS (cad31e700cbb282c3f3a2f993093fdac)] -> xpath: //input[@id='email']]
2020-11-17 12:21:28,622 [main] INFO   c.p.core.base.Page500CoreBasePage(121) - Logical name : LoginPage.UserEmail ---- Value Entered: cm.jnanesh@gmail.com
2020-11-17 12:21:28,860 [main] INFO   c.p.core.base.Page500CoreBasePage(129) - succesfully sent the keys:: "plus500_jna" to the input box of element:: [[ChromeDriver: chrome on WINDOWS (cad31e700cbb282c3f3a2f993093fdac)] -> xpath: //input[@id='password']]
2020-11-17 12:21:28,861 [main] INFO   c.p.core.base.Page500CoreBasePage(121) - Logical name : LoginPage.Password ---- Value Entered: plus500_jna
2020-11-17 12:21:29,033 [main] INFO   c.p.core.base.Page500CoreBasePage(150) - ---clicked LoginPage.Login
2020-11-17 12:21:29,083 [main] INFO   c.p.core.base.Page500CoreBasePage(68) - Expected Value : Plus500 WebTrader | Leading CFD Platform | Online Trading ---- Actual Value : Plus500 WebTrader | Leading CFD Platform | Online Trading
2020-11-17 12:21:33,395 [main] INFO   c.p.core.base.Page500CoreBasePage(129) - succesfully sent the keys:: "GBP/USD" to the input box of element:: [[ChromeDriver: chrome on WINDOWS (cad31e700cbb282c3f3a2f993093fdac)] -> xpath: //input[@id='main-search-input']]
2020-11-17 12:21:33,396 [main] INFO   c.p.core.base.Page500CoreBasePage(121) - Logical name : HomePage.Search ---- Value Entered: GBP/USD
2020-11-17 12:21:33,671 [main] INFO   c.p.core.base.Page500CoreBasePage(174) - ---clicked HomePage.Search
2020-11-17 12:21:34,023 [main] INFO   c.p.core.base.Page500CoreBasePage(262) - TimeoutException: HomePage.Sell  is not shown in given time
2020-11-17 12:21:34,024 [main] INFO   c.p.core.base.Page500CoreBasePage(79) - Logical name : HomePage.Sell ---- Expected Min : 1.2 ---- Expected Max : 1.4Actual Value : 
2020-11-17 12:21:34,519 [main] INFO   c.p.core.base.Page500CoreBasePage(262) - TimeoutException: HomePage.Sell  is not shown in given time
